"File: Bluetooth.c   Assembler  Version HGASM0202      Page 1


   1  0000              ; Generated by holtek-gcc v3.18, Thu Nov 01 19:11:34 2018
   2  0000              ; 
   3  0000              ; Configuration:
   4  0000              ;       with long instruction
   5  0000              ;       Multi-ROM, Multi-RAM
   6  0000              ;       bits_per_rom_unit:16
   7  0000              ;       with mp1
   8  0000              ;       with tbhp, address(0x9)
   9  0000              ;          Use tabrd-const
  10  0000              ;       
  11  0000              ; SFR address of long-instruction arch:
  12  0000              ;    mp0 = -1,1,0
  13  0000              ;    mp1 = 4,3,2
  14  0000              ;    mp2 = 14,13,12
  15  0000              ;    tbp = 9,7,8
  16  0000              ;    acc = 5
  17  0000              ;    pcl = 6
  18  0000              ;    status = 10
  19  0000              ;    bp = 11
  20  0000              ;    intc = 48
  21  0000              ;       
  22  0000              ;       
  23  0000              ; use 'tabrdc' instead of 'tabrd'
  24  0000              ;       
  25  0000              
  26  0000              #pragma translator "holtek-gcc 4.6.4" "3.18" "build 20130711"
  27  0000              ; Rebuild 521
  28  0000              
  29  0000              ir equ [2]
  30  0000              mp equ [3]
  31  0000              sbp equ [4]
  32  0000              acc equ [5]
  33  0000              bp equ [11]
  34  0000              tblp equ [7]
  35  0000              tbhp equ [9]
  36  0000              status equ [10]
  37  0000              c equ [10].0
  38  0000              ac equ [10].1
  39  0000              z equ [10].2
  40  0000              ov equ [10].3
  41  0000              cz equ [10].6
  42  0000              sc equ [10].7
  43  0000              intc equ [48]
  44  0000              
  45  0000              extern ra:byte
  46  0000              extern rb:byte
  47  0000              extern rc:byte
  48  0000              extern rd:byte
  49  0000              extern re:byte
  50  0000              extern rf:byte
  51  0000              extern rg:byte
  52  0000              extern rh:byte
  53  0000              extern _Crom2Prom:near
  54  0000              extern _Crom2PromNext:near
  55  0000              
  56  0000              RAMBANK 0 @BITDATASEC, @BITDATASEC1
  57  0000              @HCCINIT	.section 'data'
  58  0000              @HCCINIT0	.section 'data'
  59  0000              @BITDATASEC	 .section 'data'
"File: Bluetooth.ASM  Assembler  Version HGASM0202      Page 2

  60  0000              @BITDATASEC1	 .section 'data'
  61  0000              
  62  0000              #pragma debug scope 1 1
  63  0000              	extern __DELAY3:near
  64  0000              	extern __DELAYX3:near
  65  0000              	extern __DELAYX6:near
  66  0000              	extern __DELAYY5:near
  67  0000              	extern __DELAYY3:near
  68  0000              	extern _builtin_holtek_delay_2:byte
  69  0000              ___intc0 equ [48]
  70  0000              ___mfi0 equ [52]
  71  0000              public _ISR_tmr0_tmr2
  72  0000              #pragma debug scope 2 1

   8  0000              #line 8 "C:\Users\IIIT\Documents\HTK_Project\Bluetooth\Interrupt.h"
   8  0000              rombank 0 @ISR_tmr0_tmr2_code
   8  0000              @ISR_tmr0_tmr2_code .section at 20 'code'
   8  0000  0080     E  	mov r1,a
   8  0001  070B        	mov a,bp
   8  0002  1F0B        	clr bp
   8  0003  2800     R  	jmp _ISR_tmr0_tmr2
   8  0004              ROMBANK 0 _ISR_tmr0_tmr2
   8  0004              #pragma debug scope 1 1
   8  0004              @dummy20 endp
   8  0004              #pragma debug scope 3 1
   8  0000              _ISR_tmr0_tmr2 .section 'code'
   8  0000              _ISR_tmr0_tmr2 proc
   8  0000  0080     E  	mov r2,a
   8  0001  070A        	mov a, status
   8  0002  0080     E  	mov r3,a
  12  0003              #line 12 "C:\Users\IIIT\Documents\HTK_Project\Bluetooth\Interrupt.h"
  12  0003  3430        	clr [48].0
  13  0004              #line 13 "C:\Users\IIIT\Documents\HTK_Project\Bluetooth\Interrupt.h"
  13  0004  36B4        	clr [52].5
  14  0005              #line 14 "C:\Users\IIIT\Documents\HTK_Project\Bluetooth\Interrupt.h"
  14  0005  0F01        	mov a,1
  14  0006  0080     E  	mov _flag[0],a
  14  0007  1F00     E  	clr _flag[1]
  15  0008              #line 15 "C:\Users\IIIT\Documents\HTK_Project\Bluetooth\Interrupt.h"
  15  0008  3030        	set [48].0
  15  0009  0700     E  	mov a,r2
  15  000A  008B        	mov bp,a
  15  000B  0700     E  	mov a,r3
  15  000C  008A        	mov status,a
  15  000D  0700     E  	mov a,r1
  15  000E  0004        	reti
  15  000F              _ISR_tmr0_tmr2 endp
  15  000F              
  15  000F              #line 15 "C:\Users\IIIT\Documents\HTK_Project\Bluetooth\Interrupt.h"
  15  000F              #pragma debug scope 1 1
  15  000F              ___wdtc equ [62]
  15  0000              @crom	.section 'crom'
  15  0000              _LC0:
  15  0000              	db 038h,035h,00h
  15  0002              public _main
  15  0002              #pragma debug scope 4 1

  19  0002              #line 19 "C:\Users\IIIT\Documents\HTK_Project\Bluetooth\Bluetooth.c"
  19  0002              IFDEF WITH_DEFAULT_STARTUP
  19  0002              extern _main_initial0:near
"File: Bluetooth.c   Assembler  Version HGASM0202      Page 3

  19  0002              extern _main_startup:near
  19  0002              ENDIF
  19  0002              
  19  0002              ROMBANK 0 @start
  19  0000              @start .section com_l 'code'
  19  0000              _main_startup1:
  19  0000              @start .section com_e 'code'
  19  0000  0F00     R  	mov a,bank _main
  19  0001  008B        	mov bp,a
  19  0002  2800     R  	jmp _main
  19  0003              
  19  0000              _main .section 'code'
  19  0000              _main proc
  21  0000              #line 21 "C:\Users\IIIT\Documents\HTK_Project\Bluetooth\Bluetooth.c"
  21  0000  0FAB        	mov a,171
  21  0001  00BE        	mov [62],a
  23  0002              #line 23 "C:\Users\IIIT\Documents\HTK_Project\Bluetooth\Bluetooth.c"
  23  0002              	fcall _UART_INIT
  23  0009              _L3:
  25  0009              #line 25 "C:\Users\IIIT\Documents\HTK_Project\Bluetooth\Bluetooth.c"
  25  0009  0F00     R  	mov a,low offset _LC0
  25  000A  0080     E  	mov _Send_2[0],a
  25  000B  0F00     R  	mov a,high offset _LC0
  25  000C  0080     E  	mov _Send_2[1],a
  25  000D              	fcall _Send
  25  0014  2800     R  	jmp _L3
  25  0015  2800     R  	jmp $
  25  0016              _main endp
  25  0016              
  25  0016              @dummy endp
  25  0016              
  25  0016              #line 25 "C:\Users\IIIT\Documents\HTK_Project\Bluetooth\Bluetooth.c"
  25  0016              #pragma debug scope 1 1
  25  0016              public _delay1s
  25  0016              #pragma debug scope 5 1
  38  0016              #line 38 "C:\Users\IIIT\Documents\HTK_Project\Bluetooth\Bluetooth.c"
  38  0000              _delay1s .section 'code'
  38  0000              _delay1s proc
  38  0000  0003        	ret
  38  0001              _delay1s endp
  38  0001              #line 38 "C:\Users\IIIT\Documents\HTK_Project\Bluetooth\Bluetooth.c"
  38  0001              #pragma debug scope 1 1
  38  0001              #pragma debug struct_end
  38  0001              #pragma debug struct_end
  38  0001              #pragma debug union_end
  38  0001              #pragma debug union_end
  38  0001              #pragma debug variable 43 1 ___intc0 "__intc0" 1
  38  0001              #pragma debug struct_end
  38  0001              #pragma debug struct_end
  38  0001              #pragma debug union_end
  38  0001              #pragma debug union_end
  38  0001              #pragma debug variable 45 1 ___mfi0 "__mfi0" 1
  38  0001              #pragma debug struct_end
  38  0001              #pragma debug struct_end
  38  0001              #pragma debug union_end
  38  0001              #pragma debug union_end
  38  0001              #pragma debug variable 47 1 ___wdtc "__wdtc" 1
  38  0001              
  38  0001              ; output external variables
  38  0001              extern _flag:byte
"File: Bluetooth.c   Assembler  Version HGASM0202      Page 4

  38  0001              extern r1:byte
  38  0001              extern r2:byte
  38  0001              extern r3:byte
  19  0001              #line 19 "C:\Users\IIIT\Documents\HTK_Project\Bluetooth\Bluetooth.c"
  19  0000              @code .section at 0 'code'
  19  0000  1F0B        	clr bp
  19  0001  2800     R  	jmp _main_startup1
  19  0002              
  19  0002              extern _UART_INIT:near
  19  0002              extern _Send_2:byte
  19  0002              extern _Send:near
  19  0002              
  19  0002              ; 
  19  0002              ; Generated by holtek-gcc v3.18, Thu Nov 01 19:11:34 2018
  19  0002              ; Rebuild 521
  19  0002              ; end of file


        0 Errors, 0