"File: SourceCode.c  Assembler  Version HGASM0202      Page 1


   1  0000              ; Generated by holtek-gcc v3.13, Tue Jul 03 21:06:08 2018
   2  0000              ; 
   3  0000              ; Configuration:
   4  0000              ;       with long instruction
   5  0000              ;       Multi-ROM, Multi-RAM
   6  0000              ;       bits_per_rom_unit:16
   7  0000              ;       with mp1
   8  0000              ;       with tbhp, address(0x9)
   9  0000              ;          Use tabrd-const
  10  0000              ;       
  11  0000              ; SFR address of long-instruction arch:
  12  0000              ;    mp0 = -1,1,0
  13  0000              ;    mp1 = 4,3,2
  14  0000              ;    mp2 = 14,13,12
  15  0000              ;    tbp = 9,7,8
  16  0000              ;    acc = 5
  17  0000              ;    pcl = 6
  18  0000              ;    status = 10
  19  0000              ;    bp = 11
  20  0000              ;    intc = 48
  21  0000              ;       
  22  0000              ; use 'tabrdc' instead of 'tabrd'
  23  0000              ;       
  24  0000              
  25  0000              #pragma translator "holtek-gcc 4.6.4" "3.13" "build 20130711"
  26  0000              ; Rebuild 26
  27  0000              
  28  0000              ir equ [2]
  29  0000              mp equ [3]
  30  0000              sbp equ [4]
  31  0000              acc equ [5]
  32  0000              bp equ [11]
  33  0000              tblp equ [7]
  34  0000              tbhp equ [9]
  35  0000              status equ [10]
  36  0000              c equ [10].0
  37  0000              ac equ [10].1
  38  0000              z equ [10].2
  39  0000              ov equ [10].3
  40  0000              cz equ [10].6
  41  0000              sc equ [10].7
  42  0000              intc equ [48]
  43  0000              
  44  0000              extern ra:byte
  45  0000              extern rb:byte
  46  0000              extern rc:byte
  47  0000              extern rd:byte
  48  0000              extern re:byte
  49  0000              extern rf:byte
  50  0000              extern rg:byte
  51  0000              extern rh:byte
  52  0000              extern _Crom2Prom:near
  53  0000              extern _Crom2PromNext:near
  54  0000              @HCCINIT	.section 'data'
  55  0000              @HCCINIT0	.section 'data'
  56  0000              
  57  0000              #pragma debug scope 1 1
  58  0000              	extern __DELAY3:near
  59  0000              	extern __DELAYX3:near
"File: SourceCode.ASM  Assembler  Version HGASM0202      Page 2

  60  0000              	extern __DELAYX6:near
  61  0000              	extern __DELAYY5:near
  62  0000              	extern __DELAYY3:near
  63  0000              	extern _builtin_holtek_delay_2:byte
  64  0000              public _Delay100us
  65  0000              #pragma debug scope 2 1

  25  0000              #line 25 "D:\IIIT\Documents\HTK_Project\HT70A\SourceCode.c"
  25  0000              _Delay100us .section 'code'
  25  0000              _Delay100us proc
  25  0000              public _Delay100us_2
  25  0000  0002[           local _Delay100us_2 db 2 dup(?)	; 2,0
            00
            ]
  25  0002              #pragma debug variable 10 2 _Delay100us_2+0 "del"
  27  0000              #line 27 "D:\IIIT\Documents\HTK_Project\HT70A\SourceCode.c"
  27  0000  1F00     E  	clr rb
  27  0001  1F00     E  	clr rc
  27  0002              _L2:
  27  0002              #line 27 "D:\IIIT\Documents\HTK_Project\HT70A\SourceCode.c"
  27  0002  0700     E  	mov a,rb
  27  0003  0200     R  	sub a,_Delay100us_2[0]
  27  0004  0700     E  	mov a,rc
  27  0005  1200     R  	sbc a,_Delay100us_2[1]
  27  0006  3F0A        	sz cz
  27  0007  2800     R  	jmp _L1
  27  0008  1F00     E  	clr ra
  27  0009              _L5:
  28  0009              #line 28 "D:\IIIT\Documents\HTK_Project\HT70A\SourceCode.c"
  28  0009              ;# 28 "D:\IIIT\Documents\HTK_Project\HT70A\SourceCode.c" 1
  28  0009  0000        	nop
  28  000A  1480     E  	inc ra
  28  000B  0700     E  	mov a,ra
  28  000C  0A1A        	sub a,26
  28  000D  390A        	snz z
  28  000E  2800     R  	jmp _L5
  27  000F              #line 27 "D:\IIIT\Documents\HTK_Project\HT70A\SourceCode.c"
  27  000F  1480     E  	inc rb
  27  0010  3D0A        	sz z
  27  0011  1480     E  	inc rc
  27  0012  2800     R  	jmp _L2
  27  0013              _L1:
  27  0013  0003        	ret
  27  0014              _Delay100us endp
  27  0014              #line 27 "D:\IIIT\Documents\HTK_Project\HT70A\SourceCode.c"
  27  0014              #pragma debug scope 1 1
  27  0014              ___wdtc equ [62]
  27  0014              ___pdc equ [31]
  27  0014              ___pd equ [30]
  27  0014              public _main
  27  0014              #pragma debug scope 3 1
   7  0014              #line 7 "D:\IIIT\Documents\HTK_Project\HT70A\SourceCode.c"
   7  0014              IFDEF WITH_DEFAULT_STARTUP
   7  0014              extern _main_initial0:near
   7  0014              extern _main_startup:near
   7  0014              ENDIF
   7  0014              
   7  0014              ROMBANK 0 @start
   7  0000              @start .section com_l 'code'
   7  0000              _main_startup1:
"File: SourceCode.c  Assembler  Version HGASM0202      Page 3

   7  0000              @start .section com_e 'code'
   7  0000  0F00     R  	mov a,bank _main
   7  0001  008B        	mov bp,a
   7  0002  2800     R  	jmp _main
   7  0003              
   7  0000              _main .section 'code'
   7  0000              _main proc
   7  0000  00              local _main_2 db 1 dup(?)
   7  0001              #pragma debug variable 8 3 _main_2+0 "j"
   8  0000              #line 8 "D:\IIIT\Documents\HTK_Project\HT70A\SourceCode.c"
   8  0000  0FAF        	mov a,175
   8  0001  00BE        	mov [62],a
   9  0002              #line 9 "D:\IIIT\Documents\HTK_Project\HT70A\SourceCode.c"
   9  0002  1F1F        	clr [31]
  10  0003              #line 10 "D:\IIIT\Documents\HTK_Project\HT70A\SourceCode.c"
  10  0003  0FFE        	mov a,254
  10  0004  009E        	mov [30],a
  13  0005              #line 13 "D:\IIIT\Documents\HTK_Project\HT70A\SourceCode.c"
  13  0005  1F00     R  	clr _main_2[0]
  13  0006              _L8:
  13  0006              #line 13 "D:\IIIT\Documents\HTK_Project\HT70A\SourceCode.c"
  13  0006  0F06        	mov a,6
  13  0007  0200     R  	sub a,_main_2[0]
  13  0008  380A        	snz c
  13  0009  2800     R  	jmp _L11
  13  000A              _L9:
  15  000A              #line 15 "D:\IIIT\Documents\HTK_Project\HT70A\SourceCode.c"
  15  000A  0FE8        	mov a,-24
  15  000B  0080     R  	mov _Delay100us_2[0],a
  15  000C  0F03        	mov a,3
  15  000D  0080     R  	mov _Delay100us_2[1],a
  15  000E              	fcall _Delay100us
  16  0015              #line 16 "D:\IIIT\Documents\HTK_Project\HT70A\SourceCode.c"
  16  0015  071E        	mov a,[30]
  16  0016  0080     E  	mov rb,a
  16  0017  1F00     E  	clr rc
  16  0018  340A        	clr c
  16  0019  1A80     E  	rlc rb
  16  001A  1A80     E  	rlc rc
  16  001B  0700     E  	mov a,rb
  16  001C  0080     E  	mov ra,a
  16  001D  3000     E  	set ra.0
  16  001E  0700     E  	mov a,ra
  16  001F  009E        	mov [30],a
  13  0020              #line 13 "D:\IIIT\Documents\HTK_Project\HT70A\SourceCode.c"
  13  0020  1480     R  	inc _main_2[0]
  13  0021  2800     R  	jmp _L8
  13  0022              _L11:
  20  0022              #line 20 "D:\IIIT\Documents\HTK_Project\HT70A\SourceCode.c"
  20  0022  0FE8        	mov a,-24
  20  0023  0080     R  	mov _Delay100us_2[0],a
  20  0024  0F03        	mov a,3
  20  0025  0080     R  	mov _Delay100us_2[1],a
  20  0026              	fcall _Delay100us
  20  002D  191E        	rra [30]
  20  002E  0E7F        	and a,07fh
  20  002F  0080     E  	mov ra,a
  20  0030  3000     E  	set ra.7
  20  0031  0700     E  	mov a,ra
  20  0032  009E        	mov [30],a
"File: SourceCode.c  Assembler  Version HGASM0202      Page 4

  21  0033              #line 21 "D:\IIIT\Documents\HTK_Project\HT70A\SourceCode.c"
  21  0033  071E        	mov a,[30]
  21  0034  0AFE        	sub a,254
  21  0035  390A        	snz z
  21  0036  2800     R  	jmp _L11
  13  0037              #line 13 "D:\IIIT\Documents\HTK_Project\HT70A\SourceCode.c"
  13  0037  1F00     R  	clr _main_2[0]
  13  0038  2800     R  	jmp _L9
  13  0039  2800     R  	jmp $
  13  003A              _main endp
  13  003A              
  13  003A              @dummy endp
  13  003A              
  13  003A              #line 13 "D:\IIIT\Documents\HTK_Project\HT70A\SourceCode.c"
  13  003A              #pragma debug scope 1 1
  13  003A              #pragma debug struct_end
  13  003A              #pragma debug struct_end
  13  003A              #pragma debug union_end
  13  003A              #pragma debug union_end
  13  003A              #pragma debug variable 43 1 ___pd "__pd" 1
  13  003A              #pragma debug struct_end
  13  003A              #pragma debug struct_end
  13  003A              #pragma debug union_end
  13  003A              #pragma debug union_end
  13  003A              #pragma debug variable 45 1 ___pdc "__pdc" 1
  13  003A              #pragma debug struct_end
  13  003A              #pragma debug struct_end
  13  003A              #pragma debug union_end
  13  003A              #pragma debug union_end
  13  003A              #pragma debug variable 47 1 ___wdtc "__wdtc" 1
  13  003A              IFDEF ISR_SYSTEM_STACK_BEFORE_2014_12_23
  13  003A              ELSE
  13  003A              ENDIF
   7  003A              #line 7 "D:\IIIT\Documents\HTK_Project\HT70A\SourceCode.c"
   7  0000              @code .section at 0 'code'
   7  0000  1F0B        	clr bp
   7  0001  2800     R  	jmp _main_startup1
   7  0002              
   7  0002              
   7  0002              ; 
   7  0002              ; Generated by holtek-gcc v3.13, Tue Jul 03 21:06:08 2018
   7  0002              ; Rebuild 26
   7  0002              ; end of file


        0 Errors, 0