"File: Sevro_TM_button.c  Assembler  Version HGASM0202      Page 1


   1  0000              ; Generated by holtek-gcc v3.18, Wed Nov 21 22:40:22 2018
   2  0000              ; 
   3  0000              ; Configuration:
   4  0000              ;       with long instruction
   5  0000              ;       Multi-ROM, Multi-RAM
   6  0000              ;       bits_per_rom_unit:16
   7  0000              ;       with mp1
   8  0000              ;       with tbhp, address(0x9)
   9  0000              ;          Use tabrd-const
  10  0000              ;       
  11  0000              ; SFR address of long-instruction arch:
  12  0000              ;    mp0 = -1,1,0
  13  0000              ;    mp1 = 4,3,2
  14  0000              ;    mp2 = 14,13,12
  15  0000              ;    tbp = 9,7,8
  16  0000              ;    acc = 5
  17  0000              ;    pcl = 6
  18  0000              ;    status = 10
  19  0000              ;    bp = 11
  20  0000              ;    intc = 48
  21  0000              ;       
  22  0000              ;       
  23  0000              ; use 'tabrdc' instead of 'tabrd'
  24  0000              ;       
  25  0000              
  26  0000              #pragma translator "holtek-gcc 4.6.4" "3.18" "build 20130711"
  27  0000              ; Rebuild 828
  28  0000              
  29  0000              ir equ [2]
  30  0000              mp equ [3]
  31  0000              sbp equ [4]
  32  0000              acc equ [5]
  33  0000              bp equ [11]
  34  0000              tblp equ [7]
  35  0000              tbhp equ [9]
  36  0000              status equ [10]
  37  0000              c equ [10].0
  38  0000              ac equ [10].1
  39  0000              z equ [10].2
  40  0000              ov equ [10].3
  41  0000              cz equ [10].6
  42  0000              sc equ [10].7
  43  0000              intc equ [48]
  44  0000              
  45  0000              extern ra:byte
  46  0000              extern rb:byte
  47  0000              extern rc:byte
  48  0000              extern rd:byte
  49  0000              extern re:byte
  50  0000              extern rf:byte
  51  0000              extern rg:byte
  52  0000              extern rh:byte
  53  0000              extern _Crom2Prom:near
  54  0000              extern _Crom2PromNext:near
  55  0000              
  56  0000              RAMBANK 0 @BITDATASEC, @BITDATASEC1
  57  0000              @HCCINIT	.section 'data'
  58  0000              @HCCINIT0	.section 'data'
  59  0000              @BITDATASEC	 .section 'data'
"File: Sevro_TM_button.ASM  Assembler  Version HGASM0202      Page 2

  60  0000              @BITDATASEC1	 .section 'data'
  61  0000              
  62  0000              #pragma debug scope 1 1
  63  0000              	extern __DELAY3:near
  64  0000              	extern __DELAYX3:near
  65  0000              	extern __DELAYX6:near
  66  0000              	extern __DELAYY5:near
  67  0000              	extern __DELAYY3:near
  68  0000              	extern _builtin_holtek_delay_2:byte
  69  0000              ___tm4c0 equ [336]
  70  0000              ___tm4c1 equ [337]
  71  0000              ___tm4al equ [340]
  72  0000              ___tm4ah equ [341]
  73  0000              ___tm0c0 equ [94]
  74  0000              ___tm0c1 equ [95]
  75  0000              ___tm2c0 equ [81]
  76  0000              ___tm2c1 equ [82]
  77  0000              ___intc3 equ [51]
  78  0000              ___mfi4 equ [56]
  79  0000              public _TM_Set
  80  0000              #pragma debug scope 2 1

 117  0000              #line 117 "C:\Users\Tsai\Desktop\DATATRAN\Sevro_TM_button.c"
 117  0000              _TM_Set .section 'code'
 117  0000              _TM_Set proc
 118  0000              #line 118 "C:\Users\Tsai\Desktop\DATATRAN\Sevro_TM_button.c"
 118  0000  0F20        	mov a,32
 118  0001  80D0 0001   	lmov [336],a
 119  0003              #line 119 "C:\Users\Tsai\Desktop\DATATRAN\Sevro_TM_button.c"
 119  0003  0FC1        	mov a,193
 119  0004  80D1 0001   	lmov [337],a
 120  0006              #line 120 "C:\Users\Tsai\Desktop\DATATRAN\Sevro_TM_button.c"
 120  0006  0F88        	mov a,136
 120  0007  80D4 0001   	lmov [340],a
 120  0009  0F13        	mov a,19
 120  000A  80D5 0001   	lmov [341],a
 121  000C              #line 121 "C:\Users\Tsai\Desktop\DATATRAN\Sevro_TM_button.c"
 121  000C  0F10        	mov a,16
 121  000D  00DE        	mov [94],a
 122  000E              #line 122 "C:\Users\Tsai\Desktop\DATATRAN\Sevro_TM_button.c"
 122  000E  0FC1        	mov a,193
 122  000F  00DF        	mov [95],a
 123  0010              #line 123 "C:\Users\Tsai\Desktop\DATATRAN\Sevro_TM_button.c"
 123  0010  1F51        	clr [81]
 123  0011  0F31        	mov a,49
 123  0012  00D2        	mov [82],a
 124  0013              #line 124 "C:\Users\Tsai\Desktop\DATATRAN\Sevro_TM_button.c"
 124  0013  3133        	set [51].2
 124  0014  30B8        	set [56].1
 125  0015              #line 125 "C:\Users\Tsai\Desktop\DATATRAN\Sevro_TM_button.c"
 125  0015  B1D0 0001   	lset [336].3
 126  0017              #line 126 "C:\Users\Tsai\Desktop\DATATRAN\Sevro_TM_button.c"
 126  0017  1F00     R  	clr _SEC[0]
 126  0018  0F64        	mov a,100
 126  0019  0080     R  	mov _R1sec[0],a
 126  001A  0F01        	mov a,1
 126  001B  0080     R  	mov _AD10ms[0],a
 126  001C  0F14        	mov a,20
 126  001D  0080     R  	mov _Hall200ms[0],a
 126  001E  0003        	ret
"File: Sevro_TM_button.c  Assembler  Version HGASM0202      Page 3

 126  001F              _TM_Set endp
 126  001F              #line 126 "C:\Users\Tsai\Desktop\DATATRAN\Sevro_TM_button.c"
 126  001F              #pragma debug scope 1 1
 126  001F              ___pac equ [19]
 126  001F              ___papu equ [17]
 126  001F              ___pcc equ [27]
 126  001F              ___integ equ [57]
 126  001F              ___intc0 equ [48]
 126  001F              ___ifs0 equ [328]
 126  001F              public _Interrupt_Set
 126  001F              #pragma debug scope 3 1
 129  001F              #line 129 "C:\Users\Tsai\Desktop\DATATRAN\Sevro_TM_button.c"
 129  0000              _Interrupt_Set .section 'code'
 129  0000              _Interrupt_Set proc
 130  0000              #line 130 "C:\Users\Tsai\Desktop\DATATRAN\Sevro_TM_button.c"
 130  0000  3193        	set [19].3
 130  0001  3191        	set [17].3
 131  0002              #line 131 "C:\Users\Tsai\Desktop\DATATRAN\Sevro_TM_button.c"
 131  0002  329B        	set [27].5
 132  0003              #line 132 "C:\Users\Tsai\Desktop\DATATRAN\Sevro_TM_button.c"
 132  0003  0F02        	mov a,2
 132  0004  00B9        	mov [57],a
 133  0005              #line 133 "C:\Users\Tsai\Desktop\DATATRAN\Sevro_TM_button.c"
 133  0005  30B0        	set [48].1
 134  0006              #line 134 "C:\Users\Tsai\Desktop\DATATRAN\Sevro_TM_button.c"
 134  0006  9F48 0001   	lclr [328]
 134  0008  0003        	ret
 134  0009              _Interrupt_Set endp
 134  0009              #line 134 "C:\Users\Tsai\Desktop\DATATRAN\Sevro_TM_button.c"
 134  0009              #pragma debug scope 1 1
 134  0009              ___pec equ [35]
 134  0009              ___pepu equ [33]
 134  0009              ___pds2 equ [366]
 134  0009              ___tm2rp equ [87]
 134  0009              public _Moto_Set
 134  0009              #pragma debug scope 4 1
 139  0009              #line 139 "C:\Users\Tsai\Desktop\DATATRAN\Sevro_TM_button.c"
 139  0000              _Moto_Set .section 'code'
 139  0000              _Moto_Set proc
 140  0000              #line 140 "C:\Users\Tsai\Desktop\DATATRAN\Sevro_TM_button.c"
 140  0000  3023        	set [35].0
 140  0001  3021        	set [33].0
 141  0002              #line 141 "C:\Users\Tsai\Desktop\DATATRAN\Sevro_TM_button.c"
 141  0002  30A3        	set [35].1
 141  0003  30A1        	set [33].1
 142  0004              #line 142 "C:\Users\Tsai\Desktop\DATATRAN\Sevro_TM_button.c"
 142  0004  0F01        	mov a,1
 142  0005  80EE 0001   	lmov [366],a
 143  0007              #line 143 "C:\Users\Tsai\Desktop\DATATRAN\Sevro_TM_button.c"
 143  0007  1F51        	clr [81]
 144  0008              #line 144 "C:\Users\Tsai\Desktop\DATATRAN\Sevro_TM_button.c"
 144  0008  0FA8        	mov a,168
 144  0009  00D2        	mov [82],a
 145  000A              #line 145 "C:\Users\Tsai\Desktop\DATATRAN\Sevro_TM_button.c"
 145  000A  0FA0        	mov a,160
 145  000B  00D7        	mov [87],a
 146  000C              #line 146 "C:\Users\Tsai\Desktop\DATATRAN\Sevro_TM_button.c"
 146  000C  31D1        	set [81].3
 146  000D  0003        	ret
 146  000E              _Moto_Set endp
"File: Sevro_TM_button.c  Assembler  Version HGASM0202      Page 4

 146  000E              #line 146 "C:\Users\Tsai\Desktop\DATATRAN\Sevro_TM_button.c"
 146  000E              #pragma debug scope 1 1
 146  000E              ___tm2al equ [85]
 146  000E              ___tm2ah equ [86]
 146  000E              public _Moto_C
 146  000E              #pragma debug scope 5 1
 149  000E              #line 149 "C:\Users\Tsai\Desktop\DATATRAN\Sevro_TM_button.c"
 149  0000              _Moto_C .section 'code'
 149  0000              _Moto_C proc
 149  0000  00              local _Moto_C_2 db 1 dup(?)	; 0,1
 149  0000  0080     R  	mov _Moto_C_2[0],a
 149  0001              #pragma debug variable 8 5 _Moto_C_2+0 "angle"
 150  0001              #line 150 "C:\Users\Tsai\Desktop\DATATRAN\Sevro_TM_button.c"
 150  0001  0700     R  	mov a,_Index[0]  
 150  0002  0080     E  	mov _builtin_holtek_mulhi3_2[0],a  
 150  0003  0700     R  	mov a,_Index[1]  
 150  0004  0080     E  	mov _builtin_holtek_mulhi3_2[1],a
 150  0005  0F14        	mov a,20  
 150  0006  0080     E  	mov _builtin_holtek_mulhi3_2[2],a  
 150  0007  1F00     E  	clr _builtin_holtek_mulhi3_2[3]
 150  0008              	fcall _builtin_holtek_mulhi3
 150  000F  0700     E  	mov a,_builtin_holtek_mulhi3_2[4]  
 150  0010  0080     E  	mov rd,a  
 150  0011  0700     E  	mov a,_builtin_holtek_mulhi3_2[5]  
 150  0012  0080     E  	mov re,a
 150  0013  0FE8        	mov a,232
 150  0014  0380     E  	addm a,rd
 150  0015  0F03        	mov a,3
 150  0016  1380     E  	adcm a,re
 151  0017              #line 151 "C:\Users\Tsai\Desktop\DATATRAN\Sevro_TM_button.c"
 151  0017  0700     E  	mov a,rd
 151  0018  0080     E  	mov rb,a
 151  0019  0700     E  	mov a,re
 151  001A  0080     E  	mov rc,a
 151  001B  0FFF        	mov a,255  
 151  001C  0680     E  	andm a,rb  
 151  001D  0F80        	mov a,128  
 151  001E  0680     E  	andm a,rc
 151  001F  3800     E  	snz rc.7
 151  0020  2800     R  	jmp _L5
 151  0021              #line 151 "C:\Users\Tsai\Desktop\DATATRAN\Sevro_TM_button.c"
 151  0021  0FFF        	mov a,255
 151  0022  0380     E  	addm a,rb
 151  0023  0FFF        	mov a,255
 151  0024  1380     E  	adcm a,rc
 151  0025  0FFF        	mov a,255
 151  0026  0580     E  	orm a,rc
 151  0027  0F00        	mov a,0
 151  0028  0580     E  	orm a,rb
 151  0029  1480     E  	inc rb
 151  002A  3D0A        	sz z
 151  002B  1480     E  	inc rc
 151  002C              _L5:
 151  002C  0700     E  	mov a,rb
 151  002D  00D5        	mov [85],a
 152  002E              #line 152 "C:\Users\Tsai\Desktop\DATATRAN\Sevro_TM_button.c"
 152  002E  0700     E  	mov a,rd
 152  002F  0080     E  	mov rb,a
 152  0030  0700     E  	mov a,re
 152  0031  0080     E  	mov rc,a
"File: Sevro_TM_button.c  Assembler  Version HGASM0202      Page 5

 152  0032  3800     E  	snz re.7
 152  0033  2800     R  	jmp _L6
 152  0034  0FFF        	mov a,255
 152  0035  0300     E  	add a,rd
 152  0036  0080     E  	mov rb,a
 152  0037  0F00        	mov a,0
 152  0038  1300     E  	adc a,re
 152  0039  0080     E  	mov rc,a
 152  003A              _L6:
 152  003A  0700     E  	mov a,rc
 152  003B  00D6        	mov [86],a
 153  003C              #line 153 "C:\Users\Tsai\Desktop\DATATRAN\Sevro_TM_button.c"
 153  003C  0700     E  	mov a,rd
 153  003D  0080     E  	mov ra,a
 153  003E  0700     E  	mov a,re
 153  003F  0080     E  	mov rb,a
 153  0040  1A00     E  	rlca rb
 153  0041  1B80     E  	rrc rb
 153  0042  1B80     E  	rrc ra
 153  0043  0700     E  	mov a,ra
 153  0044  0080     R  	mov _temp[0],a
 153  0045  0700     E  	mov a,rb
 153  0046  0080     R  	mov _temp[1],a
 154  0047              #line 154 "C:\Users\Tsai\Desktop\DATATRAN\Sevro_TM_button.c"
 154  0047  0700     R  	mov a,_Moto_C_2[0]
 154  0048  0080     R  	mov _Index[0],a
 154  0049  1F00     R  	clr _Index[1]
 154  004A  0003        	ret
 154  004B              _Moto_C endp
 154  004B              #line 154 "C:\Users\Tsai\Desktop\DATATRAN\Sevro_TM_button.c"
 154  004B              #pragma debug scope 1 1
 154  004B              ___adcr0 equ [104]
 154  004B              ___adcr1 equ [105]
 154  004B              ___pas2 equ [354]
 154  004B              public _AD_Set
 154  004B              #pragma debug scope 6 1
 157  004B              #line 157 "C:\Users\Tsai\Desktop\DATATRAN\Sevro_TM_button.c"
 157  0000              _AD_Set .section 'code'
 157  0000              _AD_Set proc
 158  0000              #line 158 "C:\Users\Tsai\Desktop\DATATRAN\Sevro_TM_button.c"
 158  0000  0F04        	mov a,4
 158  0001  00E8        	mov [104],a
 159  0002              #line 159 "C:\Users\Tsai\Desktop\DATATRAN\Sevro_TM_button.c"
 159  0002  0F66        	mov a,102
 159  0003  00E9        	mov [105],a
 160  0004              #line 160 "C:\Users\Tsai\Desktop\DATATRAN\Sevro_TM_button.c"
 160  0004  0F03        	mov a,3
 160  0005  80E2 0001   	lmov [354],a
 160  0007  0003        	ret
 160  0008              _AD_Set endp
 160  0008              #line 160 "C:\Users\Tsai\Desktop\DATATRAN\Sevro_TM_button.c"
 160  0008              #pragma debug scope 1 1
 160  0008              public _button_up
 160  0008              #pragma debug scope 7 1
 163  0008              #line 163 "C:\Users\Tsai\Desktop\DATATRAN\Sevro_TM_button.c"
 163  0008              rombank 0 @button_up_code
 163  0000              @button_up_code .section at 4 'code'
 163  0000  0080     E  	mov r1,a
 163  0001  070B        	mov a,bp
 163  0002  1F0B        	clr bp
"File: Sevro_TM_button.c  Assembler  Version HGASM0202      Page 6

 163  0003  2800     R  	jmp _button_up
 163  0004              ROMBANK 0 _button_up
 163  0004              #pragma debug scope 1 1
 163  0004              @dummy4 endp
 163  0004              #pragma debug scope 8 1
 163  0000              _button_up .section 'code'
 163  0000              _button_up proc
 163  0000  0080     E  	mov r2,a
 163  0001  070A        	mov a, status
 163  0002  0080     E  	mov r3,a
 164  0003              #line 164 "C:\Users\Tsai\Desktop\DATATRAN\Sevro_TM_button.c"
 164  0003  1480     R  	inc _HallCount[0]
 165  0004              #line 165 "C:\Users\Tsai\Desktop\DATATRAN\Sevro_TM_button.c"
 165  0004  3630        	clr [48].4
 165  0005  0700     E  	mov a,r2
 165  0006  008B        	mov bp,a
 165  0007  0700     E  	mov a,r3
 165  0008  008A        	mov status,a
 165  0009  0700     E  	mov a,r1
 165  000A  0004        	reti
 165  000B              _button_up endp
 165  000B              
 165  000B              #line 165 "C:\Users\Tsai\Desktop\DATATRAN\Sevro_TM_button.c"
 165  000B              #pragma debug scope 1 1
 165  000B              ___adrh equ [107]
 165  000B              ___adrl equ [106]
 165  000B              public _ISR_STM
 165  000B              #pragma debug scope 9 1
 185  000B              #line 185 "C:\Users\Tsai\Desktop\DATATRAN\Sevro_TM_button.c"
 185  000B              rombank 0 @ISR_STM_code
 185  0000              @ISR_STM_code .section at 56 'code'
 185  0000  0080     E  	mov r1,a
 185  0001  070B        	mov a,bp
 185  0002  1F0B        	clr bp
 185  0003  2800     R  	jmp _ISR_STM
 185  0004              ROMBANK 0 _ISR_STM
 185  0004              #pragma debug scope 1 1
 185  0004              @dummy56 endp
 185  0004              #pragma debug scope 10 1
 185  0000              _ISR_STM .section 'code'
 185  0000              _ISR_STM proc
 185  0000  0080     E  	mov r2,a
 185  0001  070A        	mov a, status
 185  0002  0080     E  	mov r3,a
 186  0003              #line 186 "C:\Users\Tsai\Desktop\DATATRAN\Sevro_TM_button.c"
 186  0003  1500     R  	deca _AD10ms[0]
 186  0004  0080     E  	mov ra,a
 186  0005  1E00     E  	snz ra
 186  0006  2800     R  	jmp _L11
 186  0007              #line 186 "C:\Users\Tsai\Desktop\DATATRAN\Sevro_TM_button.c"
 186  0007  0700     E  	mov a,ra
 186  0008  0080     R  	mov _AD10ms[0],a
 186  0009  2800     R  	jmp _L12
 186  000A              _L11:
 187  000A              #line 187 "C:\Users\Tsai\Desktop\DATATRAN\Sevro_TM_button.c"
 187  000A  0F01        	mov a,1
 187  000B  0080     R  	mov _AD10ms[0],a
 188  000C              #line 188 "C:\Users\Tsai\Desktop\DATATRAN\Sevro_TM_button.c"
 188  000C  33E8        	set [104].7
 188  000D  37E8        	clr [104].7
"File: Sevro_TM_button.c  Assembler  Version HGASM0202      Page 7

 189  000E              #line 189 "C:\Users\Tsai\Desktop\DATATRAN\Sevro_TM_button.c"
 189  000E              ;# 189 "C:\Users\Tsai\Desktop\DATATRAN\Sevro_TM_button.c" 1
 189  000E  0000        	nop
 190  000F              #line 190 "C:\Users\Tsai\Desktop\DATATRAN\Sevro_TM_button.c"
 190  000F  076B        	mov a,[107]
 190  0010  0080     R  	mov _AxisXH[0],a
 191  0011              #line 191 "C:\Users\Tsai\Desktop\DATATRAN\Sevro_TM_button.c"
 191  0011  076A        	mov a,[106]
 191  0012  0080     R  	mov _AxisXL[0],a
 191  0013              _L12:
 193  0013              #line 193 "C:\Users\Tsai\Desktop\DATATRAN\Sevro_TM_button.c"
 193  0013  1500     R  	deca _Hall200ms[0]
 193  0014  0080     E  	mov ra,a
 193  0015  0700     E  	mov a,ra
 193  0016  0080     R  	mov _Hall200ms[0],a
 193  0017  1080     E  	sz ra
 193  0018  2800     R  	jmp _L13
 194  0019              #line 194 "C:\Users\Tsai\Desktop\DATATRAN\Sevro_TM_button.c"
 194  0019  0700     R  	mov a,_HallCount[0]
 194  001A  0080     R  	mov _HallData[0],a
 195  001B              #line 195 "C:\Users\Tsai\Desktop\DATATRAN\Sevro_TM_button.c"
 195  001B  1F00     R  	clr _HallCount[0]
 196  001C              #line 196 "C:\Users\Tsai\Desktop\DATATRAN\Sevro_TM_button.c"
 196  001C  0F14        	mov a,20
 196  001D  0080     R  	mov _Hall200ms[0],a
 196  001E              _L13:
 209  001E              #line 209 "C:\Users\Tsai\Desktop\DATATRAN\Sevro_TM_button.c"
 209  001E  36B8        	clr [56].5
 209  001F  0700     E  	mov a,r2
 209  0020  008B        	mov bp,a
 209  0021  0700     E  	mov a,r3
 209  0022  008A        	mov status,a
 209  0023  0700     E  	mov a,r1
 209  0024  0004        	reti
 209  0025              _ISR_STM endp
 209  0025              
 209  0025              #line 209 "C:\Users\Tsai\Desktop\DATATRAN\Sevro_TM_button.c"
 209  0025              #pragma debug scope 1 1
 209  0025              public _Delay100us
 209  0025              #pragma debug scope 11 1
 212  0025              #line 212 "C:\Users\Tsai\Desktop\DATATRAN\Sevro_TM_button.c"
 212  0000              _Delay100us .section 'code'
 212  0000              _Delay100us proc
 212  0000              public _Delay100us_2
 212  0000  0002[           local _Delay100us_2 db 2 dup(?)	; 2,0
            00
            ]
 212  0002              #pragma debug variable 10 11 _Delay100us_2+0 "del"
 214  0002              #line 214 "C:\Users\Tsai\Desktop\DATATRAN\Sevro_TM_button.c"
 214  0000  1F00     E  	clr rb
 214  0001  1F00     E  	clr rc
 214  0002              _L15:
 214  0002              #line 214 "C:\Users\Tsai\Desktop\DATATRAN\Sevro_TM_button.c"
 214  0002  0700     E  	mov a,rb
 214  0003  0200     R  	sub a,_Delay100us_2[0]
 214  0004  0700     E  	mov a,rc
 214  0005  1200     R  	sbc a,_Delay100us_2[1]
 214  0006  3F0A        	sz cz
 214  0007  2800     R  	jmp _L14
 214  0008  1F00     E  	clr ra
"File: Sevro_TM_button.c  Assembler  Version HGASM0202      Page 8

 214  0009              _L18:
 216  0009              #line 216 "C:\Users\Tsai\Desktop\DATATRAN\Sevro_TM_button.c"
 216  0009              ;# 216 "C:\Users\Tsai\Desktop\DATATRAN\Sevro_TM_button.c" 1
 216  0009  0000        	nop
 216  000A  1480     E  	inc ra
 215  000B              #line 215 "C:\Users\Tsai\Desktop\DATATRAN\Sevro_TM_button.c"
 215  000B  0700     E  	mov a,ra
 215  000C  0A1A        	sub a,26
 215  000D  390A        	snz z
 215  000E  2800     R  	jmp _L18
 214  000F              #line 214 "C:\Users\Tsai\Desktop\DATATRAN\Sevro_TM_button.c"
 214  000F  1480     E  	inc rb
 214  0010  3D0A        	sz z
 214  0011  1480     E  	inc rc
 214  0012  2800     R  	jmp _L15
 214  0013              _L14:
 214  0013  0003        	ret
 214  0014              _Delay100us endp
 214  0014              #line 214 "C:\Users\Tsai\Desktop\DATATRAN\Sevro_TM_button.c"
 214  0014              #pragma debug scope 1 1
 214  0014              public _delay_ms
 214  0014              #pragma debug scope 12 1
 219  0014              #line 219 "C:\Users\Tsai\Desktop\DATATRAN\Sevro_TM_button.c"
 219  0000              _delay_ms .section 'code'
 219  0000              _delay_ms proc
 219  0000  00              local _delay_ms_2 db 1 dup(?)	; 0,1
 219  0000  0080     R  	mov _delay_ms_2[0],a
 219  0001              #pragma debug variable 8 12 _delay_ms_2+0 "del"
 221  0001              #line 221 "C:\Users\Tsai\Desktop\DATATRAN\Sevro_TM_button.c"
 221  0001  1F00     E  	clr ra
 221  0002  2800     R  	jmp _L20
 221  0003              _L21:
 222  0003              #line 222 "C:\Users\Tsai\Desktop\DATATRAN\Sevro_TM_button.c"
 222  0003              ;# 222 "C:\Users\Tsai\Desktop\DATATRAN\Sevro_TM_button.c" 1
 222  0003              	IF 2000>263690
 222  0003              ;# 222 "C:\Users\Tsai\Desktop\DATATRAN\Sevro_TM_button.c" 1
 222  0003              	ERRMESSAGE 'the value 2000of the argument exceeds the maxinum 263690'
 222  0003              	ENDIF
 222  0003              ;# 222 "C:\Users\Tsai\Desktop\DATATRAN\Sevro_TM_button.c" 1
 222  0003              	IF 2000<0
 222  0003              ;# 222 "C:\Users\Tsai\Desktop\DATATRAN\Sevro_TM_button.c" 1
 222  0003              	ERRMESSAGE 'the value 2000 of the argument exceeds the mininum 0'
 222  0003              	ENDIF
 222  0003              ;# 222 "C:\Users\Tsai\Desktop\DATATRAN\Sevro_TM_button.c" 1
 222  0003              	IF 2000==0
 222  0003              ;# 222 "C:\Users\Tsai\Desktop\DATATRAN\Sevro_TM_button.c" 1
 222  0003              	JMP $
 222  0003              	ENDIF
 222  0003              ;# 222 "C:\Users\Tsai\Desktop\DATATRAN\Sevro_TM_button.c" 1
 222  0003              	IF (2000>=1) AND (2000<( 4 + __PBP__ * 2))
 222  0003              ;# 222 "C:\Users\Tsai\Desktop\DATATRAN\Sevro_TM_button.c" 1
 222  0003              	NOP
 222  0003              	ENDIF
 222  0003              ;# 222 "C:\Users\Tsai\Desktop\DATATRAN\Sevro_TM_button.c" 1
 222  0003              	IF (2000>=2) AND (2000<( 4 + __PBP__ * 2))
 222  0003              ;# 222 "C:\Users\Tsai\Desktop\DATATRAN\Sevro_TM_button.c" 1
 222  0003              	NOP
 222  0003              	ENDIF
 222  0003              ;# 222 "C:\Users\Tsai\Desktop\DATATRAN\Sevro_TM_button.c" 1
 222  0003              	IF (2000>=3) AND (2000<( 4 + __PBP__ * 2))
"File: Sevro_TM_button.c  Assembler  Version HGASM0202      Page 9

 222  0003              ;# 222 "C:\Users\Tsai\Desktop\DATATRAN\Sevro_TM_button.c" 1
 222  0003              	NOP
 222  0003              	ENDIF
 222  0003              ;# 222 "C:\Users\Tsai\Desktop\DATATRAN\Sevro_TM_button.c" 1
 222  0003              	IF (2000>=4) AND (2000<( 4 + __PBP__ * 2)) AND ( __PBP__ > 0 )
 222  0003              ;# 222 "C:\Users\Tsai\Desktop\DATATRAN\Sevro_TM_button.c" 1
 222  0003              	NOP
 222  0003              	ENDIF
 222  0003              ;# 222 "C:\Users\Tsai\Desktop\DATATRAN\Sevro_TM_button.c" 1
 222  0003              	IF (2000>=5) AND (2000<( 4 + __PBP__ * 2)) AND ( __PBP__ > 0 )
 222  0003              ;# 222 "C:\Users\Tsai\Desktop\DATATRAN\Sevro_TM_button.c" 1
 222  0003              	NOP
 222  0003              	ENDIF
 222  0003              ;# 222 "C:\Users\Tsai\Desktop\DATATRAN\Sevro_TM_button.c" 1
 222  0003              	IF (2000>=6) AND (2000<( 4 + __PBP__ * 2))  AND ( __PBP__ > 1 )
 222  0003              ;# 222 "C:\Users\Tsai\Desktop\DATATRAN\Sevro_TM_button.c" 1
 222  0003              	NOP
 222  0003              	ENDIF
 222  0003              ;# 222 "C:\Users\Tsai\Desktop\DATATRAN\Sevro_TM_button.c" 1
 222  0003              	IF (2000>=7) AND (2000<( 4 + __PBP__ * 2))  AND ( __PBP__ > 1 )
 222  0003              ;# 222 "C:\Users\Tsai\Desktop\DATATRAN\Sevro_TM_button.c" 1
 222  0003              	NOP
 222  0003              	ENDIF
 222  0003              ;# 222 "C:\Users\Tsai\Desktop\DATATRAN\Sevro_TM_button.c" 1
 222  0003              	IF (2000>=8) AND (2000<( 4 + __PBP__ * 2))  AND ( __PBP__ > 2 )
 222  0003              ;# 222 "C:\Users\Tsai\Desktop\DATATRAN\Sevro_TM_button.c" 1
 222  0003              	NOP
 222  0003              	ENDIF
 222  0003              ;# 222 "C:\Users\Tsai\Desktop\DATATRAN\Sevro_TM_button.c" 1
 222  0003              	IF (2000==9)  AND ( __PBP__ > 2 )
 222  0003              ;# 222 "C:\Users\Tsai\Desktop\DATATRAN\Sevro_TM_button.c" 1
 222  0003              	NOP
 222  0003              	ENDIF
 222  0003              ;# 222 "C:\Users\Tsai\Desktop\DATATRAN\Sevro_TM_button.c" 1
 222  0003              	IF (2000< ( 8 + __PBP__ * 2)) AND (2000>( 3 + __PBP__ * 2))
 222  0003              ;# 222 "C:\Users\Tsai\Desktop\DATATRAN\Sevro_TM_button.c" 1
 222  0003              	fcall __DELAY3 + ( 7 + __PBP__ * 2) -2000
 222  0003              	ENDIF
 222  0003              ;# 222 "C:\Users\Tsai\Desktop\DATATRAN\Sevro_TM_button.c" 1
 222  0003              	IF (2000< ( 0404h + __PBP__ * 2)) AND (2000>( 7 + __PBP__ * 2))
 222  0003              ;# 222 "C:\Users\Tsai\Desktop\DATATRAN\Sevro_TM_button.c" 1
 222  0003              	MOV A,(2000-( 4 + __PBP__ * 2))/4
 222  0003              ;# 222 "C:\Users\Tsai\Desktop\DATATRAN\Sevro_TM_button.c" 1
 222  0003              	fcall __DELAYX3 + 3 -((2000-( 4 + __PBP__ * 2)) MOD 4) 
 222  0003              	ENDIF
 222  0003              ;# 222 "C:\Users\Tsai\Desktop\DATATRAN\Sevro_TM_button.c" 1
 222  0003              	IF (2000< ( 040bh + __PBP__ * 2)) AND (2000> ( 0403h + __PBP__ * 2))
 222  0003              ;# 222 "C:\Users\Tsai\Desktop\DATATRAN\Sevro_TM_button.c" 1
 222  0003              	MOV A,0 
 222  0003              ;# 222 "C:\Users\Tsai\Desktop\DATATRAN\Sevro_TM_button.c" 1
 222  0003              	fcall __DELAYX6 + ( 040ah + __PBP__ * 2) -2000
 222  0003              	ENDIF
 222  0003              ;# 222 "C:\Users\Tsai\Desktop\DATATRAN\Sevro_TM_button.c" 1
 222  0003              	IF (2000 >= ( 040bh + __PBP__ * 2)) AND ((((2000-( 9 + __PBP__ * 2))%0402h)/4+1)>256)
 222  0003              ;# 222 "C:\Users\Tsai\Desktop\DATATRAN\Sevro_TM_button.c" 1
 222  0003              	MOV A,(2000-( 9 + __PBP__ * 2))/0402h
 222  0003              ;# 222 "C:\Users\Tsai\Desktop\DATATRAN\Sevro_TM_button.c" 1
 222  0003              	MOV _builtin_holtek_delay_2,A
 222  0003              ;# 222 "C:\Users\Tsai\Desktop\DATATRAN\Sevro_TM_button.c" 1
 222  0003              	MOV A,0
"File: Sevro_TM_button.c  Assembler  Version HGASM0202      Page 10

 222  0003              ;# 222 "C:\Users\Tsai\Desktop\DATATRAN\Sevro_TM_button.c" 1
 222  0003              	fcall __DELAYY5 +5- (((2000-( 9 + __PBP__ * 2))%0402h)%6) 
 222  0003              	ENDIF
 222  0003              ;# 222 "C:\Users\Tsai\Desktop\DATATRAN\Sevro_TM_button.c" 1
 222  0003              	IF (2000 >= ( 040bh + __PBP__ * 2)) AND ((((2000-( 9 + __PBP__ * 2))%0402h)/4+1)<=256)
 222  0003              ;# 222 "C:\Users\Tsai\Desktop\DATATRAN\Sevro_TM_button.c" 1
 222  0003  0F01        	MOV A,(2000-( 9 + __PBP__ * 2))/0402h
 222  0004              ;# 222 "C:\Users\Tsai\Desktop\DATATRAN\Sevro_TM_button.c" 1
 222  0004  0080     E  	MOV _builtin_holtek_delay_2,A
 222  0005              ;# 222 "C:\Users\Tsai\Desktop\DATATRAN\Sevro_TM_button.c" 1
 222  0005  0FF1        	MOV A,((2000-( 9 + __PBP__ * 2))%0402h)/4+1
 222  0006              ;# 222 "C:\Users\Tsai\Desktop\DATATRAN\Sevro_TM_button.c" 1
 222  0006              	fcall __DELAYY3 +3-(((2000-( 9 + __PBP__ * 2))%0402h)%4) 
 222  000D              	ENDIF
 221  000D              #line 221 "C:\Users\Tsai\Desktop\DATATRAN\Sevro_TM_button.c"
 221  000D  1480     E  	inc ra
 221  000E              _L20:
 221  000E  0700     E  	mov a,ra
 221  000F  0200     R  	sub a,_delay_ms_2[0]
 221  0010  390A        	snz z
 221  0011  2800     R  	jmp _L21
 221  0012  0003        	ret
 221  0013              _delay_ms endp
 221  0013              #line 221 "C:\Users\Tsai\Desktop\DATATRAN\Sevro_TM_button.c"
 221  0013              #pragma debug scope 1 1
 221  0013              ___tm0al equ [98]
 221  0013              ___tm0ah equ [99]
 221  0013              ___pc equ [26]
 221  0013              ___mfi0 equ [52]
 221  0013              public _UARTTxData
 221  0013              #pragma debug scope 13 1
 226  0013              #line 226 "C:\Users\Tsai\Desktop\DATATRAN\Sevro_TM_button.c"
 226  0000              _UARTTxData .section 'code'
 226  0000              _UARTTxData proc
 226  0000  00              local _UARTTxData_2 db 1 dup(?)	; 0,1
 226  0000  0080     R  	mov _UARTTxData_2[0],a
 226  0001              #pragma debug variable 8 13 _UARTTxData_2+0 "data"
 227  0001              #line 227 "C:\Users\Tsai\Desktop\DATATRAN\Sevro_TM_button.c"
 227  0001  0F41        	mov a,65
 227  0002  00E2        	mov [98],a
 227  0003  0F03        	mov a,3
 227  0004  00E3        	mov [99],a
 228  0005              #line 228 "C:\Users\Tsai\Desktop\DATATRAN\Sevro_TM_button.c"
 228  0005  349A        	clr [26].1
 229  0006              #line 229 "C:\Users\Tsai\Desktop\DATATRAN\Sevro_TM_button.c"
 229  0006  31DE        	set [94].3
 230  0007              #line 230 "C:\Users\Tsai\Desktop\DATATRAN\Sevro_TM_button.c"
 230  0007  36B4        	clr [52].5
 230  0008              _L24:
 231  0008              #line 231 "C:\Users\Tsai\Desktop\DATATRAN\Sevro_TM_button.c"
 231  0008  3AB4        	snz [52].5
 231  0009  2800     R  	jmp _L24
 232  000A              #line 232 "C:\Users\Tsai\Desktop\DATATRAN\Sevro_TM_button.c"
 232  000A  36B4        	clr [52].5
 232  000B  1F00     E  	clr rb
 226  000C              #line 226 "C:\Users\Tsai\Desktop\DATATRAN\Sevro_TM_button.c"
 226  000C  0F01        	mov a,1
 226  000D  0080     E  	mov ra,a
 226  000E              _L28:
 234  000E              #line 234 "C:\Users\Tsai\Desktop\DATATRAN\Sevro_TM_button.c"
"File: Sevro_TM_button.c  Assembler  Version HGASM0202      Page 11

 234  000E  0700     E  	mov a,ra
 234  000F  0600     R  	and a,_UARTTxData_2[0]
 234  0010  0080     E  	mov rc,a
 234  0011  0F00        	mov a,0
 234  0012  0200     E  	sub a,rc
 234  0013  0080     E  	mov rd,a
 234  0014  0700     E  	mov a,rd
 234  0015  0580     E  	orm a,rc
 234  0016  1A80     E  	rlc rc
 234  0017  1F00     E  	clr rc
 234  0018  1A80     E  	rlc rc
 234  0019  0700     E  	mov a,rc
 234  001A  0380     E  	addm a,rc
 234  001B  349A        	clr [26].1
 234  001C  0700     E  	mov a,rc
 234  001D  059A        	orm a,[26]
 234  001E              _L26:
 235  001E              #line 235 "C:\Users\Tsai\Desktop\DATATRAN\Sevro_TM_button.c"
 235  001E  3AB4        	snz [52].5
 235  001F  2800     R  	jmp _L26
 236  0020              #line 236 "C:\Users\Tsai\Desktop\DATATRAN\Sevro_TM_button.c"
 236  0020  36B4        	clr [52].5
 237  0021              #line 237 "C:\Users\Tsai\Desktop\DATATRAN\Sevro_TM_button.c"
 237  0021  0700     E  	mov a,ra
 237  0022  0380     E  	addm a,ra
 237  0023  1480     E  	inc rb
 238  0024              #line 238 "C:\Users\Tsai\Desktop\DATATRAN\Sevro_TM_button.c"
 238  0024  0700     E  	mov a,rb
 238  0025  0A08        	sub a,8
 238  0026  390A        	snz z
 238  0027  2800     R  	jmp _L28
 239  0028              #line 239 "C:\Users\Tsai\Desktop\DATATRAN\Sevro_TM_button.c"
 239  0028  309A        	set [26].1
 239  0029              _L30:
 240  0029              #line 240 "C:\Users\Tsai\Desktop\DATATRAN\Sevro_TM_button.c"
 240  0029  3AB4        	snz [52].5
 240  002A  2800     R  	jmp _L30
 241  002B              #line 241 "C:\Users\Tsai\Desktop\DATATRAN\Sevro_TM_button.c"
 241  002B  35DE        	clr [94].3
 241  002C  0003        	ret
 241  002D              _UARTTxData endp
 241  002D              #line 241 "C:\Users\Tsai\Desktop\DATATRAN\Sevro_TM_button.c"
 241  002D              #pragma debug scope 1 1
 241  002D              public _TranAxis
 241  002D              #pragma debug scope 14 1
 245  002D              #line 245 "C:\Users\Tsai\Desktop\DATATRAN\Sevro_TM_button.c"
 245  0000              _TranAxis .section 'code'
 245  0000              _TranAxis proc
 246  0000              #line 246 "C:\Users\Tsai\Desktop\DATATRAN\Sevro_TM_button.c"
 246  0000  0700     R  	mov a,_SendX[1]
 246  0001  0080     E  	mov rb,a
 246  0002  0700     E  	mov a,rb
 246  0003  0080     R  	mov _SendXH[0],a
 247  0004              #line 247 "C:\Users\Tsai\Desktop\DATATRAN\Sevro_TM_button.c"
 247  0004  0700     R  	mov a,_SendX[0]
 247  0005  0080     R  	mov _SendXL[0],a
 251  0006              #line 251 "C:\Users\Tsai\Desktop\DATATRAN\Sevro_TM_button.c"
 251  0006  0700     R  	mov a,_Head[0]
 251  0007  0080     E  	mov ra,a
 251  0008  0700     E  	mov a,rb
"File: Sevro_TM_button.c  Assembler  Version HGASM0202      Page 12

 251  0009  0300     E  	add a,ra
 251  000A  0080     R  	mov _AXCRC[0],a
 252  000B              #line 252 "C:\Users\Tsai\Desktop\DATATRAN\Sevro_TM_button.c"
 252  000B  0700     E  	mov a,ra
 252  000C              	fcall _UARTTxData
 253  0013              #line 253 "C:\Users\Tsai\Desktop\DATATRAN\Sevro_TM_button.c"
 253  0013  0700     R  	mov a,_SendXH[0]
 253  0014              	fcall _UARTTxData
 254  001B              #line 254 "C:\Users\Tsai\Desktop\DATATRAN\Sevro_TM_button.c"
 254  001B  0700     R  	mov a,_SendXL[0]
 254  001C              	fcall _UARTTxData
 255  0023              #line 255 "C:\Users\Tsai\Desktop\DATATRAN\Sevro_TM_button.c"
 255  0023  0700     R  	mov a,_Axcount[0]
 255  0024              	fcall _UARTTxData
 256  002B              #line 256 "C:\Users\Tsai\Desktop\DATATRAN\Sevro_TM_button.c"
 256  002B  0700     R  	mov a,_AXCRC[0]
 256  002C              	fcall _UARTTxData
 256  0033  0003        	ret
 256  0034              _TranAxis endp
 256  0034              #line 256 "C:\Users\Tsai\Desktop\DATATRAN\Sevro_TM_button.c"
 256  0034              #pragma debug scope 1 1
 256  0034              public _TranHall
 256  0034              #pragma debug scope 15 1
 260  0034              #line 260 "C:\Users\Tsai\Desktop\DATATRAN\Sevro_TM_button.c"
 260  0000              _TranHall .section 'code'
 260  0000              _TranHall proc
 267  0000              #line 267 "C:\Users\Tsai\Desktop\DATATRAN\Sevro_TM_button.c"
 267  0000  0700     R  	mov a,_HallHead[0]
 267  0001  0080     E  	mov ra,a
 267  0002  0700     R  	mov a,_HallData[0]
 267  0003  0300     E  	add a,ra
 267  0004  0080     R  	mov _HallCRC[0],a
 268  0005              #line 268 "C:\Users\Tsai\Desktop\DATATRAN\Sevro_TM_button.c"
 268  0005  0700     E  	mov a,ra
 268  0006              	fcall _UARTTxData
 269  000D              #line 269 "C:\Users\Tsai\Desktop\DATATRAN\Sevro_TM_button.c"
 269  000D  0700     R  	mov a,_HallData[0]
 269  000E              	fcall _UARTTxData
 270  0015              #line 270 "C:\Users\Tsai\Desktop\DATATRAN\Sevro_TM_button.c"
 270  0015  0700     R  	mov a,_Axcount[0]
 270  0016              	fcall _UARTTxData
 271  001D              #line 271 "C:\Users\Tsai\Desktop\DATATRAN\Sevro_TM_button.c"
 271  001D  0700     R  	mov a,_Hacount[0]
 271  001E              	fcall _UARTTxData
 272  0025              #line 272 "C:\Users\Tsai\Desktop\DATATRAN\Sevro_TM_button.c"
 272  0025  0700     R  	mov a,_HallCRC[0]
 272  0026              	fcall _UARTTxData
 272  002D  0003        	ret
 272  002E              _TranHall endp
 272  002E              #line 272 "C:\Users\Tsai\Desktop\DATATRAN\Sevro_TM_button.c"
 272  002E              #pragma debug scope 1 1
 272  002E              public _ShiftRightArray
 272  002E              #pragma debug scope 16 1
 276  002E              #line 276 "C:\Users\Tsai\Desktop\DATATRAN\Sevro_TM_button.c"
 276  0000              _ShiftRightArray .section 'code'
 276  0000              _ShiftRightArray proc
 276  0000              public _ShiftRightArray_2
 276  0000  0002[           local _ShiftRightArray_2 db 2 dup(?)	; 2,0
            00
            ]
"File: Sevro_TM_button.c  Assembler  Version HGASM0202      Page 13

 276  0002              #pragma debug pointer 42 12 16
 276  0002              #pragma debug pointer 42 12 16
 276  0002              #pragma debug variable 42 16 _ShiftRightArray_2+0 "Array"
 277  0002              #line 277 "C:\Users\Tsai\Desktop\DATATRAN\Sevro_TM_button.c"
 277  0000  0F05        	mov a,5
 277  0001  0080     R  	mov _i[0],a
 277  0002  0F05        	mov a,5
 277  0003  0080     E  	mov ra,a
 277  0004              _L34:
 279  0004              #line 279 "C:\Users\Tsai\Desktop\DATATRAN\Sevro_TM_button.c"
 279  0004  0700     E  	mov a,ra
 279  0005  0080     E  	mov rb,a
 279  0006  1F00     E  	clr rc
 279  0007  340A        	clr c
 279  0008  1A00     E  	rlca rb
 279  0009  0080     E  	mov rd,a
 279  000A  1A00     E  	rlca rc
 279  000B  0080     E  	mov re,a
 279  000C  0F00     R  	mov a,low (offset _XArr-2)
 279  000D  0300     E  	add a,rd
 279  000E  0083        	mov mp,a
 279  000F  0F00     R  	mov a,high (offset _XArr-2)
 279  0010  1300     E  	adc a,re
 279  0011  0084        	mov sbp,a
 279  0012              	fcall _Crom2Prom
 279  0019  0080     E  	mov rd,a
 279  001A              	fcall _Crom2PromNext
 279  0021  0080     E  	mov re,a
 279  0022  340A        	clr c
 279  0023  1A80     E  	rlc rb
 279  0024  1A80     E  	rlc rc
 279  0025  0F00     R  	mov a,low offset _XArr
 279  0026  0300     E  	add a,rb
 279  0027  0083        	mov mp,a
 279  0028  0F00     R  	mov a,high offset _XArr
 279  0029  1300     E  	adc a,rc
 279  002A  0084        	mov sbp,a
 279  002B  0700     E  	mov a,rd
 279  002C  0082        	mov ir,a
 279  002D  1483        	inc mp
 279  002E  0700     E  	mov a,re
 279  002F  0082        	mov ir,a
 277  0030              #line 277 "C:\Users\Tsai\Desktop\DATATRAN\Sevro_TM_button.c"
 277  0030  1780     E  	sdz ra
 277  0031  2800     R  	jmp _L34
 281  0032              #line 281 "C:\Users\Tsai\Desktop\DATATRAN\Sevro_TM_button.c"
 281  0032  0700     R  	mov a,_AxisX[0]
 281  0033  0080     R  	mov _XArr[0],a
 281  0034  0700     R  	mov a,_AxisX[1]
 281  0035  0080     R  	mov _XArr[1],a
 282  0036              #line 282 "C:\Users\Tsai\Desktop\DATATRAN\Sevro_TM_button.c"
 282  0036  1F00     R  	clr _i[0]
 282  0037  1F00     E  	clr ra
 282  0038              _L36:
 284  0038              #line 284 "C:\Users\Tsai\Desktop\DATATRAN\Sevro_TM_button.c"
 284  0038  0700     E  	mov a,ra
 284  0039  0080     E  	mov rb,a
 284  003A  1F00     E  	clr rc
 284  003B  340A        	clr c
 284  003C  1A80     E  	rlc rb
"File: Sevro_TM_button.c  Assembler  Version HGASM0202      Page 14

 284  003D  1A80     E  	rlc rc
 284  003E  0700     E  	mov a,rb
 284  003F  0300     R  	add a,_ShiftRightArray_2[0]
 284  0040  0083        	mov mp,a
 284  0041  0700     E  	mov a,rc
 284  0042  1300     R  	adc a,_ShiftRightArray_2[1]
 284  0043  0084        	mov sbp,a
 284  0044              	fcall _Crom2Prom
 284  004B  0080     E  	mov rd,a
 284  004C              	fcall _Crom2PromNext
 284  0053  0080     E  	mov re,a
 284  0054  0F00     R  	mov a,low offset _XArrSort
 284  0055  0300     E  	add a,rb
 284  0056  0083        	mov mp,a
 284  0057  0F00     R  	mov a,high offset _XArrSort
 284  0058  1300     E  	adc a,rc
 284  0059  0084        	mov sbp,a
 284  005A  0700     E  	mov a,rd
 284  005B  0082        	mov ir,a
 284  005C  1483        	inc mp
 284  005D  0700     E  	mov a,re
 284  005E  0082        	mov ir,a
 282  005F              #line 282 "C:\Users\Tsai\Desktop\DATATRAN\Sevro_TM_button.c"
 282  005F  1480     E  	inc ra
 282  0060  0F04        	mov a,4
 282  0061  0200     E  	sub a,ra
 282  0062  3C0A        	sz c
 282  0063  2800     R  	jmp _L36
 282  0064  0700     E  	mov a,ra
 282  0065  0080     R  	mov _i[0],a
 282  0066  0003        	ret
 282  0067              _ShiftRightArray endp
 282  0067              #line 282 "C:\Users\Tsai\Desktop\DATATRAN\Sevro_TM_button.c"
 282  0067              #pragma debug scope 1 1
 282  0067              public _AxisCal
 282  0067              #pragma debug scope 17 1
 289  0067              #line 289 "C:\Users\Tsai\Desktop\DATATRAN\Sevro_TM_button.c"
 289  0000              _AxisCal .section 'code'
 289  0000              _AxisCal proc
 290  0000              #line 290 "C:\Users\Tsai\Desktop\DATATRAN\Sevro_TM_button.c"
 290  0000  0700     R  	mov a,_AxisXH[0]
 290  0001  0080     E  	mov rc,a
 290  0002  1F00     E  	clr rb
 291  0003              #line 291 "C:\Users\Tsai\Desktop\DATATRAN\Sevro_TM_button.c"
 291  0003  0700     R  	mov a,_AxisXL[0]
 291  0004  0300     E  	add a,rb
 291  0005  0080     R  	mov _AxisX[0],a
 291  0006  1F05        	clr acc
 291  0007  1300     E  	adc a,rc
 291  0008  0080     R  	mov _AxisX[1],a
 291  0009  0003        	ret
 291  000A              _AxisCal endp
 291  000A              #line 291 "C:\Users\Tsai\Desktop\DATATRAN\Sevro_TM_button.c"
 291  000A              #pragma debug scope 1 1
 291  000A              public _PutValueArray
 291  000A              #pragma debug scope 18 1
 295  000A              #line 295 "C:\Users\Tsai\Desktop\DATATRAN\Sevro_TM_button.c"
 295  0000              _PutValueArray .section 'code'
 295  0000              _PutValueArray proc
 295  0000              public _PutValueArray_2
"File: Sevro_TM_button.c  Assembler  Version HGASM0202      Page 15

 295  0000  0002[           local _PutValueArray_2 db 2 dup(?)	; 2,0
            00
            ]
 295  0002              #pragma debug pointer 43 12 18
 295  0002              #pragma debug pointer 43 12 18
 295  0002              #pragma debug variable 43 18 _PutValueArray_2+0 "Array"
 296  0002              #line 296 "C:\Users\Tsai\Desktop\DATATRAN\Sevro_TM_button.c"
 296  0000  1F00     R  	clr _i[0]
 296  0001  2800     R  	jmp _L40
 296  0002              _L41:
 298  0002              #line 298 "C:\Users\Tsai\Desktop\DATATRAN\Sevro_TM_button.c"
 298  0002              	fcall _AxisCal
 299  0009              #line 299 "C:\Users\Tsai\Desktop\DATATRAN\Sevro_TM_button.c"
 299  0009  0700     R  	mov a,_i[0]
 299  000A  0080     E  	mov ra,a
 299  000B  0700     E  	mov a,ra
 299  000C  0080     E  	mov rb,a
 299  000D  1F00     E  	clr rc
 299  000E  340A        	clr c
 299  000F  1A80     E  	rlc rb
 299  0010  1A80     E  	rlc rc
 299  0011  0700     E  	mov a,rb
 299  0012  0300     R  	add a,_PutValueArray_2[0]
 299  0013  0083        	mov mp,a
 299  0014  0700     E  	mov a,rc
 299  0015  1300     R  	adc a,_PutValueArray_2[1]
 299  0016  0084        	mov sbp,a
 299  0017  0700     R  	mov a,_AxisX[0]
 299  0018  0082        	mov ir,a
 299  0019  1483        	inc mp
 299  001A  0700     R  	mov a,_AxisX[1]
 299  001B  0082        	mov ir,a
 296  001C              #line 296 "C:\Users\Tsai\Desktop\DATATRAN\Sevro_TM_button.c"
 296  001C  1400     E  	inca ra
 296  001D  0080     R  	mov _i[0],a
 296  001E              _L40:
 296  001E  0F04        	mov a,4
 296  001F  0200     R  	sub a,_i[0]
 296  0020  3C0A        	sz c
 296  0021  2800     R  	jmp _L41
 296  0022  0003        	ret
 296  0023              _PutValueArray endp
 296  0023              #line 296 "C:\Users\Tsai\Desktop\DATATRAN\Sevro_TM_button.c"
 296  0023              #pragma debug scope 1 1
 296  0023              public _VariancePulsByLoad
 296  0023              #pragma debug scope 19 1
 304  0023              #line 304 "C:\Users\Tsai\Desktop\DATATRAN\Sevro_TM_button.c"
 304  0000              _VariancePulsByLoad .section 'code'
 304  0000              _VariancePulsByLoad proc
 304  0000              public _VariancePulsByLoad_2
 304  0000  0006[           local _VariancePulsByLoad_2 db 6 dup(?)	; 2,4
            00
            ]
 304  0006              #pragma debug pointer 44 12 19
 304  0006              #pragma debug pointer 44 12 19
 304  0006              #pragma debug variable 44 19 _VariancePulsByLoad_2+0 "SortArray"
 307  0006              #line 307 "C:\Users\Tsai\Desktop\DATATRAN\Sevro_TM_button.c"
 307  0000  1F00     E  	clr _pow_2[4]
 307  0001  1F00     E  	clr _pow_2[5]
 307  0002  1F00     E  	clr _pow_2[6]
"File: Sevro_TM_button.c  Assembler  Version HGASM0202      Page 16

 307  0003  0F40        	mov a,64
 307  0004  0080     E  	mov _pow_2[7],a
 307  0005  0700     R  	mov a,_VariancePulsByLoad_2[0]
 307  0006  0080     E  	mov rd,a
 307  0007  0700     R  	mov a,_VariancePulsByLoad_2[1]
 307  0008  0080     E  	mov re,a
 307  0009  0F02        	mov a,2
 307  000A  0300     E  	add a,rd
 307  000B  0083        	mov mp,a
 307  000C  0F00        	mov a,0
 307  000D  1300     E  	adc a,re
 307  000E  0084        	mov sbp,a
 307  000F              	fcall _Crom2Prom
 307  0016  0080     E  	mov rb,a
 307  0017              	fcall _Crom2PromNext
 307  001E  0080     E  	mov rc,a
 307  001F  0F04        	mov a,4
 307  0020  0300     E  	add a,rd
 307  0021  0083        	mov mp,a
 307  0022  0F00        	mov a,0
 307  0023  1300     E  	adc a,re
 307  0024  0084        	mov sbp,a
 307  0025              	fcall _Crom2Prom
 307  002C  0080     E  	mov rd,a
 307  002D              	fcall _Crom2PromNext
 307  0034  0080     E  	mov re,a
 307  0035  0700     E  	mov a,rb
 307  0036  0200     E  	sub a,rd
 307  0037  0080     E  	mov rb,a
 307  0038  0700     E  	mov a,rc
 307  0039  1200     E  	sbc a,re
 307  003A  0080     E  	mov rc,a
 307  003B  0700     E  	mov a,rc
 307  003C  0080     E  	mov _builtin_holtek_mant1[1],a
 307  003D  0700     E  	mov a,rb
 307  003E  0080     E  	mov _builtin_holtek_mant1[0],a
 307  003F  3400     E  	clr _builtin_holtek_signs.0
 307  0040              	fcall _builtin_holtek_uitod
 307  0047  0700     E  	mov a,_builtin_holtek_mant12p[0]
 307  0048  0080     E  	mov _pow_2[3],a
 307  0049  0700     E  	mov a,_builtin_holtek_mant1[2]
 307  004A  0080     E  	mov _pow_2[2],a
 307  004B  0700     E  	mov a,_builtin_holtek_mant1[1]
 307  004C  0080     E  	mov _pow_2[1],a
 307  004D  0700     E  	mov a,_builtin_holtek_mant1[0]
 307  004E  0080     E  	mov _pow_2[0],a
 307  004F              	fcall _pow
 307  0056  0700     E  	mov a,ra
 307  0057  0080     R  	mov _VariancePulsByLoad_2[2],a
 307  0058  0700     E  	mov a,rb
 307  0059  0080     R  	mov _VariancePulsByLoad_2[3],a
 307  005A  0700     E  	mov a,rc
 307  005B  0080     R  	mov _VariancePulsByLoad_2[4],a
 307  005C  0700     E  	mov a,rd
 307  005D  0080     R  	mov _VariancePulsByLoad_2[5],a
 308  005E              #line 308 "C:\Users\Tsai\Desktop\DATATRAN\Sevro_TM_button.c"
 308  005E  1F00     E  	clr _pow_2[4]
 308  005F  1F00     E  	clr _pow_2[5]
 308  0060  1F00     E  	clr _pow_2[6]
 308  0061  0F40        	mov a,64
"File: Sevro_TM_button.c  Assembler  Version HGASM0202      Page 17

 308  0062  0080     E  	mov _pow_2[7],a
 308  0063  0700     R  	mov a,_VariancePulsByLoad_2[0]
 308  0064  0080     E  	mov rd,a
 308  0065  0700     R  	mov a,_VariancePulsByLoad_2[1]
 308  0066  0080     E  	mov re,a
 308  0067  0F06        	mov a,6
 308  0068  0300     E  	add a,rd
 308  0069  0083        	mov mp,a
 308  006A  0F00        	mov a,0
 308  006B  1300     E  	adc a,re
 308  006C  0084        	mov sbp,a
 308  006D              	fcall _Crom2Prom
 308  0074  0080     E  	mov rb,a
 308  0075              	fcall _Crom2PromNext
 308  007C  0080     E  	mov rc,a
 308  007D  0F04        	mov a,4
 308  007E  0300     E  	add a,rd
 308  007F  0083        	mov mp,a
 308  0080  0F00        	mov a,0
 308  0081  1300     E  	adc a,re
 308  0082  0084        	mov sbp,a
 308  0083              	fcall _Crom2Prom
 308  008A  0080     E  	mov rd,a
 308  008B              	fcall _Crom2PromNext
 308  0092  0080     E  	mov re,a
 308  0093  0700     E  	mov a,rb
 308  0094  0200     E  	sub a,rd
 308  0095  0080     E  	mov rb,a
 308  0096  0700     E  	mov a,rc
 308  0097  1200     E  	sbc a,re
 308  0098  0080     E  	mov rc,a
 308  0099  0700     E  	mov a,rc
 308  009A  0080     E  	mov _builtin_holtek_mant1[1],a
 308  009B  0700     E  	mov a,rb
 308  009C  0080     E  	mov _builtin_holtek_mant1[0],a
 308  009D  3400     E  	clr _builtin_holtek_signs.0
 308  009E              	fcall _builtin_holtek_uitod
 308  00A5  0700     E  	mov a,_builtin_holtek_mant12p[0]
 308  00A6  0080     E  	mov _pow_2[3],a
 308  00A7  0700     E  	mov a,_builtin_holtek_mant1[2]
 308  00A8  0080     E  	mov _pow_2[2],a
 308  00A9  0700     E  	mov a,_builtin_holtek_mant1[1]
 308  00AA  0080     E  	mov _pow_2[1],a
 308  00AB  0700     E  	mov a,_builtin_holtek_mant1[0]
 308  00AC  0080     E  	mov _pow_2[0],a
 308  00AD              	fcall _pow
 308  00B4  0700     E  	mov a,rd
 308  00B5  0080     E  	mov _builtin_holtek_mant12p[0],a
 308  00B6  0700     E  	mov a,rc
 308  00B7  0080     E  	mov _builtin_holtek_mant1[2],a
 308  00B8  0700     E  	mov a,rb
 308  00B9  0080     E  	mov _builtin_holtek_mant1[1],a
 308  00BA  0700     E  	mov a,ra
 308  00BB  0080     E  	mov _builtin_holtek_mant1[0],a
 308  00BC              	fcall _builtin_holtek_dtol
 308  00C3  0700     E  	mov a,_builtin_holtek_mant12p[0]
 308  00C4  0080     E  	mov rg,a
 308  00C5  0700     E  	mov a,_builtin_holtek_mant1[2]
 308  00C6  0080     E  	mov rf,a
 308  00C7  0700     E  	mov a,_builtin_holtek_mant1[1]
"File: Sevro_TM_button.c  Assembler  Version HGASM0202      Page 18

 308  00C8  0080     E  	mov re,a
 308  00C9  0700     E  	mov a,_builtin_holtek_mant1[0]
 308  00CA  0080     E  	mov rd,a
 307  00CB              #line 307 "C:\Users\Tsai\Desktop\DATATRAN\Sevro_TM_button.c"
 307  00CB  0700     R  	mov a,_VariancePulsByLoad_2[5]
 307  00CC  0080     E  	mov _builtin_holtek_mant12p[0],a
 307  00CD  0700     R  	mov a,_VariancePulsByLoad_2[4]
 307  00CE  0080     E  	mov _builtin_holtek_mant1[2],a
 307  00CF  0700     R  	mov a,_VariancePulsByLoad_2[3]
 307  00D0  0080     E  	mov _builtin_holtek_mant1[1],a
 307  00D1  0700     R  	mov a,_VariancePulsByLoad_2[2]
 307  00D2  0080     E  	mov _builtin_holtek_mant1[0],a
 307  00D3              	fcall _builtin_holtek_dtol
 307  00DA  0700     E  	mov a,_builtin_holtek_mant12p[0]
 307  00DB  0080     R  	mov _VariancePulsByLoad_2[5],a
 307  00DC  0700     E  	mov a,_builtin_holtek_mant1[2]
 307  00DD  0080     R  	mov _VariancePulsByLoad_2[4],a
 307  00DE  0700     E  	mov a,_builtin_holtek_mant1[1]
 307  00DF  0080     R  	mov _VariancePulsByLoad_2[3],a
 307  00E0  0700     E  	mov a,_builtin_holtek_mant1[0]
 307  00E1  0080     R  	mov _VariancePulsByLoad_2[2],a
 309  00E2              #line 309 "C:\Users\Tsai\Desktop\DATATRAN\Sevro_TM_button.c"
 309  00E2  0700     R  	mov a,_VariancePulsByLoad_2[2]
 309  00E3  0380     E  	addm a,rd
 309  00E4  0700     R  	mov a,_VariancePulsByLoad_2[3]
 309  00E5  1380     E  	adcm a,re
 309  00E6  0700     E  	mov a,re
 309  00E7  0080     E  	mov _builtin_holtek_mant1[1],a
 309  00E8  0700     E  	mov a,rd
 309  00E9  0080     E  	mov _builtin_holtek_mant1[0],a
 309  00EA  3400     E  	clr _builtin_holtek_signs.0
 309  00EB              	fcall _builtin_holtek_uitod
 309  00F2  0700     E  	mov a,_builtin_holtek_mant12p[0]
 309  00F3  0080     E  	mov _sqrt_2[3],a
 309  00F4  0700     E  	mov a,_builtin_holtek_mant1[2]
 309  00F5  0080     E  	mov _sqrt_2[2],a
 309  00F6  0700     E  	mov a,_builtin_holtek_mant1[1]
 309  00F7  0080     E  	mov _sqrt_2[1],a
 309  00F8  0700     E  	mov a,_builtin_holtek_mant1[0]
 309  00F9  0080     E  	mov _sqrt_2[0],a
 309  00FA              	fcall _sqrt
 309  0101  0700     E  	mov a,rd
 309  0102  0080     E  	mov _builtin_holtek_mant12p[0],a
 309  0103  0700     E  	mov a,rc
 309  0104  0080     E  	mov _builtin_holtek_mant1[2],a
 309  0105  0700     E  	mov a,rb
 309  0106  0080     E  	mov _builtin_holtek_mant1[1],a
 309  0107  0700     E  	mov a,ra
 309  0108  0080     E  	mov _builtin_holtek_mant1[0],a
 309  0109              	fcall _builtin_holtek_dtol
 309  0110  0700     E  	mov a,_builtin_holtek_mant12p[0]
 309  0111  0080     E  	mov rg,a
 309  0112  0700     E  	mov a,_builtin_holtek_mant1[2]
 309  0113  0080     E  	mov rf,a
 309  0114  0700     E  	mov a,_builtin_holtek_mant1[1]
 309  0115  0080     E  	mov re,a
 309  0116  0700     E  	mov a,_builtin_holtek_mant1[0]
 309  0117  0080     E  	mov rd,a
 309  0118  0700     E  	mov a,rd
 309  0119  0080     R  	mov _SendX[0],a
"File: Sevro_TM_button.c  Assembler  Version HGASM0202      Page 19

 309  011A  0700     E  	mov a,re
 309  011B  0080     R  	mov _SendX[1],a
 309  011C  0003        	ret
 309  011D              _VariancePulsByLoad endp
 309  011D              #line 309 "C:\Users\Tsai\Desktop\DATATRAN\Sevro_TM_button.c"
 309  011D              #pragma debug scope 1 1
 309  011D              ___wdtc equ [62]
 309  011D              public _main
 309  011D              #pragma debug scope 20 1
  68  011D              #line 68 "C:\Users\Tsai\Desktop\DATATRAN\Sevro_TM_button.c"
  68  011D              IFDEF WITH_DEFAULT_STARTUP
  68  011D              extern _main_initial0:near
  68  011D              extern _main_startup:near
  68  011D              ENDIF
  68  011D              
  68  011D              ROMBANK 0 @start
  68  0000              @start .section com_l 'code'
  68  0000              _main_startup1:
  68  0000              @start .section com_e 'code'
  68  0000  0F00     R  	mov a,bank _main
  68  0001  008B        	mov bp,a
  68  0002  2800     R  	jmp _main
  68  0003              
  68  0000              _main .section 'code'
  68  0000              _main proc
  69  0000              #line 69 "C:\Users\Tsai\Desktop\DATATRAN\Sevro_TM_button.c"
  69  0000  309A        	set [26].1
  69  0001  349B        	clr [27].1
  70  0002              #line 70 "C:\Users\Tsai\Desktop\DATATRAN\Sevro_TM_button.c"
  70  0002  0FAB        	mov a,171
  70  0003  00BE        	mov [62],a
  71  0004              #line 71 "C:\Users\Tsai\Desktop\DATATRAN\Sevro_TM_button.c"
  71  0004  0F03        	mov a,3
  71  0005  0080     R  	mov _Head[0],a
  72  0006              #line 72 "C:\Users\Tsai\Desktop\DATATRAN\Sevro_TM_button.c"
  72  0006  0F55        	mov a,85
  72  0007  0080     R  	mov _HallHead[0],a
  74  0008              #line 74 "C:\Users\Tsai\Desktop\DATATRAN\Sevro_TM_button.c"
  74  0008  0FAB        	mov a,171
  74  0009  00BE        	mov [62],a
  75  000A              #line 75 "C:\Users\Tsai\Desktop\DATATRAN\Sevro_TM_button.c"
  75  000A  0F01        	mov a,1
  75  000B  0080     R  	mov _AD10ms[0],a
  75  000C  1F00     R  	clr _Whell[0]
  75  000D  0F32        	mov a,50
  75  000E  0080     R  	mov _Whell100ms[0],a
  76  000F              #line 76 "C:\Users\Tsai\Desktop\DATATRAN\Sevro_TM_button.c"
  76  000F              	fcall _TM_Set
  77  0016              #line 77 "C:\Users\Tsai\Desktop\DATATRAN\Sevro_TM_button.c"
  77  0016              	fcall _Interrupt_Set
  78  001D              #line 78 "C:\Users\Tsai\Desktop\DATATRAN\Sevro_TM_button.c"
  78  001D              	fcall _Moto_Set
  79  0024              #line 79 "C:\Users\Tsai\Desktop\DATATRAN\Sevro_TM_button.c"
  79  0024              	fcall _AD_Set
  80  002B              #line 80 "C:\Users\Tsai\Desktop\DATATRAN\Sevro_TM_button.c"
  80  002B  3030        	set [48].0
  81  002C              #line 81 "C:\Users\Tsai\Desktop\DATATRAN\Sevro_TM_button.c"
  81  002C  0F00     R  	mov a,low offset _XArr
  81  002D  0080     R  	mov _PutValueArray_2[0],a
  81  002E  0F00     R  	mov a,high offset _XArr
"File: Sevro_TM_button.c  Assembler  Version HGASM0202      Page 20

  81  002F  0080     R  	mov _PutValueArray_2[1],a
  81  0030              	fcall _PutValueArray
  82  0037              #line 82 "C:\Users\Tsai\Desktop\DATATRAN\Sevro_TM_button.c"
  82  0037  0F6B        	mov a,107
  82  0038              	fcall _Moto_C
  82  003F              _L44:
  85  003F              #line 85 "C:\Users\Tsai\Desktop\DATATRAN\Sevro_TM_button.c"
  85  003F              	fcall _AxisCal
  86  0046              #line 86 "C:\Users\Tsai\Desktop\DATATRAN\Sevro_TM_button.c"
  86  0046  0F00     R  	mov a,low offset _XArr
  86  0047  0080     R  	mov _ShiftRightArray_2[0],a
  86  0048  0F00     R  	mov a,high offset _XArr
  86  0049  0080     R  	mov _ShiftRightArray_2[1],a
  86  004A              	fcall _ShiftRightArray
  87  0051              #line 87 "C:\Users\Tsai\Desktop\DATATRAN\Sevro_TM_button.c"
  87  0051  0F02        	mov a,2
  87  0052  0080     E  	mov _qsort_2[4],a
  87  0053  1F00     E  	clr _qsort_2[5]
  87  0054  0F05        	mov a,5
  87  0055  0080     E  	mov _qsort_2[2],a
  87  0056  1F00     E  	clr _qsort_2[3]
  87  0057  0F00     R  	mov a,low offset _XArrSort
  87  0058  0080     E  	mov _qsort_2[0],a
  87  0059  0F00     R  	mov a,high offset _XArrSort
  87  005A  0080     E  	mov _qsort_2[1],a
  87  005B              	fcall _qsort
  88  0062              #line 88 "C:\Users\Tsai\Desktop\DATATRAN\Sevro_TM_button.c"
  88  0062  0F00     R  	mov a,low offset _XArrSort
  88  0063  0080     R  	mov _VariancePulsByLoad_2[0],a
  88  0064  0F00     R  	mov a,high offset _XArrSort
  88  0065  0080     R  	mov _VariancePulsByLoad_2[1],a
  88  0066              	fcall _VariancePulsByLoad
  89  006D              #line 89 "C:\Users\Tsai\Desktop\DATATRAN\Sevro_TM_button.c"
  89  006D              	fcall _TranAxis
  90  0074              #line 90 "C:\Users\Tsai\Desktop\DATATRAN\Sevro_TM_button.c"
  90  0074              	fcall _TranHall
  91  007B              #line 91 "C:\Users\Tsai\Desktop\DATATRAN\Sevro_TM_button.c"
  91  007B  0F6B        	mov a,107
  91  007C              	fcall _Moto_C
  92  0083              #line 92 "C:\Users\Tsai\Desktop\DATATRAN\Sevro_TM_button.c"
  92  0083  3A9A        	snz [26].5
  92  0084  2800     R  	jmp _L44
  92  0085  0F4F        	mov a,79
  92  0086  0200     R  	sub a,_SendX[0]
  92  0087  0F00        	mov a,0
  92  0088  1200     R  	sbc a,_SendX[1]
  92  0089  3C0A        	sz c
  92  008A  2800     R  	jmp _L44
  92  008B              _L46:
  96  008B              #line 96 "C:\Users\Tsai\Desktop\DATATRAN\Sevro_TM_button.c"
  96  008B  0F3B        	mov a,59
  96  008C  0200     R  	sub a,_SendX[0]
  96  008D  0F00        	mov a,0
  96  008E  1200     R  	sbc a,_SendX[1]
  96  008F  3C0A        	sz c
  96  0090  2800     R  	jmp _L44
  98  0091              #line 98 "C:\Users\Tsai\Desktop\DATATRAN\Sevro_TM_button.c"
  98  0091  0F0A        	mov a,10
  98  0092  0200     R  	sub a,_HallData[0]
  98  0093  380A        	snz c
"File: Sevro_TM_button.c  Assembler  Version HGASM0202      Page 21

  98  0094  2800     R  	jmp _L47
 100  0095              #line 100 "C:\Users\Tsai\Desktop\DATATRAN\Sevro_TM_button.c"
 100  0095  0F50        	mov a,80
 100  0096              	fcall _Moto_C
 101  009D              #line 101 "C:\Users\Tsai\Desktop\DATATRAN\Sevro_TM_button.c"
 101  009D  0F2C        	mov a,44
 101  009E              	fcall _delay_ms
 102  00A5              #line 102 "C:\Users\Tsai\Desktop\DATATRAN\Sevro_TM_button.c"
 102  00A5  0F5A        	mov a,90
 102  00A6              	fcall _Moto_C
 102  00AD              _L47:
 105  00AD              #line 105 "C:\Users\Tsai\Desktop\DATATRAN\Sevro_TM_button.c"
 105  00AD              	fcall _AxisCal
 106  00B4              #line 106 "C:\Users\Tsai\Desktop\DATATRAN\Sevro_TM_button.c"
 106  00B4  0F00     R  	mov a,low offset _XArr
 106  00B5  0080     R  	mov _ShiftRightArray_2[0],a
 106  00B6  0F00     R  	mov a,high offset _XArr
 106  00B7  0080     R  	mov _ShiftRightArray_2[1],a
 106  00B8              	fcall _ShiftRightArray
 107  00BF              #line 107 "C:\Users\Tsai\Desktop\DATATRAN\Sevro_TM_button.c"
 107  00BF  0F02        	mov a,2
 107  00C0  0080     E  	mov _qsort_2[4],a
 107  00C1  1F00     E  	clr _qsort_2[5]
 107  00C2  0F05        	mov a,5
 107  00C3  0080     E  	mov _qsort_2[2],a
 107  00C4  1F00     E  	clr _qsort_2[3]
 107  00C5  0F00     R  	mov a,low offset _XArrSort
 107  00C6  0080     E  	mov _qsort_2[0],a
 107  00C7  0F00     R  	mov a,high offset _XArrSort
 107  00C8  0080     E  	mov _qsort_2[1],a
 107  00C9              	fcall _qsort
 108  00D0              #line 108 "C:\Users\Tsai\Desktop\DATATRAN\Sevro_TM_button.c"
 108  00D0  0F00     R  	mov a,low offset _XArrSort
 108  00D1  0080     R  	mov _VariancePulsByLoad_2[0],a
 108  00D2  0F00     R  	mov a,high offset _XArrSort
 108  00D3  0080     R  	mov _VariancePulsByLoad_2[1],a
 108  00D4              	fcall _VariancePulsByLoad
 109  00DB              #line 109 "C:\Users\Tsai\Desktop\DATATRAN\Sevro_TM_button.c"
 109  00DB              	fcall _TranAxis
 110  00E2              #line 110 "C:\Users\Tsai\Desktop\DATATRAN\Sevro_TM_button.c"
 110  00E2              	fcall _TranHall
 110  00E9  2800     R  	jmp _L46
 110  00EA  2800     R  	jmp $
 110  00EB              _main endp
 110  00EB              
 110  00EB              @dummy endp
 110  00EB              
 110  00EB              #line 110 "C:\Users\Tsai\Desktop\DATATRAN\Sevro_TM_button.c"
 110  00EB              #pragma debug scope 1 1
 110  00EB              public _SendX
 110  0000              @HCCINIT	.section 'data'
  49  0000              #line 49 "C:\Users\Tsai\Desktop\DATATRAN\Sevro_TM_button.c"
  49  0000              @HCCINIT_SendX .section 'data'
  49  0000              _SendX label byte
  49  0000              #pragma debug variable 10 1 _SendX "SendX"
  49  0000              	db 0
  49  0000              @ROMDATA_BASE .section inpage 'code'
  49  0000              	db 0
  49  0001              @HCCINIT_SendX .section 'data'
  49  0001              	db 0
"File: Sevro_TM_button.c  Assembler  Version HGASM0202      Page 22

  49  0001              @ROMDATA_BASE .section inpage 'code'
  49  0001              	db 0
  49  0002              @HCCINIT_SendX .section 'data'
  48  0002              #line 48 "C:\Users\Tsai\Desktop\DATATRAN\Sevro_TM_button.c"
  48  0002              public _tempx
  48  0000              @HCCINIT0_tempx .section 'data'
  48  0000  0002[       _tempx	db 2 dup(0)
            00
            ]
  48  0002              #pragma debug variable 10 1 _tempx "tempx"
  48  0002              
  48  0000              @HCCINIT .section 'data'
  48  0000              #line 48 "C:\Users\Tsai\Desktop\DATATRAN\Sevro_TM_button.c"
  48  0000              public _XArrSort
  48  0000              @HCCINIT0_XArrSort .section 'data'
  48  0000  000A[       _XArrSort	db 10 dup(0)
            00
            ]
  48  000A              #pragma debug array 45 12 5 1
  48  000A              #pragma debug array 45 12 5 1
  48  000A              #pragma debug variable 45 1 _XArrSort "XArrSort"
  48  000A              
  48  0000              @HCCINIT .section 'data'
  47  0000              #line 47 "C:\Users\Tsai\Desktop\DATATRAN\Sevro_TM_button.c"
  47  0000              public _auto1
  47  0000              @HCCINIT0_auto1 .section 'data'
  47  0000  0002[       _auto1	db 2 dup(0)
            00
            ]
  47  0002              #pragma debug variable 9 1 _auto1 "auto1"
  47  0002              
  47  0000              @HCCINIT .section 'data'
  47  0000              #line 47 "C:\Users\Tsai\Desktop\DATATRAN\Sevro_TM_button.c"
  47  0000              public _Index
  47  0000              @HCCINIT0_Index .section 'data'
  47  0000  0002[       _Index	db 2 dup(0)
            00
            ]
  47  0002              #pragma debug variable 9 1 _Index "Index"
  47  0002              
  47  0000              @HCCINIT .section 'data'
  47  0000              #line 47 "C:\Users\Tsai\Desktop\DATATRAN\Sevro_TM_button.c"
  47  0000              public _temp
  47  0000              @HCCINIT0_temp .section 'data'
  47  0000  0002[       _temp	db 2 dup(0)
            00
            ]
  47  0002              #pragma debug variable 9 1 _temp "temp"
  47  0002              
  47  0000              @HCCINIT .section 'data'
  46  0000              #line 46 "C:\Users\Tsai\Desktop\DATATRAN\Sevro_TM_button.c"
  46  0000              public _i
  46  0000              @HCCINIT0_i .section 'data'
  46  0000              _i	db 0
  46  0001              #pragma debug variable 8 1 _i "i"
  46  0001              
  46  0000              @HCCINIT .section 'data'
  46  0000              #line 46 "C:\Users\Tsai\Desktop\DATATRAN\Sevro_TM_button.c"
  46  0000              public _Whell100ms
  46  0000              @HCCINIT0_Whell100ms .section 'data'
"File: Sevro_TM_button.c  Assembler  Version HGASM0202      Page 23

  46  0000              _Whell100ms	db 0
  46  0001              #pragma debug variable 8 1 _Whell100ms "Whell100ms"
  46  0001              
  46  0000              @HCCINIT .section 'data'
  46  0000              #line 46 "C:\Users\Tsai\Desktop\DATATRAN\Sevro_TM_button.c"
  46  0000              public _Whell
  46  0000              @HCCINIT0_Whell .section 'data'
  46  0000              _Whell	db 0
  46  0001              #pragma debug variable 8 1 _Whell "Whell"
  46  0001              
  46  0000              @HCCINIT .section 'data'
  46  0000              #line 46 "C:\Users\Tsai\Desktop\DATATRAN\Sevro_TM_button.c"
  46  0000              public _Hall200ms
  46  0000              @HCCINIT0_Hall200ms .section 'data'
  46  0000              _Hall200ms	db 0
  46  0001              #pragma debug variable 8 1 _Hall200ms "Hall200ms"
  46  0001              
  46  0000              @HCCINIT .section 'data'
  46  0000              #line 46 "C:\Users\Tsai\Desktop\DATATRAN\Sevro_TM_button.c"
  46  0000              public _AD10ms
  46  0000              @HCCINIT0_AD10ms .section 'data'
  46  0000              _AD10ms	db 0
  46  0001              #pragma debug variable 8 1 _AD10ms "AD10ms"
  46  0001              
  46  0000              @HCCINIT .section 'data'
  46  0000              #line 46 "C:\Users\Tsai\Desktop\DATATRAN\Sevro_TM_button.c"
  46  0000              public _R1sec
  46  0000              @HCCINIT0_R1sec .section 'data'
  46  0000              _R1sec	db 0
  46  0001              #pragma debug variable 8 1 _R1sec "R1sec"
  46  0001              
  46  0000              @HCCINIT .section 'data'
  46  0000              #line 46 "C:\Users\Tsai\Desktop\DATATRAN\Sevro_TM_button.c"
  46  0000              public _SEC
  46  0000              @HCCINIT0_SEC .section 'data'
  46  0000              _SEC	db 0
  46  0001              #pragma debug variable 8 1 _SEC "SEC"
  46  0001              
  46  0000              @HCCINIT .section 'data'
  46  0000              public _XArrAvg
  32  0000              #line 32 "C:\Users\Tsai\Desktop\DATATRAN\Sevro_TM_button.c"
  32  0000              @HCCINIT_XArrAvg .section 'data'
  32  0000              _XArrAvg label byte
  32  0000              #pragma debug variable 10 1 _XArrAvg "XArrAvg"
  32  0000              	db 0
  32  0001              @ROMDATA_BASE .section inpage 'code'
  32  0001              	db 0
  32  0001              @HCCINIT_XArrAvg .section 'data'
  32  0001              	db 0
  32  0002              @ROMDATA_BASE .section inpage 'code'
  32  0002              	db 0
  32  0002              @HCCINIT_XArrAvg .section 'data'
  32  0002              #line 32 "C:\Users\Tsai\Desktop\DATATRAN\Sevro_TM_button.c"
  32  0002              public _ADx
  32  0000              @HCCINIT0_ADx .section 'data'
  32  0000  0002[       _ADx	db 2 dup(0)
            00
            ]
  32  0002              #pragma debug variable 10 1 _ADx "ADx"
  32  0002              
"File: Sevro_TM_button.c  Assembler  Version HGASM0202      Page 24

  32  0000              @HCCINIT .section 'data'
  32  0000              #line 32 "C:\Users\Tsai\Desktop\DATATRAN\Sevro_TM_button.c"
  32  0000              public _XArr
  32  0000              @HCCINIT0_XArr .section 'data'
  32  0000  000A[       _XArr	db 10 dup(0)
            00
            ]
  32  000A              #pragma debug variable 45 1 _XArr "XArr"
  32  000A              
  32  0000              @HCCINIT .section 'data'
  32  0000              public _HallCount
  31  0000              #line 31 "C:\Users\Tsai\Desktop\DATATRAN\Sevro_TM_button.c"
  31  0000              @HCCINIT_HallCount .section 'data'
  31  0000              _HallCount label byte
  31  0000              #pragma debug variable 8 1 _HallCount "HallCount"
  31  0000              	db 0
  31  0002              @ROMDATA_BASE .section inpage 'code'
  31  0002              	db 0
  31  0001              @HCCINIT_HallCount .section 'data'
  31  0001              public _HallData
  30  0001              #line 30 "C:\Users\Tsai\Desktop\DATATRAN\Sevro_TM_button.c"
  30  0000              @HCCINIT_HallData .section 'data'
  30  0000              _HallData label byte
  30  0000              #pragma debug variable 8 1 _HallData "HallData"
  30  0000              	db 0
  30  0003              @ROMDATA_BASE .section inpage 'code'
  30  0003              	db 0
  30  0001              @HCCINIT_HallData .section 'data'
  29  0001              #line 29 "C:\Users\Tsai\Desktop\DATATRAN\Sevro_TM_button.c"
  29  0001              public _HallSUM
  29  0000              @HCCINIT0_HallSUM .section 'data'
  29  0000              _HallSUM	db 0
  29  0001              #pragma debug variable 8 1 _HallSUM "HallSUM"
  29  0001              
  29  0000              @HCCINIT .section 'data'
  29  0000              #line 29 "C:\Users\Tsai\Desktop\DATATRAN\Sevro_TM_button.c"
  29  0000              public _HallCRC
  29  0000              @HCCINIT0_HallCRC .section 'data'
  29  0000              _HallCRC	db 0
  29  0001              #pragma debug variable 8 1 _HallCRC "HallCRC"
  29  0001              
  29  0000              @HCCINIT .section 'data'
  28  0000              #line 28 "C:\Users\Tsai\Desktop\DATATRAN\Sevro_TM_button.c"
  28  0000              public _AXSUM
  28  0000              @HCCINIT0_AXSUM .section 'data'
  28  0000              _AXSUM	db 0
  28  0001              #pragma debug variable 8 1 _AXSUM "AXSUM"
  28  0001              
  28  0000              @HCCINIT .section 'data'
  28  0000              #line 28 "C:\Users\Tsai\Desktop\DATATRAN\Sevro_TM_button.c"
  28  0000              public _AXCRC
  28  0000              @HCCINIT0_AXCRC .section 'data'
  28  0000              _AXCRC	db 0
  28  0001              #pragma debug variable 8 1 _AXCRC "AXCRC"
  28  0001              
  28  0000              @HCCINIT .section 'data'
  28  0000              public _Hacount
  26  0000              #line 26 "C:\Users\Tsai\Desktop\DATATRAN\Sevro_TM_button.c"
  26  0000              @HCCINIT_Hacount .section 'data'
  26  0000              _Hacount label byte
"File: Sevro_TM_button.c  Assembler  Version HGASM0202      Page 25

  26  0000              #pragma debug variable 8 1 _Hacount "Hacount"
  26  0000              	db 0
  26  0003              @ROMDATA_BASE .section inpage 'code'
  26  0003              	db 0
  26  0001              @HCCINIT_Hacount .section 'data'
  26  0001              public _Axcount
  25  0001              #line 25 "C:\Users\Tsai\Desktop\DATATRAN\Sevro_TM_button.c"
  25  0000              @HCCINIT_Axcount .section 'data'
  25  0000              _Axcount label byte
  25  0000              #pragma debug variable 8 1 _Axcount "Axcount"
  25  0000              	db 0
  25  0004              @ROMDATA_BASE .section inpage 'code'
  25  0004              	db 0
  25  0001              @HCCINIT_Axcount .section 'data'
  24  0001              #line 24 "C:\Users\Tsai\Desktop\DATATRAN\Sevro_TM_button.c"
  24  0001              public _HallHead
  24  0000              @HCCINIT0_HallHead .section 'data'
  24  0000              _HallHead	db 0
  24  0001              #pragma debug variable 8 1 _HallHead "HallHead"
  24  0001              
  24  0000              @HCCINIT .section 'data'
  23  0000              #line 23 "C:\Users\Tsai\Desktop\DATATRAN\Sevro_TM_button.c"
  23  0000              public _Head
  23  0000              @HCCINIT0_Head .section 'data'
  23  0000              _Head	db 0
  23  0001              #pragma debug variable 8 1 _Head "Head"
  23  0001              
  23  0000              @HCCINIT .section 'data'
  22  0000              #line 22 "C:\Users\Tsai\Desktop\DATATRAN\Sevro_TM_button.c"
  22  0000              public _AxisX
  22  0000              @HCCINIT0_AxisX .section 'data'
  22  0000  0002[       _AxisX	db 2 dup(0)
            00
            ]
  22  0002              #pragma debug variable 10 1 _AxisX "AxisX"
  22  0002              
  22  0000              @HCCINIT .section 'data'
  21  0000              #line 21 "C:\Users\Tsai\Desktop\DATATRAN\Sevro_TM_button.c"
  21  0000              public _SendXL
  21  0000              @HCCINIT0_SendXL .section 'data'
  21  0000              _SendXL	db 0
  21  0001              #pragma debug variable 8 1 _SendXL "SendXL"
  21  0001              
  21  0000              @HCCINIT .section 'data'
  20  0000              #line 20 "C:\Users\Tsai\Desktop\DATATRAN\Sevro_TM_button.c"
  20  0000              public _SendXH
  20  0000              @HCCINIT0_SendXH .section 'data'
  20  0000              _SendXH	db 0
  20  0001              #pragma debug variable 8 1 _SendXH "SendXH"
  20  0001              
  20  0000              @HCCINIT .section 'data'
  19  0000              #line 19 "C:\Users\Tsai\Desktop\DATATRAN\Sevro_TM_button.c"
  19  0000              public _AxisXL
  19  0000              @HCCINIT0_AxisXL .section 'data'
  19  0000              _AxisXL	db 0
  19  0001              #pragma debug variable 8 1 _AxisXL "AxisXL"
  19  0001              
  19  0000              @HCCINIT .section 'data'
  18  0000              #line 18 "C:\Users\Tsai\Desktop\DATATRAN\Sevro_TM_button.c"
  18  0000              public _AxisXH
"File: Sevro_TM_button.c  Assembler  Version HGASM0202      Page 26

  18  0000              @HCCINIT0_AxisXH .section 'data'
  18  0000              _AxisXH	db 0
  18  0001              #pragma debug variable 8 1 _AxisXH "AxisXH"
  18  0001              
  18  0000              @HCCINIT .section 'data'
  18  0000              #pragma debug struct_end
  18  0000              #pragma debug struct_end
  18  0000              #pragma debug union_end
  18  0000              #pragma debug union_end
  18  0000              #pragma debug variable 47 1 ___papu "__papu" 1
  18  0000              #pragma debug struct_end
  18  0000              #pragma debug struct_end
  18  0000              #pragma debug union_end
  18  0000              #pragma debug union_end
  18  0000              #pragma debug variable 49 1 ___pac "__pac" 1
  18  0000              #pragma debug struct_end
  18  0000              #pragma debug struct_end
  18  0000              #pragma debug union_end
  18  0000              #pragma debug union_end
  18  0000              #pragma debug variable 51 1 ___pc "__pc" 1
  18  0000              #pragma debug struct_end
  18  0000              #pragma debug struct_end
  18  0000              #pragma debug union_end
  18  0000              #pragma debug union_end
  18  0000              #pragma debug variable 53 1 ___pcc "__pcc" 1
  18  0000              #pragma debug struct_end
  18  0000              #pragma debug struct_end
  18  0000              #pragma debug union_end
  18  0000              #pragma debug union_end
  18  0000              #pragma debug variable 55 1 ___pepu "__pepu" 1
  18  0000              #pragma debug struct_end
  18  0000              #pragma debug struct_end
  18  0000              #pragma debug union_end
  18  0000              #pragma debug union_end
  18  0000              #pragma debug variable 57 1 ___pec "__pec" 1
  18  0000              #pragma debug struct_end
  18  0000              #pragma debug struct_end
  18  0000              #pragma debug union_end
  18  0000              #pragma debug union_end
  18  0000              #pragma debug variable 59 1 ___intc0 "__intc0" 1
  18  0000              #pragma debug struct_end
  18  0000              #pragma debug struct_end
  18  0000              #pragma debug union_end
  18  0000              #pragma debug union_end
  18  0000              #pragma debug variable 61 1 ___intc3 "__intc3" 1
  18  0000              #pragma debug struct_end
  18  0000              #pragma debug struct_end
  18  0000              #pragma debug union_end
  18  0000              #pragma debug union_end
  18  0000              #pragma debug variable 63 1 ___mfi0 "__mfi0" 1
  18  0000              #pragma debug struct_end
  18  0000              #pragma debug struct_end
  18  0000              #pragma debug union_end
  18  0000              #pragma debug union_end
  18  0000              #pragma debug variable 65 1 ___mfi4 "__mfi4" 1
  18  0000              #pragma debug struct_end
  18  0000              #pragma debug struct_end
  18  0000              #pragma debug union_end
  18  0000              #pragma debug union_end
  18  0000              #pragma debug variable 67 1 ___integ "__integ" 1
"File: Sevro_TM_button.c  Assembler  Version HGASM0202      Page 27

  18  0000              #pragma debug struct_end
  18  0000              #pragma debug struct_end
  18  0000              #pragma debug union_end
  18  0000              #pragma debug union_end
  18  0000              #pragma debug variable 69 1 ___wdtc "__wdtc" 1
  18  0000              #pragma debug struct_end
  18  0000              #pragma debug struct_end
  18  0000              #pragma debug union_end
  18  0000              #pragma debug union_end
  18  0000              #pragma debug variable 71 1 ___tm2c0 "__tm2c0" 1
  18  0000              #pragma debug struct_end
  18  0000              #pragma debug struct_end
  18  0000              #pragma debug union_end
  18  0000              #pragma debug union_end
  18  0000              #pragma debug variable 73 1 ___tm2c1 "__tm2c1" 1
  18  0000              #pragma debug variable 8 1 ___tm2al "__tm2al" 1
  18  0000              #pragma debug variable 8 1 ___tm2ah "__tm2ah" 1
  18  0000              #pragma debug variable 8 1 ___tm2rp "__tm2rp" 1
  18  0000              #pragma debug struct_end
  18  0000              #pragma debug struct_end
  18  0000              #pragma debug union_end
  18  0000              #pragma debug union_end
  18  0000              #pragma debug variable 75 1 ___tm0c0 "__tm0c0" 1
  18  0000              #pragma debug struct_end
  18  0000              #pragma debug struct_end
  18  0000              #pragma debug union_end
  18  0000              #pragma debug union_end
  18  0000              #pragma debug variable 77 1 ___tm0c1 "__tm0c1" 1
  18  0000              #pragma debug variable 8 1 ___tm0al "__tm0al" 1
  18  0000              #pragma debug variable 8 1 ___tm0ah "__tm0ah" 1
  18  0000              #pragma debug struct_end
  18  0000              #pragma debug struct_end
  18  0000              #pragma debug union_end
  18  0000              #pragma debug union_end
  18  0000              #pragma debug variable 79 1 ___adcr0 "__adcr0" 1
  18  0000              #pragma debug struct_end
  18  0000              #pragma debug struct_end
  18  0000              #pragma debug union_end
  18  0000              #pragma debug union_end
  18  0000              #pragma debug variable 81 1 ___adcr1 "__adcr1" 1
  18  0000              #pragma debug variable 8 1 ___adrl "__adrl" 1
  18  0000              #pragma debug variable 8 1 ___adrh "__adrh" 1
  18  0000              #pragma debug struct_end
  18  0000              #pragma debug struct_end
  18  0000              #pragma debug union_end
  18  0000              #pragma debug union_end
  18  0000              #pragma debug variable 83 1 ___ifs0 "__ifs0" 1
  18  0000              #pragma debug struct_end
  18  0000              #pragma debug struct_end
  18  0000              #pragma debug union_end
  18  0000              #pragma debug union_end
  18  0000              #pragma debug variable 85 1 ___tm4c0 "__tm4c0" 1
  18  0000              #pragma debug struct_end
  18  0000              #pragma debug struct_end
  18  0000              #pragma debug union_end
  18  0000              #pragma debug union_end
  18  0000              #pragma debug variable 87 1 ___tm4c1 "__tm4c1" 1
  18  0000              #pragma debug variable 8 1 ___tm4al "__tm4al" 1
  18  0000              #pragma debug variable 8 1 ___tm4ah "__tm4ah" 1
  18  0000              #pragma debug struct_end
"File: Sevro_TM_button.c  Assembler  Version HGASM0202      Page 28

  18  0000              #pragma debug struct_end
  18  0000              #pragma debug union_end
  18  0000              #pragma debug union_end
  18  0000              #pragma debug variable 89 1 ___pas2 "__pas2" 1
  18  0000              #pragma debug struct_end
  18  0000              #pragma debug struct_end
  18  0000              #pragma debug union_end
  18  0000              #pragma debug union_end
  18  0000              #pragma debug variable 91 1 ___pds2 "__pds2" 1
  18  0000              extern r1:byte
  18  0000              extern r2:byte
  18  0000              extern r3:byte
  68  0000              #line 68 "C:\Users\Tsai\Desktop\DATATRAN\Sevro_TM_button.c"
  68  0000              @code .section at 0 'code'
  68  0000  1F0B        	clr bp
  68  0001  2800     R  	jmp _main_startup1
  68  0002              
  68  0002              extern _builtin_holtek_mulhi3_2:byte
  68  0002              extern _builtin_holtek_mulhi3:near
  68  0002              extern _pow_2:byte
  68  0002              extern _pow:near
  68  0002              extern _builtin_holtek_mant1:byte
  68  0002              extern _builtin_holtek_mant12p:byte
  68  0002              extern _builtin_holtek_signs:byte
  68  0002              extern _builtin_holtek_uitod:near
  68  0002              extern _builtin_holtek_dtol:near
  68  0002              extern _sqrt_2:byte
  68  0002              extern _sqrt:near
  68  0002              extern _qsort_2:byte
  68  0002              extern _qsort:near
  68  0002              
  68  0002              ; 
  68  0002              ; Generated by holtek-gcc v3.18, Wed Nov 21 22:40:22 2018
  68  0002              ; Rebuild 828
  68  0002              ; end of file


        0 Errors, 0