"File: main.c        Assembler  Version HGASM0202      Page 1


   1  0000              ; Generated by holtek-gcc v3.18, Sat Nov 10 21:41:40 2018
   2  0000              ; 
   3  0000              ; Configuration:
   4  0000              ;       with long instruction
   5  0000              ;       Multi-ROM, Multi-RAM
   6  0000              ;       bits_per_rom_unit:16
   7  0000              ;       with mp1
   8  0000              ;       with tbhp, address(0x9)
   9  0000              ;          Use tabrd-const
  10  0000              ;       
  11  0000              ; SFR address of long-instruction arch:
  12  0000              ;    mp0 = -1,1,0
  13  0000              ;    mp1 = 4,3,2
  14  0000              ;    mp2 = 14,13,12
  15  0000              ;    tbp = 9,7,8
  16  0000              ;    acc = 5
  17  0000              ;    pcl = 6
  18  0000              ;    status = 10
  19  0000              ;    bp = 11
  20  0000              ;    intc = 48
  21  0000              ;       
  22  0000              ;       
  23  0000              ; use 'tabrdc' instead of 'tabrd'
  24  0000              ;       
  25  0000              
  26  0000              #pragma translator "holtek-gcc 4.6.4" "3.18" "build 20130711"
  27  0000              ; Rebuild 521
  28  0000              
  29  0000              ir equ [2]
  30  0000              mp equ [3]
  31  0000              sbp equ [4]
  32  0000              acc equ [5]
  33  0000              bp equ [11]
  34  0000              tblp equ [7]
  35  0000              tbhp equ [9]
  36  0000              status equ [10]
  37  0000              c equ [10].0
  38  0000              ac equ [10].1
  39  0000              z equ [10].2
  40  0000              ov equ [10].3
  41  0000              cz equ [10].6
  42  0000              sc equ [10].7
  43  0000              intc equ [48]
  44  0000              
  45  0000              extern ra:byte
  46  0000              extern rb:byte
  47  0000              extern rc:byte
  48  0000              extern rd:byte
  49  0000              extern re:byte
  50  0000              extern rf:byte
  51  0000              extern rg:byte
  52  0000              extern rh:byte
  53  0000              extern _Crom2Prom:near
  54  0000              extern _Crom2PromNext:near
  55  0000              
  56  0000              RAMBANK 0 @BITDATASEC, @BITDATASEC1
  57  0000              @HCCINIT	.section 'data'
  58  0000              @HCCINIT0	.section 'data'
  59  0000              @BITDATASEC	 .section 'data'
"File: main.ASM      Assembler  Version HGASM0202      Page 2

  60  0000              @BITDATASEC1	 .section 'data'
  61  0000              
  62  0000              #pragma debug scope 1 1
  63  0000              	extern __DELAY3:near
  64  0000              	extern __DELAYX3:near
  65  0000              	extern __DELAYX6:near
  66  0000              	extern __DELAYY5:near
  67  0000              	extern __DELAYY3:near
  68  0000              	extern _builtin_holtek_delay_2:byte
  69  0000              ___tm0al equ [98]
  70  0000              ___tm0ah equ [99]
  71  0000              ___pc equ [26]
  72  0000              ___tm0c0 equ [94]
  73  0000              ___mfi0 equ [52]
  74  0000              public _UARTTxData
  75  0000              #pragma debug scope 2 1

  34  0000              #line 34 "D:\Users\IIIT\Desktop\7專案_ADC+UART+BUZZER\main.c"
  34  0000              _UARTTxData .section 'code'
  34  0000              _UARTTxData proc
  34  0000  00              local _UARTTxData_2 db 1 dup(?)	; 0,1
  34  0000  0080     R  	mov _UARTTxData_2[0],a
  34  0001              #pragma debug variable 8 2 _UARTTxData_2+0 "data"
  35  0001              #line 35 "D:\Users\IIIT\Desktop\7專案_ADC+UART+BUZZER\main.c"
  35  0001  0F41        	mov a,65
  35  0002  00E2        	mov [98],a
  35  0003  0F03        	mov a,3
  35  0004  00E3        	mov [99],a
  36  0005              #line 36 "D:\Users\IIIT\Desktop\7專案_ADC+UART+BUZZER\main.c"
  36  0005  349A        	clr [26].1
  37  0006              #line 37 "D:\Users\IIIT\Desktop\7專案_ADC+UART+BUZZER\main.c"
  37  0006  31DE        	set [94].3
  38  0007              #line 38 "D:\Users\IIIT\Desktop\7專案_ADC+UART+BUZZER\main.c"
  38  0007  36B4        	clr [52].5
  38  0008              _L3:
  39  0008              #line 39 "D:\Users\IIIT\Desktop\7專案_ADC+UART+BUZZER\main.c"
  39  0008  3AB4        	snz [52].5
  39  0009  2800     R  	jmp _L3
  40  000A              #line 40 "D:\Users\IIIT\Desktop\7專案_ADC+UART+BUZZER\main.c"
  40  000A  36B4        	clr [52].5
  40  000B  1F00     E  	clr rb
  34  000C              #line 34 "D:\Users\IIIT\Desktop\7專案_ADC+UART+BUZZER\main.c"
  34  000C  0F01        	mov a,1
  34  000D  0080     E  	mov ra,a
  34  000E              _L7:
  42  000E              #line 42 "D:\Users\IIIT\Desktop\7專案_ADC+UART+BUZZER\main.c"
  42  000E  0700     E  	mov a,ra
  42  000F  0600     R  	and a,_UARTTxData_2[0]
  42  0010  0080     E  	mov rc,a
  42  0011  0F00        	mov a,0
  42  0012  0200     E  	sub a,rc
  42  0013  0080     E  	mov rd,a
  42  0014  0700     E  	mov a,rd
  42  0015  0580     E  	orm a,rc
  42  0016  1A80     E  	rlc rc
  42  0017  1F00     E  	clr rc
  42  0018  1A80     E  	rlc rc
  42  0019  0700     E  	mov a,rc
  42  001A  0380     E  	addm a,rc
  42  001B  349A        	clr [26].1
"File: main.c        Assembler  Version HGASM0202      Page 3

  42  001C  0700     E  	mov a,rc
  42  001D  059A        	orm a,[26]
  42  001E              _L5:
  43  001E              #line 43 "D:\Users\IIIT\Desktop\7專案_ADC+UART+BUZZER\main.c"
  43  001E  3AB4        	snz [52].5
  43  001F  2800     R  	jmp _L5
  44  0020              #line 44 "D:\Users\IIIT\Desktop\7專案_ADC+UART+BUZZER\main.c"
  44  0020  36B4        	clr [52].5
  45  0021              #line 45 "D:\Users\IIIT\Desktop\7專案_ADC+UART+BUZZER\main.c"
  45  0021  0700     E  	mov a,ra
  45  0022  0380     E  	addm a,ra
  45  0023  1480     E  	inc rb
  46  0024              #line 46 "D:\Users\IIIT\Desktop\7專案_ADC+UART+BUZZER\main.c"
  46  0024  0700     E  	mov a,rb
  46  0025  0A08        	sub a,8
  46  0026  390A        	snz z
  46  0027  2800     R  	jmp _L7
  47  0028              #line 47 "D:\Users\IIIT\Desktop\7專案_ADC+UART+BUZZER\main.c"
  47  0028  309A        	set [26].1
  47  0029              _L9:
  48  0029              #line 48 "D:\Users\IIIT\Desktop\7專案_ADC+UART+BUZZER\main.c"
  48  0029  3AB4        	snz [52].5
  48  002A  2800     R  	jmp _L9
  49  002B              #line 49 "D:\Users\IIIT\Desktop\7專案_ADC+UART+BUZZER\main.c"
  49  002B  35DE        	clr [94].3
  49  002C  0003        	ret
  49  002D              _UARTTxData endp
  49  002D              #line 49 "D:\Users\IIIT\Desktop\7專案_ADC+UART+BUZZER\main.c"
  49  002D              #pragma debug scope 1 1
  49  002D              public _delay_ms
  49  002D              #pragma debug scope 3 1
  52  002D              #line 52 "D:\Users\IIIT\Desktop\7專案_ADC+UART+BUZZER\main.c"
  52  0000              _delay_ms .section 'code'
  52  0000              _delay_ms proc
  52  0000              public _delay_ms_2
  52  0000  0002[           local _delay_ms_2 db 2 dup(?)	; 2,0
            00
            ]
  52  0002              #pragma debug variable 10 3 _delay_ms_2+0 "del"
  53  0002              #line 53 "D:\Users\IIIT\Desktop\7專案_ADC+UART+BUZZER\main.c"
  53  0000  1F00     E  	clr rb
  53  0001  1F00     E  	clr rc
  53  0002  2800     R  	jmp _L12
  53  0003              _L13:
  53  0003              #line 53 "D:\Users\IIIT\Desktop\7專案_ADC+UART+BUZZER\main.c"
  53  0003              ;# 53 "D:\Users\IIIT\Desktop\7專案_ADC+UART+BUZZER\main.c" 1
  53  0003              	IF 2000>263690
  53  0003              ;# 53 "D:\Users\IIIT\Desktop\7專案_ADC+UART+BUZZER\main.c" 1
  53  0003              	ERRMESSAGE 'the value 2000of the argument exceeds the maxinum 263690'
  53  0003              	ENDIF
  53  0003              ;# 53 "D:\Users\IIIT\Desktop\7專案_ADC+UART+BUZZER\main.c" 1
  53  0003              	IF 2000<0
  53  0003              ;# 53 "D:\Users\IIIT\Desktop\7專案_ADC+UART+BUZZER\main.c" 1
  53  0003              	ERRMESSAGE 'the value 2000 of the argument exceeds the mininum 0'
  53  0003              	ENDIF
  53  0003              ;# 53 "D:\Users\IIIT\Desktop\7專案_ADC+UART+BUZZER\main.c" 1
  53  0003              	IF 2000==0
  53  0003              ;# 53 "D:\Users\IIIT\Desktop\7專案_ADC+UART+BUZZER\main.c" 1
  53  0003              	JMP $
  53  0003              	ENDIF
"File: main.c        Assembler  Version HGASM0202      Page 4

  53  0003              ;# 53 "D:\Users\IIIT\Desktop\7專案_ADC+UART+BUZZER\main.c" 1
  53  0003              	IF (2000>=1) AND (2000<( 4 + __PBP__ * 2))
  53  0003              ;# 53 "D:\Users\IIIT\Desktop\7專案_ADC+UART+BUZZER\main.c" 1
  53  0003              	NOP
  53  0003              	ENDIF
  53  0003              ;# 53 "D:\Users\IIIT\Desktop\7專案_ADC+UART+BUZZER\main.c" 1
  53  0003              	IF (2000>=2) AND (2000<( 4 + __PBP__ * 2))
  53  0003              ;# 53 "D:\Users\IIIT\Desktop\7專案_ADC+UART+BUZZER\main.c" 1
  53  0003              	NOP
  53  0003              	ENDIF
  53  0003              ;# 53 "D:\Users\IIIT\Desktop\7專案_ADC+UART+BUZZER\main.c" 1
  53  0003              	IF (2000>=3) AND (2000<( 4 + __PBP__ * 2))
  53  0003              ;# 53 "D:\Users\IIIT\Desktop\7專案_ADC+UART+BUZZER\main.c" 1
  53  0003              	NOP
  53  0003              	ENDIF
  53  0003              ;# 53 "D:\Users\IIIT\Desktop\7專案_ADC+UART+BUZZER\main.c" 1
  53  0003              	IF (2000>=4) AND (2000<( 4 + __PBP__ * 2)) AND ( __PBP__ > 0 )
  53  0003              ;# 53 "D:\Users\IIIT\Desktop\7專案_ADC+UART+BUZZER\main.c" 1
  53  0003              	NOP
  53  0003              	ENDIF
  53  0003              ;# 53 "D:\Users\IIIT\Desktop\7專案_ADC+UART+BUZZER\main.c" 1
  53  0003              	IF (2000>=5) AND (2000<( 4 + __PBP__ * 2)) AND ( __PBP__ > 0 )
  53  0003              ;# 53 "D:\Users\IIIT\Desktop\7專案_ADC+UART+BUZZER\main.c" 1
  53  0003              	NOP
  53  0003              	ENDIF
  53  0003              ;# 53 "D:\Users\IIIT\Desktop\7專案_ADC+UART+BUZZER\main.c" 1
  53  0003              	IF (2000>=6) AND (2000<( 4 + __PBP__ * 2))  AND ( __PBP__ > 1 )
  53  0003              ;# 53 "D:\Users\IIIT\Desktop\7專案_ADC+UART+BUZZER\main.c" 1
  53  0003              	NOP
  53  0003              	ENDIF
  53  0003              ;# 53 "D:\Users\IIIT\Desktop\7專案_ADC+UART+BUZZER\main.c" 1
  53  0003              	IF (2000>=7) AND (2000<( 4 + __PBP__ * 2))  AND ( __PBP__ > 1 )
  53  0003              ;# 53 "D:\Users\IIIT\Desktop\7專案_ADC+UART+BUZZER\main.c" 1
  53  0003              	NOP
  53  0003              	ENDIF
  53  0003              ;# 53 "D:\Users\IIIT\Desktop\7專案_ADC+UART+BUZZER\main.c" 1
  53  0003              	IF (2000>=8) AND (2000<( 4 + __PBP__ * 2))  AND ( __PBP__ > 2 )
  53  0003              ;# 53 "D:\Users\IIIT\Desktop\7專案_ADC+UART+BUZZER\main.c" 1
  53  0003              	NOP
  53  0003              	ENDIF
  53  0003              ;# 53 "D:\Users\IIIT\Desktop\7專案_ADC+UART+BUZZER\main.c" 1
  53  0003              	IF (2000==9)  AND ( __PBP__ > 2 )
  53  0003              ;# 53 "D:\Users\IIIT\Desktop\7專案_ADC+UART+BUZZER\main.c" 1
  53  0003              	NOP
  53  0003              	ENDIF
  53  0003              ;# 53 "D:\Users\IIIT\Desktop\7專案_ADC+UART+BUZZER\main.c" 1
  53  0003              	IF (2000< ( 8 + __PBP__ * 2)) AND (2000>( 3 + __PBP__ * 2))
  53  0003              ;# 53 "D:\Users\IIIT\Desktop\7專案_ADC+UART+BUZZER\main.c" 1
  53  0003              	fcall __DELAY3 + ( 7 + __PBP__ * 2) -2000
  53  0003              	ENDIF
  53  0003              ;# 53 "D:\Users\IIIT\Desktop\7專案_ADC+UART+BUZZER\main.c" 1
  53  0003              	IF (2000< ( 0404h + __PBP__ * 2)) AND (2000>( 7 + __PBP__ * 2))
  53  0003              ;# 53 "D:\Users\IIIT\Desktop\7專案_ADC+UART+BUZZER\main.c" 1
  53  0003              	MOV A,(2000-( 4 + __PBP__ * 2))/4
  53  0003              ;# 53 "D:\Users\IIIT\Desktop\7專案_ADC+UART+BUZZER\main.c" 1
  53  0003              	fcall __DELAYX3 + 3 -((2000-( 4 + __PBP__ * 2)) MOD 4) 
  53  0003              	ENDIF
  53  0003              ;# 53 "D:\Users\IIIT\Desktop\7專案_ADC+UART+BUZZER\main.c" 1
  53  0003              	IF (2000< ( 040bh + __PBP__ * 2)) AND (2000> ( 0403h + __PBP__ * 2))
  53  0003              ;# 53 "D:\Users\IIIT\Desktop\7專案_ADC+UART+BUZZER\main.c" 1
"File: main.c        Assembler  Version HGASM0202      Page 5

  53  0003              	MOV A,0 
  53  0003              ;# 53 "D:\Users\IIIT\Desktop\7專案_ADC+UART+BUZZER\main.c" 1
  53  0003              	fcall __DELAYX6 + ( 040ah + __PBP__ * 2) -2000
  53  0003              	ENDIF
  53  0003              ;# 53 "D:\Users\IIIT\Desktop\7專案_ADC+UART+BUZZER\main.c" 1
  53  0003              	IF (2000 >= ( 040bh + __PBP__ * 2)) AND ((((2000-( 9 + __PBP__ * 2))%0402h)/4+1)>256)
  53  0003              ;# 53 "D:\Users\IIIT\Desktop\7專案_ADC+UART+BUZZER\main.c" 1
  53  0003              	MOV A,(2000-( 9 + __PBP__ * 2))/0402h
  53  0003              ;# 53 "D:\Users\IIIT\Desktop\7專案_ADC+UART+BUZZER\main.c" 1
  53  0003              	MOV _builtin_holtek_delay_2,A
  53  0003              ;# 53 "D:\Users\IIIT\Desktop\7專案_ADC+UART+BUZZER\main.c" 1
  53  0003              	MOV A,0
  53  0003              ;# 53 "D:\Users\IIIT\Desktop\7專案_ADC+UART+BUZZER\main.c" 1
  53  0003              	fcall __DELAYY5 +5- (((2000-( 9 + __PBP__ * 2))%0402h)%6) 
  53  0003              	ENDIF
  53  0003              ;# 53 "D:\Users\IIIT\Desktop\7專案_ADC+UART+BUZZER\main.c" 1
  53  0003              	IF (2000 >= ( 040bh + __PBP__ * 2)) AND ((((2000-( 9 + __PBP__ * 2))%0402h)/4+1)<=256)
  53  0003              ;# 53 "D:\Users\IIIT\Desktop\7專案_ADC+UART+BUZZER\main.c" 1
  53  0003  0F01        	MOV A,(2000-( 9 + __PBP__ * 2))/0402h
  53  0004              ;# 53 "D:\Users\IIIT\Desktop\7專案_ADC+UART+BUZZER\main.c" 1
  53  0004  0080     E  	MOV _builtin_holtek_delay_2,A
  53  0005              ;# 53 "D:\Users\IIIT\Desktop\7專案_ADC+UART+BUZZER\main.c" 1
  53  0005  0FF1        	MOV A,((2000-( 9 + __PBP__ * 2))%0402h)/4+1
  53  0006              ;# 53 "D:\Users\IIIT\Desktop\7專案_ADC+UART+BUZZER\main.c" 1
  53  0006              	fcall __DELAYY3 +3-(((2000-( 9 + __PBP__ * 2))%0402h)%4) 
  53  000D              	ENDIF
  53  000D  1480     E  	inc rb
  53  000E  3D0A        	sz z
  53  000F  1480     E  	inc rc
  53  0010              _L12:
  53  0010  0700     E  	mov a,rb
  53  0011  0200     R  	sub a,_delay_ms_2[0]
  53  0012  0700     E  	mov a,rc
  53  0013  1200     R  	sbc a,_delay_ms_2[1]
  53  0014  3B0A        	snz cz
  53  0015  2800     R  	jmp _L13
  53  0016  0003        	ret
  53  0017              _delay_ms endp
  53  0017              #line 53 "D:\Users\IIIT\Desktop\7專案_ADC+UART+BUZZER\main.c"
  53  0017              #pragma debug scope 1 1
  53  0017              ___pcc equ [27]
  53  0017              ___wdtc equ [62]
  53  0017              ___scomc equ [127]
  53  0017              ___tm0c1 equ [95]
  53  0017              ___tm2c0 equ [81]
  53  0017              ___tm2c1 equ [82]
  53  0017              ___intc0 equ [48]
  53  0017              public _main
  53  0017              #pragma debug scope 4 1
  15  0017              #line 15 "D:\Users\IIIT\Desktop\7專案_ADC+UART+BUZZER\main.c"
  15  0017              IFDEF WITH_DEFAULT_STARTUP
  15  0017              extern _main_initial0:near
  15  0017              extern _main_startup:near
  15  0017              ENDIF
  15  0017              
  15  0017              ROMBANK 0 @start
  15  0000              @start .section com_l 'code'
  15  0000              _main_startup1:
  15  0000              @start .section com_e 'code'
  15  0000  0F00     R  	mov a,bank _main
"File: main.c        Assembler  Version HGASM0202      Page 6

  15  0001  008B        	mov bp,a
  15  0002  2800     R  	jmp _main
  15  0003              
  15  0000              _main .section 'code'
  15  0000              _main proc
  16  0000              #line 16 "D:\Users\IIIT\Desktop\7專案_ADC+UART+BUZZER\main.c"
  16  0000  319B        	set [27].3
  17  0001              #line 17 "D:\Users\IIIT\Desktop\7專案_ADC+UART+BUZZER\main.c"
  17  0001  309A        	set [26].1
  17  0002  349B        	clr [27].1
  18  0003              #line 18 "D:\Users\IIIT\Desktop\7專案_ADC+UART+BUZZER\main.c"
  18  0003  0FAB        	mov a,171
  18  0004  00BE        	mov [62],a
  19  0005              #line 19 "D:\Users\IIIT\Desktop\7專案_ADC+UART+BUZZER\main.c"
  19  0005  367F        	clr [127].4
  20  0006              #line 20 "D:\Users\IIIT\Desktop\7專案_ADC+UART+BUZZER\main.c"
  20  0006  0F10        	mov a,16
  20  0007  00DE        	mov [94],a
  21  0008              #line 21 "D:\Users\IIIT\Desktop\7專案_ADC+UART+BUZZER\main.c"
  21  0008  0FC1        	mov a,193
  21  0009  00DF        	mov [95],a
  22  000A              #line 22 "D:\Users\IIIT\Desktop\7專案_ADC+UART+BUZZER\main.c"
  22  000A  1F51        	clr [81]
  22  000B  0F31        	mov a,49
  22  000C  00D2        	mov [82],a
  23  000D              #line 23 "D:\Users\IIIT\Desktop\7專案_ADC+UART+BUZZER\main.c"
  23  000D  3030        	set [48].0
  23  000E              _L15:
  26  000E              #line 26 "D:\Users\IIIT\Desktop\7專案_ADC+UART+BUZZER\main.c"
  26  000E  0700     R  	mov a,_SUM[0]
  26  000F              	fcall _UARTTxData
  27  0016              #line 27 "D:\Users\IIIT\Desktop\7專案_ADC+UART+BUZZER\main.c"
  27  0016  0F14        	mov a,20
  27  0017              	fcall _UARTTxData
  28  001E              #line 28 "D:\Users\IIIT\Desktop\7專案_ADC+UART+BUZZER\main.c"
  28  001E  0FE8        	mov a,-24
  28  001F  0080     R  	mov _delay_ms_2[0],a
  28  0020  0F03        	mov a,3
  28  0021  0080     R  	mov _delay_ms_2[1],a
  28  0022              	fcall _delay_ms
  29  0029              #line 29 "D:\Users\IIIT\Desktop\7專案_ADC+UART+BUZZER\main.c"
  29  0029  0FE8        	mov a,-24
  29  002A  0080     R  	mov _delay_ms_2[0],a
  29  002B  0F03        	mov a,3
  29  002C  0080     R  	mov _delay_ms_2[1],a
  29  002D              	fcall _delay_ms
  29  0034  2800     R  	jmp _L15
  29  0035  2800     R  	jmp $
  29  0036              _main endp
  29  0036              
  29  0036              @dummy endp
  29  0036              
  29  0036              #line 29 "D:\Users\IIIT\Desktop\7專案_ADC+UART+BUZZER\main.c"
  29  0036              #pragma debug scope 1 1
  29  0036              public _SUM
  29  0000              @HCCINIT	.section 'data'
  11  0000              #line 11 "D:\Users\IIIT\Desktop\7專案_ADC+UART+BUZZER\main.c"
  11  0000              @HCCINIT_SUM .section 'data'
  11  0000              _SUM label byte
  11  0000              #pragma debug variable 8 1 _SUM "SUM"
"File: main.c        Assembler  Version HGASM0202      Page 7

  11  0000              	db 30
  11  0000              @ROMDATA_BASE .section inpage 'code'
  11  0000              	db 30
  11  0001              @HCCINIT_SUM .section 'data'
  11  0001              #pragma debug struct_end
  11  0001              #pragma debug struct_end
  11  0001              #pragma debug union_end
  11  0001              #pragma debug union_end
  11  0001              #pragma debug variable 43 1 ___pc "__pc" 1
  11  0001              #pragma debug struct_end
  11  0001              #pragma debug struct_end
  11  0001              #pragma debug union_end
  11  0001              #pragma debug union_end
  11  0001              #pragma debug variable 45 1 ___pcc "__pcc" 1
  11  0001              #pragma debug struct_end
  11  0001              #pragma debug struct_end
  11  0001              #pragma debug union_end
  11  0001              #pragma debug union_end
  11  0001              #pragma debug variable 47 1 ___intc0 "__intc0" 1
  11  0001              #pragma debug struct_end
  11  0001              #pragma debug struct_end
  11  0001              #pragma debug union_end
  11  0001              #pragma debug union_end
  11  0001              #pragma debug variable 49 1 ___mfi0 "__mfi0" 1
  11  0001              #pragma debug struct_end
  11  0001              #pragma debug struct_end
  11  0001              #pragma debug union_end
  11  0001              #pragma debug union_end
  11  0001              #pragma debug variable 51 1 ___wdtc "__wdtc" 1
  11  0001              #pragma debug struct_end
  11  0001              #pragma debug struct_end
  11  0001              #pragma debug union_end
  11  0001              #pragma debug union_end
  11  0001              #pragma debug variable 53 1 ___tm2c0 "__tm2c0" 1
  11  0001              #pragma debug struct_end
  11  0001              #pragma debug struct_end
  11  0001              #pragma debug union_end
  11  0001              #pragma debug union_end
  11  0001              #pragma debug variable 55 1 ___tm2c1 "__tm2c1" 1
  11  0001              #pragma debug struct_end
  11  0001              #pragma debug struct_end
  11  0001              #pragma debug union_end
  11  0001              #pragma debug union_end
  11  0001              #pragma debug variable 57 1 ___tm0c0 "__tm0c0" 1
  11  0001              #pragma debug struct_end
  11  0001              #pragma debug struct_end
  11  0001              #pragma debug union_end
  11  0001              #pragma debug union_end
  11  0001              #pragma debug variable 59 1 ___tm0c1 "__tm0c1" 1
  11  0001              #pragma debug variable 8 1 ___tm0al "__tm0al" 1
  11  0001              #pragma debug variable 8 1 ___tm0ah "__tm0ah" 1
  11  0001              #pragma debug struct_end
  11  0001              #pragma debug struct_end
  11  0001              #pragma debug union_end
  11  0001              #pragma debug union_end
  11  0001              #pragma debug variable 61 1 ___scomc "__scomc" 1
  15  0001              #line 15 "D:\Users\IIIT\Desktop\7專案_ADC+UART+BUZZER\main.c"
  15  0000              @code .section at 0 'code'
  15  0000  1F0B        	clr bp
  15  0001  2800     R  	jmp _main_startup1
"File: main.c        Assembler  Version HGASM0202      Page 8

  15  0002              
  15  0002              
  15  0002              ; 
  15  0002              ; Generated by holtek-gcc v3.18, Sat Nov 10 21:41:40 2018
  15  0002              ; Rebuild 521
  15  0002              ; end of file


        0 Errors, 0