"File: SourceCode.c  Assembler  Version HGASM0202      Page 1


   1  0000              ; Generated by holtek-gcc v3.13, Fri Jul 20 19:50:44 2018
   2  0000              ; 
   3  0000              ; Configuration:
   4  0000              ;       with long instruction
   5  0000              ;       Multi-ROM, Multi-RAM
   6  0000              ;       bits_per_rom_unit:16
   7  0000              ;       with mp1
   8  0000              ;       with tbhp, address(0x9)
   9  0000              ;          Use tabrd-const
  10  0000              ;       
  11  0000              ; SFR address of long-instruction arch:
  12  0000              ;    mp0 = -1,1,0
  13  0000              ;    mp1 = 4,3,2
  14  0000              ;    mp2 = 14,13,12
  15  0000              ;    tbp = 9,7,8
  16  0000              ;    acc = 5
  17  0000              ;    pcl = 6
  18  0000              ;    status = 10
  19  0000              ;    bp = 11
  20  0000              ;    intc = 48
  21  0000              ;       
  22  0000              ; use 'tabrdc' instead of 'tabrd'
  23  0000              ;       
  24  0000              
  25  0000              #pragma translator "holtek-gcc 4.6.4" "3.13" "build 20130711"
  26  0000              ; Rebuild 26
  27  0000              
  28  0000              ir equ [2]
  29  0000              mp equ [3]
  30  0000              sbp equ [4]
  31  0000              acc equ [5]
  32  0000              bp equ [11]
  33  0000              tblp equ [7]
  34  0000              tbhp equ [9]
  35  0000              status equ [10]
  36  0000              c equ [10].0
  37  0000              ac equ [10].1
  38  0000              z equ [10].2
  39  0000              ov equ [10].3
  40  0000              cz equ [10].6
  41  0000              sc equ [10].7
  42  0000              intc equ [48]
  43  0000              
  44  0000              extern ra:byte
  45  0000              extern rb:byte
  46  0000              extern rc:byte
  47  0000              extern rd:byte
  48  0000              extern re:byte
  49  0000              extern rf:byte
  50  0000              extern rg:byte
  51  0000              extern rh:byte
  52  0000              extern _Crom2Prom:near
  53  0000              extern _Crom2PromNext:near
  54  0000              @HCCINIT	.section 'data'
  55  0000              @HCCINIT0	.section 'data'
  56  0000              
  57  0000              #pragma debug scope 1 1
  58  0000              	extern __DELAY3:near
  59  0000              	extern __DELAYX3:near
"File: SourceCode.ASM  Assembler  Version HGASM0202      Page 2

  60  0000              	extern __DELAYX6:near
  61  0000              	extern __DELAYY5:near
  62  0000              	extern __DELAYY3:near
  63  0000              	extern _builtin_holtek_delay_2:byte
  64  0000              ___wdtc equ [62]
  65  0000              ___cp0c equ [70]
  66  0000              ___cp1c equ [71]
  67  0000              ___scomc equ [127]
  68  0000              ___ifs4 equ [332]
  69  0000              ___simc0 equ [108]
  70  0000              ___simc2 equ [111]
  71  0000              ___adcr0 equ [104]
  72  0000              ___pas2 equ [354]
  73  0000              ___pas3 equ [355]
  74  0000              ___pbs2 equ [358]
  75  0000              ___pac equ [19]
  76  0000              ___pbc equ [23]
  77  0000              ___phc equ [47]
  78  0000              ___pgc equ [43]
  79  0000              ___papu equ [17]
  80  0000              ___pbpu equ [21]
  81  0000              ___pa equ [18]
  82  0000              ___pb equ [22]
  83  0000              public _PinSet
  84  0000              #pragma debug scope 2 1

  68  0000              #line 68 "D:\IIIT\Documents\HTK_Project\Triaxial_sensor\SourceCode.c"
  68  0000              _PinSet .section 'code'
  68  0000              _PinSet proc
  69  0000              #line 69 "D:\IIIT\Documents\HTK_Project\Triaxial_sensor\SourceCode.c"
  69  0000  0FA8        	mov a,168
  69  0001  00BE        	mov [62],a
  70  0002              #line 70 "D:\IIIT\Documents\HTK_Project\Triaxial_sensor\SourceCode.c"
  70  0002  1F46        	clr [70]
  71  0003              #line 71 "D:\IIIT\Documents\HTK_Project\Triaxial_sensor\SourceCode.c"
  71  0003  1F47        	clr [71]
  73  0004              #line 73 "D:\IIIT\Documents\HTK_Project\Triaxial_sensor\SourceCode.c"
  73  0004  367F        	clr [127].4
  75  0005              #line 75 "D:\IIIT\Documents\HTK_Project\Triaxial_sensor\SourceCode.c"
  75  0005  B64C 0001   	lclr [332].4
  76  0007              #line 76 "D:\IIIT\Documents\HTK_Project\Triaxial_sensor\SourceCode.c"
  76  0007  B6CC 0001   	lclr [332].5
  77  0009              #line 77 "D:\IIIT\Documents\HTK_Project\Triaxial_sensor\SourceCode.c"
  77  0009  1F6C        	clr [108]
  78  000A              #line 78 "D:\IIIT\Documents\HTK_Project\Triaxial_sensor\SourceCode.c"
  78  000A  0F0C        	mov a,12
  78  000B  00EF        	mov [111],a
  79  000C              #line 79 "D:\IIIT\Documents\HTK_Project\Triaxial_sensor\SourceCode.c"
  79  000C  30EC        	set [108].1
  81  000D              #line 81 "D:\IIIT\Documents\HTK_Project\Triaxial_sensor\SourceCode.c"
  81  000D  32E8        	set [104].5
  82  000E              #line 82 "D:\IIIT\Documents\HTK_Project\Triaxial_sensor\SourceCode.c"
  82  000E  0F10        	mov a,16
  82  000F  80E2 0001   	lmov [354],a
  83  0011              #line 83 "D:\IIIT\Documents\HTK_Project\Triaxial_sensor\SourceCode.c"
  83  0011  0F22        	mov a,34
  83  0012  80E3 0001   	lmov [355],a
  84  0014              #line 84 "D:\IIIT\Documents\HTK_Project\Triaxial_sensor\SourceCode.c"
  84  0014  0F10        	mov a,16
  84  0015  80E6 0001   	lmov [358],a
"File: SourceCode.c  Assembler  Version HGASM0202      Page 3

  87  0017              #line 87 "D:\IIIT\Documents\HTK_Project\Triaxial_sensor\SourceCode.c"
  87  0017  9F4C 0001   	lclr [332]
  89  0019              #line 89 "D:\IIIT\Documents\HTK_Project\Triaxial_sensor\SourceCode.c"
  89  0019  3693        	clr [19].5
  89  001A  3313        	set [19].6
  89  001B  3793        	clr [19].7
  89  001C  3697        	clr [23].5
  90  001D              #line 90 "D:\IIIT\Documents\HTK_Project\Triaxial_sensor\SourceCode.c"
  90  001D  342F        	clr [47].0
  90  001E  34AF        	clr [47].1
  90  001F  352F        	clr [47].2
  90  0020  1F2B        	clr [43]
  91  0021              #line 91 "D:\IIIT\Documents\HTK_Project\Triaxial_sensor\SourceCode.c"
  91  0021  3311        	set [17].6
  91  0022  3291        	set [17].5
  91  0023  3391        	set [17].7
  91  0024  3295        	set [21].5
  92  0025              #line 92 "D:\IIIT\Documents\HTK_Project\Triaxial_sensor\SourceCode.c"
  92  0025  3392        	set [18].7
  92  0026  3296        	set [22].5
  92  0027  0003        	ret
  92  0028              _PinSet endp
  92  0028              #line 92 "D:\IIIT\Documents\HTK_Project\Triaxial_sensor\SourceCode.c"
  92  0028              #pragma debug scope 1 1
  92  0028              ___simd equ [110]
  92  0028              public _ADXL345_SPI_Read
  92  0028              #pragma debug scope 3 1
 100  0028              #line 100 "D:\IIIT\Documents\HTK_Project\Triaxial_sensor\SourceCode.c"
 100  0000              _ADXL345_SPI_Read .section 'code'
 100  0000              _ADXL345_SPI_Read proc
 100  0000  00              local _ADXL345_SPI_Read_2 db 1 dup(?)	; 0,1
 100  0000  0080     R  	mov _ADXL345_SPI_Read_2[0],a
 100  0001              #pragma debug variable 8 3 _ADXL345_SPI_Read_2+0 "Address"
 100  0001              _L5:
 104  0001              #line 104 "D:\IIIT\Documents\HTK_Project\Triaxial_sensor\SourceCode.c"
 104  0001  34EF        	clr [111].1
 106  0002              #line 106 "D:\IIIT\Documents\HTK_Project\Triaxial_sensor\SourceCode.c"
 106  0002  0700     R  	mov a,_ADXL345_SPI_Read_2[0]
 106  0003  0080     E  	mov ra,a
 106  0004  3000     E  	set ra.7
 106  0005  0700     E  	mov a,ra
 106  0006  00EE        	mov [110],a
 107  0007              #line 107 "D:\IIIT\Documents\HTK_Project\Triaxial_sensor\SourceCode.c"
 107  0007  3CEF        	sz [111].1
 107  0008  2800     R  	jmp _L5
 107  0009              _L4:
 108  0009              #line 108 "D:\IIIT\Documents\HTK_Project\Triaxial_sensor\SourceCode.c"
 108  0009  3C6F        	sz [111].0
 108  000A  2800     R  	jmp _L8
 109  000B              #line 109 "D:\IIIT\Documents\HTK_Project\Triaxial_sensor\SourceCode.c"
 109  000B  0FA8        	mov a,168
 109  000C  00BE        	mov [62],a
 109  000D  2800     R  	jmp _L4
 109  000E              _L8:
 111  000E              #line 111 "D:\IIIT\Documents\HTK_Project\Triaxial_sensor\SourceCode.c"
 111  000E  346F        	clr [111].0
 112  000F              #line 112 "D:\IIIT\Documents\HTK_Project\Triaxial_sensor\SourceCode.c"
 112  000F  076E        	mov a,[110]
 112  0010  0080     E  	mov ra,a
 114  0011              #line 114 "D:\IIIT\Documents\HTK_Project\Triaxial_sensor\SourceCode.c"
"File: SourceCode.c  Assembler  Version HGASM0202      Page 4

 114  0011  0700     E  	mov a,ra
 114  0012  0003        	ret
 114  0013              _ADXL345_SPI_Read endp
 114  0013              #line 114 "D:\IIIT\Documents\HTK_Project\Triaxial_sensor\SourceCode.c"
 114  0013              #pragma debug scope 1 1
 114  0013              public _Delay100us
 114  0013              #pragma debug scope 4 1
 141  0013              #line 141 "D:\IIIT\Documents\HTK_Project\Triaxial_sensor\SourceCode.c"
 141  0000              _Delay100us .section 'code'
 141  0000              _Delay100us proc
 141  0000              public _Delay100us_2
 141  0000  0002[           local _Delay100us_2 db 2 dup(?)	; 2,0
            00
            ]
 141  0002              #pragma debug variable 9 4 _Delay100us_2+0 "del"
 142  0000              #line 142 "D:\IIIT\Documents\HTK_Project\Triaxial_sensor\SourceCode.c"
 142  0000  1F00     E  	clr rb
 142  0001  1F00     E  	clr rc
 142  0002              _L10:
 142  0002              #line 142 "D:\IIIT\Documents\HTK_Project\Triaxial_sensor\SourceCode.c"
 142  0002  0700     E  	mov a,rb
 142  0003  0200     R  	sub a,_Delay100us_2[0]
 142  0004  0700     E  	mov a,rc
 142  0005  1200     R  	sbc a,_Delay100us_2[1]
 142  0006  3B8A        	snz sc
 142  0007  2800     R  	jmp _L9
 142  0008  1F00     E  	clr ra
 142  0009              _L13:
 143  0009              #line 143 "D:\IIIT\Documents\HTK_Project\Triaxial_sensor\SourceCode.c"
 143  0009              ;# 143 "D:\IIIT\Documents\HTK_Project\Triaxial_sensor\SourceCode.c" 1
 143  0009  0000        	nop
 143  000A  1480     E  	inc ra
 143  000B  0700     E  	mov a,ra
 143  000C  0A1A        	sub a,26
 143  000D  390A        	snz z
 143  000E  2800     R  	jmp _L13
 142  000F              #line 142 "D:\IIIT\Documents\HTK_Project\Triaxial_sensor\SourceCode.c"
 142  000F  1480     E  	inc rb
 142  0010  3D0A        	sz z
 142  0011  1480     E  	inc rc
 142  0012  2800     R  	jmp _L10
 142  0013              _L9:
 142  0013  0003        	ret
 142  0014              _Delay100us endp
 142  0014              #line 142 "D:\IIIT\Documents\HTK_Project\Triaxial_sensor\SourceCode.c"
 142  0014              #pragma debug scope 1 1
 142  0014              public __SPI_CS
 142  0014              #pragma debug scope 5 1
 150  0014              #line 150 "D:\IIIT\Documents\HTK_Project\Triaxial_sensor\SourceCode.c"
 150  0000              __SPI_CS .section 'code'
 150  0000              __SPI_CS proc
 150  0000              public __SPI_CS_2
 150  0000  0002[           local __SPI_CS_2 db 2 dup(?)	; 2,0
            00
            ]
 150  0002              #pragma debug variable 10 5 __SPI_CS_2+0 "isSelect"
 151  0000              #line 151 "D:\IIIT\Documents\HTK_Project\Triaxial_sensor\SourceCode.c"
 151  0000  0700     R  	mov a,__SPI_CS_2[0]
 151  0001  0E01        	and a,1
 151  0002  0080     E  	mov ra,a
"File: SourceCode.c  Assembler  Version HGASM0202      Page 5

 151  0003  1100     E  	swapa ra
 151  0004  1885        	rl acc
 151  0005  0EE0        	and a,0e0h
 151  0006  0080     E  	mov ra,a
 151  0007  3696        	clr [22].5
 151  0008  0700     E  	mov a,ra
 151  0009  0596        	orm a,[22]
 151  000A  0003        	ret
 151  000B              __SPI_CS endp
 151  000B              #line 151 "D:\IIIT\Documents\HTK_Project\Triaxial_sensor\SourceCode.c"
 151  000B              #pragma debug scope 1 1
 151  000B              public __SPI_SCL
 151  000B              #pragma debug scope 6 1
 158  000B              #line 158 "D:\IIIT\Documents\HTK_Project\Triaxial_sensor\SourceCode.c"
 158  0000              __SPI_SCL .section 'code'
 158  0000              __SPI_SCL proc
 158  0000              public __SPI_SCL_2
 158  0000  0002[           local __SPI_SCL_2 db 2 dup(?)	; 2,0
            00
            ]
 158  0002              #pragma debug variable 10 6 __SPI_SCL_2+0 "bLevel"
 159  0000              #line 159 "D:\IIIT\Documents\HTK_Project\Triaxial_sensor\SourceCode.c"
 159  0000  0700     R  	mov a,__SPI_SCL_2[0]
 159  0001  0080     E  	mov ra,a
 159  0002  1B80     E  	rrc ra
 159  0003  1F00     E  	clr ra
 159  0004  1B80     E  	rrc ra
 159  0005  3792        	clr [18].7
 159  0006  0700     E  	mov a,ra
 159  0007  0592        	orm a,[18]
 159  0008  0003        	ret
 159  0009              __SPI_SCL endp
 159  0009              #line 159 "D:\IIIT\Documents\HTK_Project\Triaxial_sensor\SourceCode.c"
 159  0009              #pragma debug scope 1 1
 159  0009              public _ADXL345_SPI_Write
 159  0009              #pragma debug scope 7 1
 166  0009              #line 166 "D:\IIIT\Documents\HTK_Project\Triaxial_sensor\SourceCode.c"
 166  0000              _ADXL345_SPI_Write .section 'code'
 166  0000              _ADXL345_SPI_Write proc
 166  0000              public _ADXL345_SPI_Write_2
 166  0000  0004[           local _ADXL345_SPI_Write_2 db 4 dup(?)	; 1,3
            00
            ]
 166  0000  0080     R  	mov _ADXL345_SPI_Write_2[1],a
 166  0001              #pragma debug variable 8 7 _ADXL345_SPI_Write_2+1 "Address"
 166  0001              #pragma debug variable 8 7 _ADXL345_SPI_Write_2+0 "WriteData"
 169  0001              #line 169 "D:\IIIT\Documents\HTK_Project\Triaxial_sensor\SourceCode.c"
 169  0001  1F00     R  	clr __SPI_CS_2[0]
 169  0002  1F00     R  	clr __SPI_CS_2[1]
 169  0003              	fcall __SPI_CS
 169  000A  0F08        	mov a,8
 169  000B  0080     R  	mov _ADXL345_SPI_Write_2[2],a
 171  000C              #line 171 "D:\IIIT\Documents\HTK_Project\Triaxial_sensor\SourceCode.c"
 171  000C  0F07        	mov a,7
 171  000D  0080     R  	mov _ADXL345_SPI_Write_2[3],a
 171  000E              _L18:
 174  000E              #line 174 "D:\IIIT\Documents\HTK_Project\Triaxial_sensor\SourceCode.c"
 174  000E  0F01        	mov a,1
 174  000F  0080     R  	mov __SPI_SCL_2[0],a
 174  0010  1F00     R  	clr __SPI_SCL_2[1]
"File: SourceCode.c  Assembler  Version HGASM0202      Page 6

 174  0011              	fcall __SPI_SCL
 175  0018              #line 175 "D:\IIIT\Documents\HTK_Project\Triaxial_sensor\SourceCode.c"
 175  0018  0700     R  	mov a,_ADXL345_SPI_Write_2[1]
 175  0019  0080     E  	mov rb,a
 175  001A  3400     E  	clr rb.7
 175  001B  1F00     E  	clr rc
 175  001C  1400     R  	inca _ADXL345_SPI_Write_2[3]
 175  001D  2800     R  	jmp _LI1
 175  001E              _LI2:
 175  001E  340A        	clr c
 175  001F  3C00     E  	sz rc.7
 175  0020  300A        	set c
 175  0021  1B80     E  	rrc rc
 175  0022  1B80     E  	rrc rb
 175  0023              _LI1:
 175  0023  1785        	sdz acc
 175  0024  2800     R  	jmp _LI2
 175  0025  0F01        	mov a,1
 175  0026  0680     E  	andm a,rb
 175  0027  1100     E  	swapa rb
 175  0028  1885        	rl acc
 175  0029  0EE0        	and a,0e0h
 175  002A  0080     E  	mov rb,a
 175  002B  3692        	clr [18].5
 175  002C  0700     E  	mov a,rb
 175  002D  0592        	orm a,[18]
 176  002E              #line 176 "D:\IIIT\Documents\HTK_Project\Triaxial_sensor\SourceCode.c"
 176  002E  1F00     R  	clr __SPI_SCL_2[0]
 176  002F  1F00     R  	clr __SPI_SCL_2[1]
 176  0030              	fcall __SPI_SCL
 171  0037              #line 171 "D:\IIIT\Documents\HTK_Project\Triaxial_sensor\SourceCode.c"
 171  0037  1580     R  	dec _ADXL345_SPI_Write_2[3]
 171  0038  1780     R  	sdz _ADXL345_SPI_Write_2[2]
 171  0039  2800     R  	jmp _L18
 171  003A  0F08        	mov a,8
 171  003B  0080     R  	mov _ADXL345_SPI_Write_2[2],a
 171  003C  0F07        	mov a,7
 171  003D  0080     R  	mov _ADXL345_SPI_Write_2[3],a
 171  003E              _L20:
 182  003E              #line 182 "D:\IIIT\Documents\HTK_Project\Triaxial_sensor\SourceCode.c"
 182  003E  0F01        	mov a,1
 182  003F  0080     R  	mov __SPI_SCL_2[0],a
 182  0040  1F00     R  	clr __SPI_SCL_2[1]
 182  0041              	fcall __SPI_SCL
 183  0048              #line 183 "D:\IIIT\Documents\HTK_Project\Triaxial_sensor\SourceCode.c"
 183  0048  0700     R  	mov a,_ADXL345_SPI_Write_2[0]
 183  0049  0080     E  	mov rb,a
 183  004A  1F00     E  	clr rc
 183  004B  1400     R  	inca _ADXL345_SPI_Write_2[3]
 183  004C  2800     R  	jmp _LI3
 183  004D              _LI4:
 183  004D  340A        	clr c
 183  004E  3C00     E  	sz rc.7
 183  004F  300A        	set c
 183  0050  1B80     E  	rrc rc
 183  0051  1B80     E  	rrc rb
 183  0052              _LI3:
 183  0052  1785        	sdz acc
 183  0053  2800     R  	jmp _LI4
 183  0054  0F01        	mov a,1
"File: SourceCode.c  Assembler  Version HGASM0202      Page 7

 183  0055  0680     E  	andm a,rb
 183  0056  1100     E  	swapa rb
 183  0057  1885        	rl acc
 183  0058  0EE0        	and a,0e0h
 183  0059  0080     E  	mov rb,a
 183  005A  3692        	clr [18].5
 183  005B  0700     E  	mov a,rb
 183  005C  0592        	orm a,[18]
 184  005D              #line 184 "D:\IIIT\Documents\HTK_Project\Triaxial_sensor\SourceCode.c"
 184  005D  1F00     R  	clr __SPI_SCL_2[0]
 184  005E  1F00     R  	clr __SPI_SCL_2[1]
 184  005F              	fcall __SPI_SCL
 179  0066              #line 179 "D:\IIIT\Documents\HTK_Project\Triaxial_sensor\SourceCode.c"
 179  0066  1580     R  	dec _ADXL345_SPI_Write_2[3]
 179  0067  1780     R  	sdz _ADXL345_SPI_Write_2[2]
 179  0068  2800     R  	jmp _L20
 187  0069              #line 187 "D:\IIIT\Documents\HTK_Project\Triaxial_sensor\SourceCode.c"
 187  0069  0F01        	mov a,1
 187  006A  0080     R  	mov __SPI_CS_2[0],a
 187  006B  1F00     R  	clr __SPI_CS_2[1]
 187  006C              	fcall __SPI_CS
 187  0073  0003        	ret
 187  0074              _ADXL345_SPI_Write endp
 187  0074              #line 187 "D:\IIIT\Documents\HTK_Project\Triaxial_sensor\SourceCode.c"
 187  0074              #pragma debug scope 1 1
 187  0074              public _DataFormat
 187  0074              #pragma debug scope 8 1
 120  0074              #line 120 "D:\IIIT\Documents\HTK_Project\Triaxial_sensor\SourceCode.c"
 120  0000              _DataFormat .section 'code'
 120  0000              _DataFormat proc
 121  0000              #line 121 "D:\IIIT\Documents\HTK_Project\Triaxial_sensor\SourceCode.c"
 121  0000  0F0B        	mov a,11
 121  0001  0080     R  	mov _ADXL345_SPI_Write_2[0],a
 121  0002  0F31        	mov a,49
 121  0003              	fcall _ADXL345_SPI_Write
 122  000A              #line 122 "D:\IIIT\Documents\HTK_Project\Triaxial_sensor\SourceCode.c"
 122  000A  0F08        	mov a,8
 122  000B  0080     R  	mov _ADXL345_SPI_Write_2[0],a
 122  000C  0F2D        	mov a,45
 122  000D              	fcall _ADXL345_SPI_Write
 123  0014              #line 123 "D:\IIIT\Documents\HTK_Project\Triaxial_sensor\SourceCode.c"
 123  0014  0F80        	mov a,128
 123  0015  0080     R  	mov _ADXL345_SPI_Write_2[0],a
 123  0016  0F2E        	mov a,46
 123  0017              	fcall _ADXL345_SPI_Write
 123  001E  0003        	ret
 123  001F              _DataFormat endp
 123  001F              #line 123 "D:\IIIT\Documents\HTK_Project\Triaxial_sensor\SourceCode.c"
 123  001F              #pragma debug scope 1 1
 123  001F              public _delay_ms
 123  001F              #pragma debug scope 9 1
 227  001F              #line 227 "D:\IIIT\Documents\HTK_Project\Triaxial_sensor\SourceCode.c"
 227  0000              _delay_ms .section 'code'
 227  0000              _delay_ms proc
 227  0000  00              local _delay_ms_2 db 1 dup(?)	; 0,1
 227  0000  0080     R  	mov _delay_ms_2[0],a
 227  0001              #pragma debug variable 8 9 _delay_ms_2+0 "del"
 229  0001              #line 229 "D:\IIIT\Documents\HTK_Project\Triaxial_sensor\SourceCode.c"
 229  0001  1F00     E  	clr ra
 229  0002  2800     R  	jmp _L23
"File: SourceCode.c  Assembler  Version HGASM0202      Page 8

 229  0003              _L24:
 229  0003              #line 229 "D:\IIIT\Documents\HTK_Project\Triaxial_sensor\SourceCode.c"
 229  0003              ;# 229 "D:\IIIT\Documents\HTK_Project\Triaxial_sensor\SourceCode.c" 1
 229  0003              	IF 2000>263690
 229  0003              ;# 229 "D:\IIIT\Documents\HTK_Project\Triaxial_sensor\SourceCode.c" 1
 229  0003              	ERRMESSAGE 'the value 2000of the argument exceeds the maxinum 263690'
 229  0003              	ENDIF
 229  0003              ;# 229 "D:\IIIT\Documents\HTK_Project\Triaxial_sensor\SourceCode.c" 1
 229  0003              	IF 2000<0
 229  0003              ;# 229 "D:\IIIT\Documents\HTK_Project\Triaxial_sensor\SourceCode.c" 1
 229  0003              	ERRMESSAGE 'the value 2000 of the argument exceeds the mininum 0'
 229  0003              	ENDIF
 229  0003              ;# 229 "D:\IIIT\Documents\HTK_Project\Triaxial_sensor\SourceCode.c" 1
 229  0003              	IF 2000==0
 229  0003              ;# 229 "D:\IIIT\Documents\HTK_Project\Triaxial_sensor\SourceCode.c" 1
 229  0003              	JMP $
 229  0003              	ENDIF
 229  0003              ;# 229 "D:\IIIT\Documents\HTK_Project\Triaxial_sensor\SourceCode.c" 1
 229  0003              	IF (2000>=1) AND (2000<( 4 + __PBP__ * 2))
 229  0003              ;# 229 "D:\IIIT\Documents\HTK_Project\Triaxial_sensor\SourceCode.c" 1
 229  0003              	NOP
 229  0003              	ENDIF
 229  0003              ;# 229 "D:\IIIT\Documents\HTK_Project\Triaxial_sensor\SourceCode.c" 1
 229  0003              	IF (2000>=2) AND (2000<( 4 + __PBP__ * 2))
 229  0003              ;# 229 "D:\IIIT\Documents\HTK_Project\Triaxial_sensor\SourceCode.c" 1
 229  0003              	NOP
 229  0003              	ENDIF
 229  0003              ;# 229 "D:\IIIT\Documents\HTK_Project\Triaxial_sensor\SourceCode.c" 1
 229  0003              	IF (2000>=3) AND (2000<( 4 + __PBP__ * 2))
 229  0003              ;# 229 "D:\IIIT\Documents\HTK_Project\Triaxial_sensor\SourceCode.c" 1
 229  0003              	NOP
 229  0003              	ENDIF
 229  0003              ;# 229 "D:\IIIT\Documents\HTK_Project\Triaxial_sensor\SourceCode.c" 1
 229  0003              	IF (2000>=4) AND (2000<( 4 + __PBP__ * 2)) AND ( __PBP__ > 0 )
 229  0003              ;# 229 "D:\IIIT\Documents\HTK_Project\Triaxial_sensor\SourceCode.c" 1
 229  0003              	NOP
 229  0003              	ENDIF
 229  0003              ;# 229 "D:\IIIT\Documents\HTK_Project\Triaxial_sensor\SourceCode.c" 1
 229  0003              	IF (2000>=5) AND (2000<( 4 + __PBP__ * 2)) AND ( __PBP__ > 0 )
 229  0003              ;# 229 "D:\IIIT\Documents\HTK_Project\Triaxial_sensor\SourceCode.c" 1
 229  0003              	NOP
 229  0003              	ENDIF
 229  0003              ;# 229 "D:\IIIT\Documents\HTK_Project\Triaxial_sensor\SourceCode.c" 1
 229  0003              	IF (2000>=6) AND (2000<( 4 + __PBP__ * 2))  AND ( __PBP__ > 1 )
 229  0003              ;# 229 "D:\IIIT\Documents\HTK_Project\Triaxial_sensor\SourceCode.c" 1
 229  0003              	NOP
 229  0003              	ENDIF
 229  0003              ;# 229 "D:\IIIT\Documents\HTK_Project\Triaxial_sensor\SourceCode.c" 1
 229  0003              	IF (2000>=7) AND (2000<( 4 + __PBP__ * 2))  AND ( __PBP__ > 1 )
 229  0003              ;# 229 "D:\IIIT\Documents\HTK_Project\Triaxial_sensor\SourceCode.c" 1
 229  0003              	NOP
 229  0003              	ENDIF
 229  0003              ;# 229 "D:\IIIT\Documents\HTK_Project\Triaxial_sensor\SourceCode.c" 1
 229  0003              	IF (2000>=8) AND (2000<( 4 + __PBP__ * 2))  AND ( __PBP__ > 2 )
 229  0003              ;# 229 "D:\IIIT\Documents\HTK_Project\Triaxial_sensor\SourceCode.c" 1
 229  0003              	NOP
 229  0003              	ENDIF
 229  0003              ;# 229 "D:\IIIT\Documents\HTK_Project\Triaxial_sensor\SourceCode.c" 1
 229  0003              	IF (2000==9)  AND ( __PBP__ > 2 )
 229  0003              ;# 229 "D:\IIIT\Documents\HTK_Project\Triaxial_sensor\SourceCode.c" 1
"File: SourceCode.c  Assembler  Version HGASM0202      Page 9

 229  0003              	NOP
 229  0003              	ENDIF
 229  0003              ;# 229 "D:\IIIT\Documents\HTK_Project\Triaxial_sensor\SourceCode.c" 1
 229  0003              	IF (2000< ( 8 + __PBP__ * 2)) AND (2000>( 3 + __PBP__ * 2))
 229  0003              ;# 229 "D:\IIIT\Documents\HTK_Project\Triaxial_sensor\SourceCode.c" 1
 229  0003              	fcall __DELAY3 + ( 7 + __PBP__ * 2) -2000
 229  0003              	ENDIF
 229  0003              ;# 229 "D:\IIIT\Documents\HTK_Project\Triaxial_sensor\SourceCode.c" 1
 229  0003              	IF (2000< ( 0404h + __PBP__ * 2)) AND (2000>( 7 + __PBP__ * 2))
 229  0003              ;# 229 "D:\IIIT\Documents\HTK_Project\Triaxial_sensor\SourceCode.c" 1
 229  0003              	MOV A,(2000-( 4 + __PBP__ * 2))/4
 229  0003              ;# 229 "D:\IIIT\Documents\HTK_Project\Triaxial_sensor\SourceCode.c" 1
 229  0003              	fcall __DELAYX3 + 3 -((2000-( 4 + __PBP__ * 2)) MOD 4) 
 229  0003              	ENDIF
 229  0003              ;# 229 "D:\IIIT\Documents\HTK_Project\Triaxial_sensor\SourceCode.c" 1
 229  0003              	IF (2000< ( 040bh + __PBP__ * 2)) AND (2000> ( 0403h + __PBP__ * 2))
 229  0003              ;# 229 "D:\IIIT\Documents\HTK_Project\Triaxial_sensor\SourceCode.c" 1
 229  0003              	MOV A,0 
 229  0003              ;# 229 "D:\IIIT\Documents\HTK_Project\Triaxial_sensor\SourceCode.c" 1
 229  0003              	fcall __DELAYX6 + ( 040ah + __PBP__ * 2) -2000
 229  0003              	ENDIF
 229  0003              ;# 229 "D:\IIIT\Documents\HTK_Project\Triaxial_sensor\SourceCode.c" 1
 229  0003              	IF (2000 >= ( 040bh + __PBP__ * 2)) AND ((((2000-( 9 + __PBP__ * 2))%0402h)/4+1)>256)
 229  0003              ;# 229 "D:\IIIT\Documents\HTK_Project\Triaxial_sensor\SourceCode.c" 1
 229  0003              	MOV A,(2000-( 9 + __PBP__ * 2))/0402h
 229  0003              ;# 229 "D:\IIIT\Documents\HTK_Project\Triaxial_sensor\SourceCode.c" 1
 229  0003              	MOV _builtin_holtek_delay_2,A
 229  0003              ;# 229 "D:\IIIT\Documents\HTK_Project\Triaxial_sensor\SourceCode.c" 1
 229  0003              	MOV A,0
 229  0003              ;# 229 "D:\IIIT\Documents\HTK_Project\Triaxial_sensor\SourceCode.c" 1
 229  0003              	fcall __DELAYY5 +5- (((2000-( 9 + __PBP__ * 2))%0402h)%6) 
 229  0003              	ENDIF
 229  0003              ;# 229 "D:\IIIT\Documents\HTK_Project\Triaxial_sensor\SourceCode.c" 1
 229  0003              	IF (2000 >= ( 040bh + __PBP__ * 2)) AND ((((2000-( 9 + __PBP__ * 2))%0402h)/4+1)<=256)
 229  0003              ;# 229 "D:\IIIT\Documents\HTK_Project\Triaxial_sensor\SourceCode.c" 1
 229  0003  0F01        	MOV A,(2000-( 9 + __PBP__ * 2))/0402h
 229  0004              ;# 229 "D:\IIIT\Documents\HTK_Project\Triaxial_sensor\SourceCode.c" 1
 229  0004  0080     E  	MOV _builtin_holtek_delay_2,A
 229  0005              ;# 229 "D:\IIIT\Documents\HTK_Project\Triaxial_sensor\SourceCode.c" 1
 229  0005  0FF1        	MOV A,((2000-( 9 + __PBP__ * 2))%0402h)/4+1
 229  0006              ;# 229 "D:\IIIT\Documents\HTK_Project\Triaxial_sensor\SourceCode.c" 1
 229  0006              	fcall __DELAYY3 +3-(((2000-( 9 + __PBP__ * 2))%0402h)%4) 
 229  000D              	ENDIF
 229  000D  1480     E  	inc ra
 229  000E              _L23:
 229  000E  0700     E  	mov a,ra
 229  000F  0200     R  	sub a,_delay_ms_2[0]
 229  0010  390A        	snz z
 229  0011  2800     R  	jmp _L24
 229  0012  0003        	ret
 229  0013              _delay_ms endp
 229  0013              #line 229 "D:\IIIT\Documents\HTK_Project\Triaxial_sensor\SourceCode.c"
 229  0013              #pragma debug scope 1 1
 229  0013              ___pg equ [42]
 229  0013              ___ph equ [46]
 229  0013              public _LCD_Cmd
 229  0013              #pragma debug scope 10 1
 192  0013              #line 192 "D:\IIIT\Documents\HTK_Project\Triaxial_sensor\SourceCode.c"
 192  0000              _LCD_Cmd .section 'code'
 192  0000              _LCD_Cmd proc
"File: SourceCode.c  Assembler  Version HGASM0202      Page 10

 192  0000  00              local _LCD_Cmd_2 db 1 dup(?)	; 0,1
 192  0000  0080     E  	mov ra,a
 192  0001  0080     R  	mov _LCD_Cmd_2[0],a
 192  0002              #pragma debug variable 8 10 _LCD_Cmd_2+0 "data"
 193  0002              #line 193 "D:\IIIT\Documents\HTK_Project\Triaxial_sensor\SourceCode.c"
 193  0002  0700     E  	mov a,ra
 193  0003  00AA        	mov [42],a
 194  0004              #line 194 "D:\IIIT\Documents\HTK_Project\Triaxial_sensor\SourceCode.c"
 194  0004  342E        	clr [46].0
 194  0005  34AE        	clr [46].1
 194  0006  312E        	set [46].2
 195  0007              #line 195 "D:\IIIT\Documents\HTK_Project\Triaxial_sensor\SourceCode.c"
 195  0007  0F01        	mov a,1
 195  0008              	fcall _delay_ms
 196  000F              #line 196 "D:\IIIT\Documents\HTK_Project\Triaxial_sensor\SourceCode.c"
 196  000F  352E        	clr [46].2
 196  0010  0003        	ret
 196  0011              _LCD_Cmd endp
 196  0011              #line 196 "D:\IIIT\Documents\HTK_Project\Triaxial_sensor\SourceCode.c"
 196  0011              #pragma debug scope 1 1
 196  0011              public _LCD_Reset
 196  0011              #pragma debug scope 11 1
 208  0011              #line 208 "D:\IIIT\Documents\HTK_Project\Triaxial_sensor\SourceCode.c"
 208  0000              _LCD_Reset .section 'code'
 208  0000              _LCD_Reset proc
 209  0000              #line 209 "D:\IIIT\Documents\HTK_Project\Triaxial_sensor\SourceCode.c"
 209  0000  0F38        	mov a,56
 209  0001              	fcall _LCD_Cmd
 213  0008              #line 213 "D:\IIIT\Documents\HTK_Project\Triaxial_sensor\SourceCode.c"
 213  0008  0F0C        	mov a,12
 213  0009              	fcall _LCD_Cmd
 216  0010              #line 216 "D:\IIIT\Documents\HTK_Project\Triaxial_sensor\SourceCode.c"
 216  0010  0F06        	mov a,6
 216  0011              	fcall _LCD_Cmd
 219  0018              #line 219 "D:\IIIT\Documents\HTK_Project\Triaxial_sensor\SourceCode.c"
 219  0018  0F01        	mov a,1
 219  0019              	fcall _LCD_Cmd
 220  0020              #line 220 "D:\IIIT\Documents\HTK_Project\Triaxial_sensor\SourceCode.c"
 220  0020  0F02        	mov a,2
 220  0021              	fcall _LCD_Cmd
 220  0028  0003        	ret
 220  0029              _LCD_Reset endp
 220  0029              #line 220 "D:\IIIT\Documents\HTK_Project\Triaxial_sensor\SourceCode.c"
 220  0029              #pragma debug scope 1 1
 220  0029              public _LCD_Senddata
 220  0029              #pragma debug scope 12 1
 200  0029              #line 200 "D:\IIIT\Documents\HTK_Project\Triaxial_sensor\SourceCode.c"
 200  0000              _LCD_Senddata .section 'code'
 200  0000              _LCD_Senddata proc
 200  0000  00              local _LCD_Senddata_2 db 1 dup(?)	; 0,1
 200  0000  0080     E  	mov ra,a
 200  0001  0080     R  	mov _LCD_Senddata_2[0],a
 200  0002              #pragma debug variable 8 12 _LCD_Senddata_2+0 "data"
 201  0002              #line 201 "D:\IIIT\Documents\HTK_Project\Triaxial_sensor\SourceCode.c"
 201  0002  0700     E  	mov a,ra
 201  0003  00AA        	mov [42],a
 202  0004              #line 202 "D:\IIIT\Documents\HTK_Project\Triaxial_sensor\SourceCode.c"
 202  0004  302E        	set [46].0
 202  0005  34AE        	clr [46].1
 202  0006  312E        	set [46].2
"File: SourceCode.c  Assembler  Version HGASM0202      Page 11

 203  0007              #line 203 "D:\IIIT\Documents\HTK_Project\Triaxial_sensor\SourceCode.c"
 203  0007  0F01        	mov a,1
 203  0008              	fcall _delay_ms
 204  000F              #line 204 "D:\IIIT\Documents\HTK_Project\Triaxial_sensor\SourceCode.c"
 204  000F  352E        	clr [46].2
 204  0010  0003        	ret
 204  0011              _LCD_Senddata endp
 204  0011              #line 204 "D:\IIIT\Documents\HTK_Project\Triaxial_sensor\SourceCode.c"
 204  0011              #pragma debug scope 1 1
 204  0011              public _PrintLCD
 204  0011              #pragma debug scope 13 1
 130  0011              #line 130 "D:\IIIT\Documents\HTK_Project\Triaxial_sensor\SourceCode.c"
 130  0000              _PrintLCD .section 'code'
 130  0000              _PrintLCD proc
 130  0000  00              local _PrintLCD_2 db 1 dup(?)	; 0,1
 130  0000  0080     E  	mov ra,a
 130  0001  0080     R  	mov _PrintLCD_2[0],a
 130  0002              #pragma debug variable 8 13 _PrintLCD_2+0 "data"
 132  0002              #line 132 "D:\IIIT\Documents\HTK_Project\Triaxial_sensor\SourceCode.c"
 132  0002  1F00     E  	clr _builtin_holtek_udivmodqi4_2[3]
 132  0003  0700     E  	mov a,ra  
 132  0004  0080     E  	mov _builtin_holtek_udivmodqi4_2[0],a
 132  0005  0F64        	mov a,100  
 132  0006  0080     E  	mov _builtin_holtek_udivmodqi4_2[1],a
 132  0007              	fcall _builtin_holtek_udivmodqi4
 132  000E  0700     E  	mov a,_builtin_holtek_udivmodqi4_2[0]  
 132  000F  0080     E  	mov ra,a
 132  0010  1F00     E  	clr _builtin_holtek_udivmodqi4_2[3]
 132  0011  0700     E  	mov a,ra  
 132  0012  0080     E  	mov _builtin_holtek_udivmodqi4_2[0],a
 132  0013  0F0A        	mov a,10  
 132  0014  0080     E  	mov _builtin_holtek_udivmodqi4_2[1],a
 132  0015              	fcall _builtin_holtek_udivmodqi4
 132  001C  0700     E  	mov a,_builtin_holtek_udivmodqi4_2[2]  
 132  001D  0080     E  	mov ra,a
 132  001E  0F30        	mov a,48
 132  001F  0380     E  	addm a,ra
 132  0020  0700     E  	mov a,ra
 132  0021              	fcall _LCD_Senddata
 133  0028              #line 133 "D:\IIIT\Documents\HTK_Project\Triaxial_sensor\SourceCode.c"
 133  0028  1F00     E  	clr _builtin_holtek_udivmodqi4_2[3]
 133  0029  0700     R  	mov a,_PrintLCD_2[0]  
 133  002A  0080     E  	mov _builtin_holtek_udivmodqi4_2[0],a
 133  002B  0F0A        	mov a,10  
 133  002C  0080     E  	mov _builtin_holtek_udivmodqi4_2[1],a
 133  002D              	fcall _builtin_holtek_udivmodqi4
 133  0034  0700     E  	mov a,_builtin_holtek_udivmodqi4_2[0]  
 133  0035  0080     E  	mov ra,a
 133  0036  1F00     E  	clr _builtin_holtek_udivmodqi4_2[3]
 133  0037  0700     E  	mov a,ra  
 133  0038  0080     E  	mov _builtin_holtek_udivmodqi4_2[0],a
 133  0039  0F0A        	mov a,10  
 133  003A  0080     E  	mov _builtin_holtek_udivmodqi4_2[1],a
 133  003B              	fcall _builtin_holtek_udivmodqi4
 133  0042  0700     E  	mov a,_builtin_holtek_udivmodqi4_2[2]  
 133  0043  0080     E  	mov ra,a
 133  0044  0F30        	mov a,48
 133  0045  0380     E  	addm a,ra
 133  0046  0700     E  	mov a,ra
 133  0047              	fcall _LCD_Senddata
"File: SourceCode.c  Assembler  Version HGASM0202      Page 12

 134  004E              #line 134 "D:\IIIT\Documents\HTK_Project\Triaxial_sensor\SourceCode.c"
 134  004E  1F00     E  	clr _builtin_holtek_udivmodqi4_2[3]
 134  004F  0700     R  	mov a,_PrintLCD_2[0]  
 134  0050  0080     E  	mov _builtin_holtek_udivmodqi4_2[0],a
 134  0051  0F0A        	mov a,10  
 134  0052  0080     E  	mov _builtin_holtek_udivmodqi4_2[1],a
 134  0053              	fcall _builtin_holtek_udivmodqi4
 134  005A  0700     E  	mov a,_builtin_holtek_udivmodqi4_2[2]  
 134  005B  0080     E  	mov ra,a
 134  005C  0F30        	mov a,48
 134  005D  0380     E  	addm a,ra
 134  005E  0700     E  	mov a,ra
 134  005F              	fcall _LCD_Senddata
 134  0066  0003        	ret
 134  0067              _PrintLCD endp
 134  0067              #line 134 "D:\IIIT\Documents\HTK_Project\Triaxial_sensor\SourceCode.c"
 134  0067              #pragma debug scope 1 1
 134  0067              public _main
 134  0067              #pragma debug scope 14 1
  42  0067              #line 42 "D:\IIIT\Documents\HTK_Project\Triaxial_sensor\SourceCode.c"
  42  0067              IFDEF WITH_DEFAULT_STARTUP
  42  0067              extern _main_initial0:near
  42  0067              extern _main_startup:near
  42  0067              ENDIF
  42  0067              
  42  0067              ROMBANK 0 @start
  42  0000              @start .section com_l 'code'
  42  0000              _main_startup1:
  42  0000              @start .section com_e 'code'
  42  0000  0F00     R  	mov a,bank _main
  42  0001  008B        	mov bp,a
  42  0002  2800     R  	jmp _main
  42  0003              
  42  0000              _main .section 'code'
  42  0000              _main proc
  43  0000              #line 43 "D:\IIIT\Documents\HTK_Project\Triaxial_sensor\SourceCode.c"
  43  0000              	fcall _PinSet
  44  0007              #line 44 "D:\IIIT\Documents\HTK_Project\Triaxial_sensor\SourceCode.c"
  44  0007  0F02        	mov a,2
  44  0008              	fcall _delay_ms
  47  000F              #line 47 "D:\IIIT\Documents\HTK_Project\Triaxial_sensor\SourceCode.c"
  47  000F              	fcall _LCD_Reset
  48  0016              #line 48 "D:\IIIT\Documents\HTK_Project\Triaxial_sensor\SourceCode.c"
  48  0016  0FFA        	mov a,250
  48  0017              	fcall _delay_ms
  49  001E              #line 49 "D:\IIIT\Documents\HTK_Project\Triaxial_sensor\SourceCode.c"
  49  001E  0FC0        	mov a,192
  49  001F              	fcall _LCD_Cmd
  50  0026              #line 50 "D:\IIIT\Documents\HTK_Project\Triaxial_sensor\SourceCode.c"
  50  0026  0FFA        	mov a,250
  50  0027              	fcall _delay_ms
  50  002E              _L30:
  55  002E              #line 55 "D:\IIIT\Documents\HTK_Project\Triaxial_sensor\SourceCode.c"
  55  002E  0F2C        	mov a,44
  55  002F              	fcall _ADXL345_SPI_Read
  55  0036  0080     E  	mov ra,a
  55  0037  0700     E  	mov a,ra
  55  0038  0080     R  	mov _datax[0],a
  56  0039              #line 56 "D:\IIIT\Documents\HTK_Project\Triaxial_sensor\SourceCode.c"
  56  0039  0F80        	mov a,128
"File: SourceCode.c  Assembler  Version HGASM0202      Page 13

  56  003A              	fcall _LCD_Cmd
  57  0041              #line 57 "D:\IIIT\Documents\HTK_Project\Triaxial_sensor\SourceCode.c"
  57  0041  0700     R  	mov a,_datax[0]
  57  0042  0080     E  	mov ra,a
  57  0043  0700     E  	mov a,ra
  57  0044              	fcall _PrintLCD
  59  004B              #line 59 "D:\IIIT\Documents\HTK_Project\Triaxial_sensor\SourceCode.c"
  59  004B  0FA8        	mov a,168
  59  004C  00BE        	mov [62],a
  59  004D  2800     R  	jmp _L30
  59  004E  2800     R  	jmp $
  59  004F              _main endp
  59  004F              
  59  004F              @dummy endp
  59  004F              
  59  004F              #line 59 "D:\IIIT\Documents\HTK_Project\Triaxial_sensor\SourceCode.c"
  59  004F              #pragma debug scope 1 1
  39  004F              #line 39 "D:\IIIT\Documents\HTK_Project\Triaxial_sensor\SourceCode.c"
  39  004F              public _datax
  39  0000              @HCCINIT0_datax .section 'data'
  39  0000              _datax	db 0
  39  0001              #pragma debug variable 8 1 _datax "datax"
  39  0001              
  39  0000              @HCCINIT .section 'data'
  39  0000              #pragma debug struct_end
  39  0000              #pragma debug struct_end
  39  0000              #pragma debug union_end
  39  0000              #pragma debug union_end
  39  0000              #pragma debug variable 43 1 ___papu "__papu" 1
  39  0000              #pragma debug struct_end
  39  0000              #pragma debug struct_end
  39  0000              #pragma debug union_end
  39  0000              #pragma debug union_end
  39  0000              #pragma debug variable 45 1 ___pa "__pa" 1
  39  0000              #pragma debug struct_end
  39  0000              #pragma debug struct_end
  39  0000              #pragma debug union_end
  39  0000              #pragma debug union_end
  39  0000              #pragma debug variable 47 1 ___pac "__pac" 1
  39  0000              #pragma debug struct_end
  39  0000              #pragma debug struct_end
  39  0000              #pragma debug union_end
  39  0000              #pragma debug union_end
  39  0000              #pragma debug variable 49 1 ___pbpu "__pbpu" 1
  39  0000              #pragma debug struct_end
  39  0000              #pragma debug struct_end
  39  0000              #pragma debug union_end
  39  0000              #pragma debug union_end
  39  0000              #pragma debug variable 51 1 ___pb "__pb" 1
  39  0000              #pragma debug struct_end
  39  0000              #pragma debug struct_end
  39  0000              #pragma debug union_end
  39  0000              #pragma debug union_end
  39  0000              #pragma debug variable 53 1 ___pbc "__pbc" 1
  39  0000              #pragma debug struct_end
  39  0000              #pragma debug struct_end
  39  0000              #pragma debug union_end
  39  0000              #pragma debug union_end
  39  0000              #pragma debug variable 55 1 ___pg "__pg" 1
  39  0000              #pragma debug struct_end
"File: SourceCode.c  Assembler  Version HGASM0202      Page 14

  39  0000              #pragma debug struct_end
  39  0000              #pragma debug union_end
  39  0000              #pragma debug union_end
  39  0000              #pragma debug variable 57 1 ___pgc "__pgc" 1
  39  0000              #pragma debug struct_end
  39  0000              #pragma debug struct_end
  39  0000              #pragma debug union_end
  39  0000              #pragma debug union_end
  39  0000              #pragma debug variable 59 1 ___ph "__ph" 1
  39  0000              #pragma debug struct_end
  39  0000              #pragma debug struct_end
  39  0000              #pragma debug union_end
  39  0000              #pragma debug union_end
  39  0000              #pragma debug variable 61 1 ___phc "__phc" 1
  39  0000              #pragma debug struct_end
  39  0000              #pragma debug struct_end
  39  0000              #pragma debug union_end
  39  0000              #pragma debug union_end
  39  0000              #pragma debug variable 63 1 ___wdtc "__wdtc" 1
  39  0000              #pragma debug struct_end
  39  0000              #pragma debug struct_end
  39  0000              #pragma debug union_end
  39  0000              #pragma debug union_end
  39  0000              #pragma debug variable 65 1 ___cp0c "__cp0c" 1
  39  0000              #pragma debug struct_end
  39  0000              #pragma debug struct_end
  39  0000              #pragma debug union_end
  39  0000              #pragma debug union_end
  39  0000              #pragma debug variable 67 1 ___cp1c "__cp1c" 1
  39  0000              #pragma debug struct_end
  39  0000              #pragma debug struct_end
  39  0000              #pragma debug union_end
  39  0000              #pragma debug union_end
  39  0000              #pragma debug variable 69 1 ___adcr0 "__adcr0" 1
  39  0000              #pragma debug struct_end
  39  0000              #pragma debug struct_end
  39  0000              #pragma debug union_end
  39  0000              #pragma debug union_end
  39  0000              #pragma debug variable 71 1 ___simc0 "__simc0" 1
  39  0000              #pragma debug variable 8 1 ___simd "__simd" 1
  39  0000              #pragma debug struct_end
  39  0000              #pragma debug struct_end
  39  0000              #pragma debug union_end
  39  0000              #pragma debug union_end
  39  0000              #pragma debug variable 73 1 ___simc2 "__simc2" 1
  39  0000              #pragma debug struct_end
  39  0000              #pragma debug struct_end
  39  0000              #pragma debug union_end
  39  0000              #pragma debug union_end
  39  0000              #pragma debug variable 75 1 ___scomc "__scomc" 1
  39  0000              #pragma debug struct_end
  39  0000              #pragma debug struct_end
  39  0000              #pragma debug union_end
  39  0000              #pragma debug union_end
  39  0000              #pragma debug variable 77 1 ___ifs4 "__ifs4" 1
  39  0000              #pragma debug struct_end
  39  0000              #pragma debug struct_end
  39  0000              #pragma debug union_end
  39  0000              #pragma debug union_end
  39  0000              #pragma debug variable 79 1 ___pas2 "__pas2" 1
"File: SourceCode.c  Assembler  Version HGASM0202      Page 15

  39  0000              #pragma debug struct_end
  39  0000              #pragma debug struct_end
  39  0000              #pragma debug union_end
  39  0000              #pragma debug union_end
  39  0000              #pragma debug variable 81 1 ___pas3 "__pas3" 1
  39  0000              #pragma debug struct_end
  39  0000              #pragma debug struct_end
  39  0000              #pragma debug union_end
  39  0000              #pragma debug union_end
  39  0000              #pragma debug variable 83 1 ___pbs2 "__pbs2" 1
  39  0000              IFDEF ISR_SYSTEM_STACK_BEFORE_2014_12_23
  39  0000              ELSE
  39  0000              ENDIF
  42  0000              #line 42 "D:\IIIT\Documents\HTK_Project\Triaxial_sensor\SourceCode.c"
  42  0000              @code .section at 0 'code'
  42  0000  1F0B        	clr bp
  42  0001  2800     R  	jmp _main_startup1
  42  0002              
  42  0002              extern _builtin_holtek_udivmodqi4_2:byte
  42  0002              extern _builtin_holtek_udivmodqi4:near
  42  0002              
  42  0002              ; 
  42  0002              ; Generated by holtek-gcc v3.13, Fri Jul 20 19:50:44 2018
  42  0002              ; Rebuild 26
  42  0002              ; end of file


        0 Errors, 0