"File: TM.c          Assembler  Version HGASM0202      Page 1


   1  0000              ; Generated by holtek-gcc v3.18, Wed Oct 31 19:08:40 2018
   2  0000              ; 
   3  0000              ; Configuration:
   4  0000              ;       with long instruction
   5  0000              ;       Multi-ROM, Multi-RAM
   6  0000              ;       bits_per_rom_unit:16
   7  0000              ;       with mp1
   8  0000              ;       with tbhp, address(0x9)
   9  0000              ;          Use tabrd-const
  10  0000              ;       
  11  0000              ; SFR address of long-instruction arch:
  12  0000              ;    mp0 = -1,1,0
  13  0000              ;    mp1 = 4,3,2
  14  0000              ;    mp2 = 14,13,12
  15  0000              ;    tbp = 9,7,8
  16  0000              ;    acc = 5
  17  0000              ;    pcl = 6
  18  0000              ;    status = 10
  19  0000              ;    bp = 11
  20  0000              ;    intc = 48
  21  0000              ;       
  22  0000              ;       
  23  0000              ; use 'tabrdc' instead of 'tabrd'
  24  0000              ;       
  25  0000              
  26  0000              #pragma translator "holtek-gcc 4.6.4" "3.18" "build 20130711"
  27  0000              ; Rebuild 521
  28  0000              
  29  0000              ir equ [2]
  30  0000              mp equ [3]
  31  0000              sbp equ [4]
  32  0000              acc equ [5]
  33  0000              bp equ [11]
  34  0000              tblp equ [7]
  35  0000              tbhp equ [9]
  36  0000              status equ [10]
  37  0000              c equ [10].0
  38  0000              ac equ [10].1
  39  0000              z equ [10].2
  40  0000              ov equ [10].3
  41  0000              cz equ [10].6
  42  0000              sc equ [10].7
  43  0000              intc equ [48]
  44  0000              
  45  0000              extern ra:byte
  46  0000              extern rb:byte
  47  0000              extern rc:byte
  48  0000              extern rd:byte
  49  0000              extern re:byte
  50  0000              extern rf:byte
  51  0000              extern rg:byte
  52  0000              extern rh:byte
  53  0000              extern _Crom2Prom:near
  54  0000              extern _Crom2PromNext:near
  55  0000              
  56  0000              RAMBANK 0 @BITDATASEC, @BITDATASEC1
  57  0000              @HCCINIT	.section 'data'
  58  0000              @HCCINIT0	.section 'data'
  59  0000              @BITDATASEC	 .section 'data'
"File: TM.ASM        Assembler  Version HGASM0202      Page 2

  60  0000              @BITDATASEC1	 .section 'data'
  61  0000              
  62  0000              #pragma debug scope 1 1
  63  0000              	extern __DELAY3:near
  64  0000              	extern __DELAYX3:near
  65  0000              	extern __DELAYX6:near
  66  0000              	extern __DELAYY5:near
  67  0000              	extern __DELAYY3:near
  68  0000              	extern _builtin_holtek_delay_2:byte
  69  0000              ___pcc equ [27]
  70  0000              ___pcpu equ [25]
  71  0000              ___tm0c0 equ [94]
  72  0000              ___tm0c1 equ [95]
  73  0000              ___tm0al equ [98]
  74  0000              ___tm0ah equ [99]
  75  0000              ___mfi0 equ [52]
  76  0000              ___intc0 equ [48]
  77  0000              ___intc1 equ [49]
  78  0000              public _TM0_INIT
  79  0000              #pragma debug scope 2 1

   6  0000              #line 6 "C:\Users\IIIT\Documents\HTK_Project\Bluetooth\TM.c"
   6  0000              _TM0_INIT .section 'code'
   6  0000              _TM0_INIT proc
   8  0000              #line 8 "C:\Users\IIIT\Documents\HTK_Project\Bluetooth\TM.c"
   8  0000  351B        	clr [27].2
   9  0001              #line 9 "C:\Users\IIIT\Documents\HTK_Project\Bluetooth\TM.c"
   9  0001  319B        	set [27].3
  10  0002              #line 10 "C:\Users\IIIT\Documents\HTK_Project\Bluetooth\TM.c"
  10  0002  3199        	set [25].3
  11  0003              #line 11 "C:\Users\IIIT\Documents\HTK_Project\Bluetooth\TM.c"
  11  0003  3119        	set [25].2
  13  0004              #line 13 "C:\Users\IIIT\Documents\HTK_Project\Bluetooth\TM.c"
  13  0004  0F10        	mov a,16
  13  0005  00DE        	mov [94],a
  14  0006              #line 14 "C:\Users\IIIT\Documents\HTK_Project\Bluetooth\TM.c"
  14  0006  0FC1        	mov a,193
  14  0007  00DF        	mov [95],a
  15  0008              #line 15 "C:\Users\IIIT\Documents\HTK_Project\Bluetooth\TM.c"
  15  0008  0F41        	mov a,65
  15  0009  00E2        	mov [98],a
  16  000A              #line 16 "C:\Users\IIIT\Documents\HTK_Project\Bluetooth\TM.c"
  16  000A  0F03        	mov a,3
  16  000B  00E3        	mov [99],a
  19  000C              #line 19 "C:\Users\IIIT\Documents\HTK_Project\Bluetooth\TM.c"
  19  000C  30B4        	set [52].1
  20  000D              #line 20 "C:\Users\IIIT\Documents\HTK_Project\Bluetooth\TM.c"
  20  000D  36B4        	clr [52].5
  21  000E              #line 21 "C:\Users\IIIT\Documents\HTK_Project\Bluetooth\TM.c"
  21  000E  35DE        	clr [94].3
  22  000F              #line 22 "C:\Users\IIIT\Documents\HTK_Project\Bluetooth\TM.c"
  22  000F  3030        	set [48].0
  23  0010              #line 23 "C:\Users\IIIT\Documents\HTK_Project\Bluetooth\TM.c"
  23  0010  30B1        	set [49].1
  24  0011              #line 24 "C:\Users\IIIT\Documents\HTK_Project\Bluetooth\TM.c"
  24  0011  36B1        	clr [49].5
  24  0012  0003        	ret
  24  0013              _TM0_INIT endp
  24  0013              #line 24 "C:\Users\IIIT\Documents\HTK_Project\Bluetooth\TM.c"
  24  0013              #pragma debug scope 1 1
"File: TM.c          Assembler  Version HGASM0202      Page 3

  24  0013              #pragma debug struct_end
  24  0013              #pragma debug struct_end
  24  0013              #pragma debug union_end
  24  0013              #pragma debug union_end
  24  0013              #pragma debug variable 43 1 ___pcpu "__pcpu" 1
  24  0013              #pragma debug struct_end
  24  0013              #pragma debug struct_end
  24  0013              #pragma debug union_end
  24  0013              #pragma debug union_end
  24  0013              #pragma debug variable 45 1 ___pcc "__pcc" 1
  24  0013              #pragma debug struct_end
  24  0013              #pragma debug struct_end
  24  0013              #pragma debug union_end
  24  0013              #pragma debug union_end
  24  0013              #pragma debug variable 47 1 ___intc0 "__intc0" 1
  24  0013              #pragma debug struct_end
  24  0013              #pragma debug struct_end
  24  0013              #pragma debug union_end
  24  0013              #pragma debug union_end
  24  0013              #pragma debug variable 49 1 ___intc1 "__intc1" 1
  24  0013              #pragma debug struct_end
  24  0013              #pragma debug struct_end
  24  0013              #pragma debug union_end
  24  0013              #pragma debug union_end
  24  0013              #pragma debug variable 51 1 ___mfi0 "__mfi0" 1
  24  0013              #pragma debug struct_end
  24  0013              #pragma debug struct_end
  24  0013              #pragma debug union_end
  24  0013              #pragma debug union_end
  24  0013              #pragma debug variable 53 1 ___tm0c0 "__tm0c0" 1
  24  0013              #pragma debug struct_end
  24  0013              #pragma debug struct_end
  24  0013              #pragma debug union_end
  24  0013              #pragma debug union_end
  24  0013              #pragma debug variable 55 1 ___tm0c1 "__tm0c1" 1
  24  0013              #pragma debug variable 8 1 ___tm0al "__tm0al" 1
  24  0013              #pragma debug variable 8 1 ___tm0ah "__tm0ah" 1
  24  0013              
  24  0013              ; 
  24  0013              ; Generated by holtek-gcc v3.18, Wed Oct 31 19:08:40 2018
  24  0013              ; Rebuild 521
  24  0013              ; end of file


        0 Errors, 0